timeout 45s g++ -fopenmp fmaxf_float_float_float.cpp -o fmaxf_float_float_float.exe
unresolved symbol fmaxf
collect2: error: ld returned 1 exit status
mkoffload: fatal error: x86_64-pc-linux-gnu-accel-nvptx-none-gcc returned 1 exit status
compilation terminated.
lto-wrapper: fatal error: /soft/packaging/spack-builds/linux-rhel7-x86_64/gcc-9.3.0/gcc-develop-42htf6epvpvtyxml575eslwb5u23pj2y/libexec/gcc/x86_64-pc-linux-gnu/10.0.0//accel/nvptx-none/mkoffload returned 1 exit status
compilation terminated.
/usr/bin/ld: error: lto-wrapper failed
collect2: error: ld returned 1 exit status
make: [fmaxf_float_float_float.exe] Error 1 (ignored)
timeout 45s g++ -fopenmp ceil_float_float.cpp -o ceil_float_float.exe
ptxas /tmp/ccvRVCub.o, line 88; error   : Label expected for argument 0 of instruction 'call'
ptxas /tmp/ccvRVCub.o, line 88; fatal   : Call target not recognized
ptxas fatal   : Ptx assembly aborted due to errors
nvptx-as: ptxas returned 255 exit status
mkoffload: fatal error: x86_64-pc-linux-gnu-accel-nvptx-none-gcc returned 1 exit status
compilation terminated.
lto-wrapper: fatal error: /soft/packaging/spack-builds/linux-rhel7-x86_64/gcc-9.3.0/gcc-develop-42htf6epvpvtyxml575eslwb5u23pj2y/libexec/gcc/x86_64-pc-linux-gnu/10.0.0//accel/nvptx-none/mkoffload returned 1 exit status
compilation terminated.
/usr/bin/ld: error: lto-wrapper failed
collect2: error: ld returned 1 exit status
make: [ceil_float_float.exe] Error 1 (ignored)
timeout 45s g++ -fopenmp tgammaf_float_float.cpp -o tgammaf_float_float.exe
unresolved symbol tgammaf
collect2: error: ld returned 1 exit status
mkoffload: fatal error: x86_64-pc-linux-gnu-accel-nvptx-none-gcc returned 1 exit status
compilation terminated.
lto-wrapper: fatal error: /soft/packaging/spack-builds/linux-rhel7-x86_64/gcc-9.3.0/gcc-develop-42htf6epvpvtyxml575eslwb5u23pj2y/libexec/gcc/x86_64-pc-linux-gnu/10.0.0//accel/nvptx-none/mkoffload returned 1 exit status
compilation terminated.
/usr/bin/ld: error: lto-wrapper failed
collect2: error: ld returned 1 exit status
make: [tgammaf_float_float.exe] Error 1 (ignored)
timeout 45s g++ -fopenmp isfinite_double_bool.cpp -o isfinite_double_bool.exe
ptxas /tmp/ccoYBgXr.o, line 90; error   : Label expected for argument 0 of instruction 'call'
ptxas /tmp/ccoYBgXr.o, line 90; fatal   : Call target not recognized
ptxas fatal   : Ptx assembly aborted due to errors
nvptx-as: ptxas returned 255 exit status
mkoffload: fatal error: x86_64-pc-linux-gnu-accel-nvptx-none-gcc returned 1 exit status
compilation terminated.
lto-wrapper: fatal error: /soft/packaging/spack-builds/linux-rhel7-x86_64/gcc-9.3.0/gcc-develop-42htf6epvpvtyxml575eslwb5u23pj2y/libexec/gcc/x86_64-pc-linux-gnu/10.0.0//accel/nvptx-none/mkoffload returned 1 exit status
compilation terminated.
/usr/bin/ld: error: lto-wrapper failed
collect2: error: ld returned 1 exit status
make: [isfinite_double_bool.exe] Error 1 (ignored)
timeout 45s g++ -fopenmp isgreater_float_float_bool.cpp -o isgreater_float_float_bool.exe
ptxas /tmp/cc2DfkTb.o, line 101; error   : Label expected for argument 0 of instruction 'call'
ptxas /tmp/cc2DfkTb.o, line 101; fatal   : Call target not recognized
ptxas fatal   : Ptx assembly aborted due to errors
nvptx-as: ptxas returned 255 exit status
mkoffload: fatal error: x86_64-pc-linux-gnu-accel-nvptx-none-gcc returned 1 exit status
compilation terminated.
lto-wrapper: fatal error: /soft/packaging/spack-builds/linux-rhel7-x86_64/gcc-9.3.0/gcc-develop-42htf6epvpvtyxml575eslwb5u23pj2y/libexec/gcc/x86_64-pc-linux-gnu/10.0.0//accel/nvptx-none/mkoffload returned 1 exit status
compilation terminated.
/usr/bin/ld: error: lto-wrapper failed
collect2: error: ld returned 1 exit status
make: [isgreater_float_float_bool.exe] Error 1 (ignored)
timeout 45s g++ -fopenmp tgamma_double_double.cpp -o tgamma_double_double.exe
unresolved symbol tgamma
collect2: error: ld returned 1 exit status
mkoffload: fatal error: x86_64-pc-linux-gnu-accel-nvptx-none-gcc returned 1 exit status
compilation terminated.
lto-wrapper: fatal error: /soft/packaging/spack-builds/linux-rhel7-x86_64/gcc-9.3.0/gcc-develop-42htf6epvpvtyxml575eslwb5u23pj2y/libexec/gcc/x86_64-pc-linux-gnu/10.0.0//accel/nvptx-none/mkoffload returned 1 exit status
compilation terminated.
/usr/bin/ld: error: lto-wrapper failed
collect2: error: ld returned 1 exit status
make: [tgamma_double_double.exe] Error 1 (ignored)
timeout 45s g++ -fopenmp expm1_float_float.cpp -o expm1_float_float.exe
ptxas /tmp/ccgC9JpC.o, line 88; error   : Label expected for argument 0 of instruction 'call'
ptxas /tmp/ccgC9JpC.o, line 88; fatal   : Call target not recognized
ptxas fatal   : Ptx assembly aborted due to errors
nvptx-as: ptxas returned 255 exit status
mkoffload: fatal error: x86_64-pc-linux-gnu-accel-nvptx-none-gcc returned 1 exit status
compilation terminated.
lto-wrapper: fatal error: /soft/packaging/spack-builds/linux-rhel7-x86_64/gcc-9.3.0/gcc-develop-42htf6epvpvtyxml575eslwb5u23pj2y/libexec/gcc/x86_64-pc-linux-gnu/10.0.0//accel/nvptx-none/mkoffload returned 1 exit status
compilation terminated.
/usr/bin/ld: error: lto-wrapper failed
collect2: error: ld returned 1 exit status
make: [expm1_float_float.exe] Error 1 (ignored)
timeout 45s g++ -fopenmp scalbn_double_int_double.cpp -o scalbn_double_int_double.exe
timeout 45s g++ -fopenmp fdimf_float_float_float.cpp -o fdimf_float_float_float.exe
unresolved symbol fdimf
collect2: error: ld returned 1 exit status
mkoffload: fatal error: x86_64-pc-linux-gnu-accel-nvptx-none-gcc returned 1 exit status
compilation terminated.
lto-wrapper: fatal error: /soft/packaging/spack-builds/linux-rhel7-x86_64/gcc-9.3.0/gcc-develop-42htf6epvpvtyxml575eslwb5u23pj2y/libexec/gcc/x86_64-pc-linux-gnu/10.0.0//accel/nvptx-none/mkoffload returned 1 exit status
compilation terminated.
/usr/bin/ld: error: lto-wrapper failed
collect2: error: ld returned 1 exit status
make: [fdimf_float_float_float.exe] Error 1 (ignored)
timeout 45s g++ -fopenmp lround_double_long_int.cpp -o lround_double_long_int.exe
unresolved symbol lround
collect2: error: ld returned 1 exit status
mkoffload: fatal error: x86_64-pc-linux-gnu-accel-nvptx-none-gcc returned 1 exit status
compilation terminated.
lto-wrapper: fatal error: /soft/packaging/spack-builds/linux-rhel7-x86_64/gcc-9.3.0/gcc-develop-42htf6epvpvtyxml575eslwb5u23pj2y/libexec/gcc/x86_64-pc-linux-gnu/10.0.0//accel/nvptx-none/mkoffload returned 1 exit status
compilation terminated.
/usr/bin/ld: error: lto-wrapper failed
collect2: error: ld returned 1 exit status
make: [lround_double_long_int.exe] Error 1 (ignored)
timeout 45s g++ -fopenmp lrint_float_long_int.cpp -o lrint_float_long_int.exe
ptxas /tmp/cc17Ptdy.o, line 88; error   : Label expected for argument 0 of instruction 'call'
ptxas /tmp/cc17Ptdy.o, line 88; fatal   : Call target not recognized
ptxas fatal   : Ptx assembly aborted due to errors
nvptx-as: ptxas returned 255 exit status
mkoffload: fatal error: x86_64-pc-linux-gnu-accel-nvptx-none-gcc returned 1 exit status
compilation terminated.
lto-wrapper: fatal error: /soft/packaging/spack-builds/linux-rhel7-x86_64/gcc-9.3.0/gcc-develop-42htf6epvpvtyxml575eslwb5u23pj2y/libexec/gcc/x86_64-pc-linux-gnu/10.0.0//accel/nvptx-none/mkoffload returned 1 exit status
compilation terminated.
/usr/bin/ld: error: lto-wrapper failed
collect2: error: ld returned 1 exit status
make: [lrint_float_long_int.exe] Error 1 (ignored)
timeout 45s g++ -fopenmp sqrt_double_double.cpp -o sqrt_double_double.exe
unresolved symbol sqrt
collect2: error: ld returned 1 exit status
mkoffload: fatal error: x86_64-pc-linux-gnu-accel-nvptx-none-gcc returned 1 exit status
compilation terminated.
lto-wrapper: fatal error: /soft/packaging/spack-builds/linux-rhel7-x86_64/gcc-9.3.0/gcc-develop-42htf6epvpvtyxml575eslwb5u23pj2y/libexec/gcc/x86_64-pc-linux-gnu/10.0.0//accel/nvptx-none/mkoffload returned 1 exit status
compilation terminated.
/usr/bin/ld: error: lto-wrapper failed
collect2: error: ld returned 1 exit status
make: [sqrt_double_double.exe] Error 1 (ignored)
timeout 45s g++ -fopenmp exp_double_double.cpp -o exp_double_double.exe
unresolved symbol exp
collect2: error: ld returned 1 exit status
mkoffload: fatal error: x86_64-pc-linux-gnu-accel-nvptx-none-gcc returned 1 exit status
compilation terminated.
lto-wrapper: fatal error: /soft/packaging/spack-builds/linux-rhel7-x86_64/gcc-9.3.0/gcc-develop-42htf6epvpvtyxml575eslwb5u23pj2y/libexec/gcc/x86_64-pc-linux-gnu/10.0.0//accel/nvptx-none/mkoffload returned 1 exit status
compilation terminated.
/usr/bin/ld: error: lto-wrapper failed
collect2: error: ld returned 1 exit status
make: [exp_double_double.exe] Error 1 (ignored)
timeout 45s g++ -fopenmp floorf_float_float.cpp -o floorf_float_float.exe
unresolved symbol floorf
collect2: error: ld returned 1 exit status
mkoffload: fatal error: x86_64-pc-linux-gnu-accel-nvptx-none-gcc returned 1 exit status
compilation terminated.
lto-wrapper: fatal error: /soft/packaging/spack-builds/linux-rhel7-x86_64/gcc-9.3.0/gcc-develop-42htf6epvpvtyxml575eslwb5u23pj2y/libexec/gcc/x86_64-pc-linux-gnu/10.0.0//accel/nvptx-none/mkoffload returned 1 exit status
compilation terminated.
/usr/bin/ld: error: lto-wrapper failed
collect2: error: ld returned 1 exit status
make: [floorf_float_float.exe] Error 1 (ignored)
timeout 45s g++ -fopenmp frexp_double_int_double.cpp -o frexp_double_int_double.exe
timeout 45s g++ -fopenmp scalbn_float_int_float.cpp -o scalbn_float_int_float.exe
ptxas /tmp/cctNv1Qk.o, line 101; error   : Label expected for argument 0 of instruction 'call'
ptxas /tmp/cctNv1Qk.o, line 101; fatal   : Call target not recognized
ptxas fatal   : Ptx assembly aborted due to errors
nvptx-as: ptxas returned 255 exit status
mkoffload: fatal error: x86_64-pc-linux-gnu-accel-nvptx-none-gcc returned 1 exit status
compilation terminated.
lto-wrapper: fatal error: /soft/packaging/spack-builds/linux-rhel7-x86_64/gcc-9.3.0/gcc-develop-42htf6epvpvtyxml575eslwb5u23pj2y/libexec/gcc/x86_64-pc-linux-gnu/10.0.0//accel/nvptx-none/mkoffload returned 1 exit status
compilation terminated.
/usr/bin/ld: error: lto-wrapper failed
collect2: error: ld returned 1 exit status
make: [scalbn_float_int_float.exe] Error 1 (ignored)
timeout 45s g++ -fopenmp fma_float_float_float_float.cpp -o fma_float_float_float_float.exe
ptxas /tmp/cc1iGGPS.o, line 110; error   : Label expected for argument 0 of instruction 'call'
ptxas /tmp/cc1iGGPS.o, line 110; fatal   : Call target not recognized
ptxas fatal   : Ptx assembly aborted due to errors
nvptx-as: ptxas returned 255 exit status
mkoffload: fatal error: x86_64-pc-linux-gnu-accel-nvptx-none-gcc returned 1 exit status
compilation terminated.
lto-wrapper: fatal error: /soft/packaging/spack-builds/linux-rhel7-x86_64/gcc-9.3.0/gcc-develop-42htf6epvpvtyxml575eslwb5u23pj2y/libexec/gcc/x86_64-pc-linux-gnu/10.0.0//accel/nvptx-none/mkoffload returned 1 exit status
compilation terminated.
/usr/bin/ld: error: lto-wrapper failed
collect2: error: ld returned 1 exit status
make: [fma_float_float_float_float.exe] Error 1 (ignored)
timeout 45s g++ -fopenmp llrint_float_long_long_int.cpp -o llrint_float_long_long_int.exe
ptxas /tmp/ccsDDRKC.o, line 88; error   : Label expected for argument 0 of instruction 'call'
ptxas /tmp/ccsDDRKC.o, line 88; fatal   : Call target not recognized
ptxas fatal   : Ptx assembly aborted due to errors
nvptx-as: ptxas returned 255 exit status
mkoffload: fatal error: x86_64-pc-linux-gnu-accel-nvptx-none-gcc returned 1 exit status
compilation terminated.
lto-wrapper: fatal error: /soft/packaging/spack-builds/linux-rhel7-x86_64/gcc-9.3.0/gcc-develop-42htf6epvpvtyxml575eslwb5u23pj2y/libexec/gcc/x86_64-pc-linux-gnu/10.0.0//accel/nvptx-none/mkoffload returned 1 exit status
compilation terminated.
/usr/bin/ld: error: lto-wrapper failed
collect2: error: ld returned 1 exit status
make: [llrint_float_long_long_int.exe] Error 1 (ignored)
timeout 45s g++ -fopenmp cbrt_float_float.cpp -o cbrt_float_float.exe
ptxas /tmp/cceDrD2d.o, line 88; error   : Label expected for argument 0 of instruction 'call'
ptxas /tmp/cceDrD2d.o, line 88; fatal   : Call target not recognized
ptxas fatal   : Ptx assembly aborted due to errors
nvptx-as: ptxas returned 255 exit status
mkoffload: fatal error: x86_64-pc-linux-gnu-accel-nvptx-none-gcc returned 1 exit status
compilation terminated.
lto-wrapper: fatal error: /soft/packaging/spack-builds/linux-rhel7-x86_64/gcc-9.3.0/gcc-develop-42htf6epvpvtyxml575eslwb5u23pj2y/libexec/gcc/x86_64-pc-linux-gnu/10.0.0//accel/nvptx-none/mkoffload returned 1 exit status
compilation terminated.
/usr/bin/ld: error: lto-wrapper failed
collect2: error: ld returned 1 exit status
make: [cbrt_float_float.exe] Error 1 (ignored)
timeout 45s g++ -fopenmp remquof_float_float_int_float.cpp -o remquof_float_float_int_float.exe
unresolved symbol remquof
collect2: error: ld returned 1 exit status
mkoffload: fatal error: x86_64-pc-linux-gnu-accel-nvptx-none-gcc returned 1 exit status
compilation terminated.
lto-wrapper: fatal error: /soft/packaging/spack-builds/linux-rhel7-x86_64/gcc-9.3.0/gcc-develop-42htf6epvpvtyxml575eslwb5u23pj2y/libexec/gcc/x86_64-pc-linux-gnu/10.0.0//accel/nvptx-none/mkoffload returned 1 exit status
compilation terminated.
/usr/bin/ld: error: lto-wrapper failed
collect2: error: ld returned 1 exit status
make: [remquof_float_float_int_float.exe] Error 1 (ignored)
timeout 45s g++ -fopenmp frexpf_float_int_float.cpp -o frexpf_float_int_float.exe
timeout 45s g++ -fopenmp modf_double_double_double.cpp -o modf_double_double_double.exe
timeout 45s g++ -fopenmp fminf_float_float_float.cpp -o fminf_float_float_float.exe
unresolved symbol fminf
collect2: error: ld returned 1 exit status
mkoffload: fatal error: x86_64-pc-linux-gnu-accel-nvptx-none-gcc returned 1 exit status
compilation terminated.
lto-wrapper: fatal error: /soft/packaging/spack-builds/linux-rhel7-x86_64/gcc-9.3.0/gcc-develop-42htf6epvpvtyxml575eslwb5u23pj2y/libexec/gcc/x86_64-pc-linux-gnu/10.0.0//accel/nvptx-none/mkoffload returned 1 exit status
compilation terminated.
/usr/bin/ld: error: lto-wrapper failed
collect2: error: ld returned 1 exit status
make: [fminf_float_float_float.exe] Error 1 (ignored)
timeout 45s g++ -fopenmp roundf_float_float.cpp -o roundf_float_float.exe
unresolved symbol roundf
collect2: error: ld returned 1 exit status
mkoffload: fatal error: x86_64-pc-linux-gnu-accel-nvptx-none-gcc returned 1 exit status
compilation terminated.
lto-wrapper: fatal error: /soft/packaging/spack-builds/linux-rhel7-x86_64/gcc-9.3.0/gcc-develop-42htf6epvpvtyxml575eslwb5u23pj2y/libexec/gcc/x86_64-pc-linux-gnu/10.0.0//accel/nvptx-none/mkoffload returned 1 exit status
compilation terminated.
/usr/bin/ld: error: lto-wrapper failed
collect2: error: ld returned 1 exit status
make: [roundf_float_float.exe] Error 1 (ignored)
timeout 45s g++ -fopenmp remquo_double_double_int_double.cpp -o remquo_double_double_int_double.exe
unresolved symbol remquo
collect2: error: ld returned 1 exit status
mkoffload: fatal error: x86_64-pc-linux-gnu-accel-nvptx-none-gcc returned 1 exit status
compilation terminated.
lto-wrapper: fatal error: /soft/packaging/spack-builds/linux-rhel7-x86_64/gcc-9.3.0/gcc-develop-42htf6epvpvtyxml575eslwb5u23pj2y/libexec/gcc/x86_64-pc-linux-gnu/10.0.0//accel/nvptx-none/mkoffload returned 1 exit status
compilation terminated.
/usr/bin/ld: error: lto-wrapper failed
collect2: error: ld returned 1 exit status
make: [remquo_double_double_int_double.exe] Error 1 (ignored)
timeout 45s g++ -fopenmp fabs_double_double.cpp -o fabs_double_double.exe
timeout 45s g++ -fopenmp exp_float_float.cpp -o exp_float_float.exe
ptxas /tmp/cc6qL9Wp.o, line 88; error   : Label expected for argument 0 of instruction 'call'
ptxas /tmp/cc6qL9Wp.o, line 88; fatal   : Call target not recognized
ptxas fatal   : Ptx assembly aborted due to errors
nvptx-as: ptxas returned 255 exit status
mkoffload: fatal error: x86_64-pc-linux-gnu-accel-nvptx-none-gcc returned 1 exit status
compilation terminated.
lto-wrapper: fatal error: /soft/packaging/spack-builds/linux-rhel7-x86_64/gcc-9.3.0/gcc-develop-42htf6epvpvtyxml575eslwb5u23pj2y/libexec/gcc/x86_64-pc-linux-gnu/10.0.0//accel/nvptx-none/mkoffload returned 1 exit status
compilation terminated.
/usr/bin/ld: error: lto-wrapper failed
collect2: error: ld returned 1 exit status
make: [exp_float_float.exe] Error 1 (ignored)
timeout 45s g++ -fopenmp fabsf_float_float.cpp -o fabsf_float_float.exe
timeout 45s g++ -fopenmp modff_float_float_float.cpp -o modff_float_float_float.exe
timeout 45s g++ -fopenmp hypot_float_float_float.cpp -o hypot_float_float_float.exe
ptxas /tmp/ccqCqbuF.o, line 99; error   : Label expected for argument 0 of instruction 'call'
ptxas /tmp/ccqCqbuF.o, line 99; fatal   : Call target not recognized
ptxas fatal   : Ptx assembly aborted due to errors
nvptx-as: ptxas returned 255 exit status
mkoffload: fatal error: x86_64-pc-linux-gnu-accel-nvptx-none-gcc returned 1 exit status
compilation terminated.
lto-wrapper: fatal error: /soft/packaging/spack-builds/linux-rhel7-x86_64/gcc-9.3.0/gcc-develop-42htf6epvpvtyxml575eslwb5u23pj2y/libexec/gcc/x86_64-pc-linux-gnu/10.0.0//accel/nvptx-none/mkoffload returned 1 exit status
compilation terminated.
/usr/bin/ld: error: lto-wrapper failed
collect2: error: ld returned 1 exit status
make: [hypot_float_float_float.exe] Error 1 (ignored)
timeout 45s g++ -fopenmp erf_float_float.cpp -o erf_float_float.exe
ptxas /tmp/ccNMUHDs.o, line 88; error   : Label expected for argument 0 of instruction 'call'
ptxas /tmp/ccNMUHDs.o, line 88; fatal   : Call target not recognized
ptxas fatal   : Ptx assembly aborted due to errors
nvptx-as: ptxas returned 255 exit status
mkoffload: fatal error: x86_64-pc-linux-gnu-accel-nvptx-none-gcc returned 1 exit status
compilation terminated.
lto-wrapper: fatal error: /soft/packaging/spack-builds/linux-rhel7-x86_64/gcc-9.3.0/gcc-develop-42htf6epvpvtyxml575eslwb5u23pj2y/libexec/gcc/x86_64-pc-linux-gnu/10.0.0//accel/nvptx-none/mkoffload returned 1 exit status
compilation terminated.
/usr/bin/ld: error: lto-wrapper failed
collect2: error: ld returned 1 exit status
make: [erf_float_float.exe] Error 1 (ignored)
timeout 45s g++ -fopenmp fmin_double_double_double.cpp -o fmin_double_double_double.exe
unresolved symbol fmin
collect2: error: ld returned 1 exit status
mkoffload: fatal error: x86_64-pc-linux-gnu-accel-nvptx-none-gcc returned 1 exit status
compilation terminated.
lto-wrapper: fatal error: /soft/packaging/spack-builds/linux-rhel7-x86_64/gcc-9.3.0/gcc-develop-42htf6epvpvtyxml575eslwb5u23pj2y/libexec/gcc/x86_64-pc-linux-gnu/10.0.0//accel/nvptx-none/mkoffload returned 1 exit status
compilation terminated.
/usr/bin/ld: error: lto-wrapper failed
collect2: error: ld returned 1 exit status
make: [fmin_double_double_double.exe] Error 1 (ignored)
timeout 45s g++ -fopenmp sin_double_double.cpp -o sin_double_double.exe
unresolved symbol sin
collect2: error: ld returned 1 exit status
mkoffload: fatal error: x86_64-pc-linux-gnu-accel-nvptx-none-gcc returned 1 exit status
compilation terminated.
lto-wrapper: fatal error: /soft/packaging/spack-builds/linux-rhel7-x86_64/gcc-9.3.0/gcc-develop-42htf6epvpvtyxml575eslwb5u23pj2y/libexec/gcc/x86_64-pc-linux-gnu/10.0.0//accel/nvptx-none/mkoffload returned 1 exit status
compilation terminated.
/usr/bin/ld: error: lto-wrapper failed
collect2: error: ld returned 1 exit status
make: [sin_double_double.exe] Error 1 (ignored)
timeout 45s g++ -fopenmp isinf_double_bool.cpp -o isinf_double_bool.exe
timeout 45s g++ -fopenmp pow_float_float_float.cpp -o pow_float_float_float.exe
ptxas /tmp/ccLh59dl.o, line 99; error   : Label expected for argument 0 of instruction 'call'
ptxas /tmp/ccLh59dl.o, line 99; fatal   : Call target not recognized
ptxas fatal   : Ptx assembly aborted due to errors
nvptx-as: ptxas returned 255 exit status
mkoffload: fatal error: x86_64-pc-linux-gnu-accel-nvptx-none-gcc returned 1 exit status
compilation terminated.
lto-wrapper: fatal error: /soft/packaging/spack-builds/linux-rhel7-x86_64/gcc-9.3.0/gcc-develop-42htf6epvpvtyxml575eslwb5u23pj2y/libexec/gcc/x86_64-pc-linux-gnu/10.0.0//accel/nvptx-none/mkoffload returned 1 exit status
compilation terminated.
/usr/bin/ld: error: lto-wrapper failed
collect2: error: ld returned 1 exit status
make: [pow_float_float_float.exe] Error 1 (ignored)
timeout 45s g++ -fopenmp sinh_double_double.cpp -o sinh_double_double.exe
unresolved symbol sinh
collect2: error: ld returned 1 exit status
mkoffload: fatal error: x86_64-pc-linux-gnu-accel-nvptx-none-gcc returned 1 exit status
compilation terminated.
lto-wrapper: fatal error: /soft/packaging/spack-builds/linux-rhel7-x86_64/gcc-9.3.0/gcc-develop-42htf6epvpvtyxml575eslwb5u23pj2y/libexec/gcc/x86_64-pc-linux-gnu/10.0.0//accel/nvptx-none/mkoffload returned 1 exit status
compilation terminated.
/usr/bin/ld: error: lto-wrapper failed
collect2: error: ld returned 1 exit status
make: [sinh_double_double.exe] Error 1 (ignored)
timeout 45s g++ -fopenmp scalbln_float_long_int_float.cpp -o scalbln_float_long_int_float.exe
ptxas /tmp/cc7ESe6M.o, line 99; error   : Label expected for argument 0 of instruction 'call'
ptxas /tmp/cc7ESe6M.o, line 99; fatal   : Call target not recognized
ptxas fatal   : Ptx assembly aborted due to errors
nvptx-as: ptxas returned 255 exit status
mkoffload: fatal error: x86_64-pc-linux-gnu-accel-nvptx-none-gcc returned 1 exit status
compilation terminated.
lto-wrapper: fatal error: /soft/packaging/spack-builds/linux-rhel7-x86_64/gcc-9.3.0/gcc-develop-42htf6epvpvtyxml575eslwb5u23pj2y/libexec/gcc/x86_64-pc-linux-gnu/10.0.0//accel/nvptx-none/mkoffload returned 1 exit status
compilation terminated.
/usr/bin/ld: error: lto-wrapper failed
collect2: error: ld returned 1 exit status
make: [scalbln_float_long_int_float.exe] Error 1 (ignored)
timeout 45s g++ -fopenmp logbf_float_float.cpp -o logbf_float_float.exe
unresolved symbol logbf
collect2: error: ld returned 1 exit status
mkoffload: fatal error: x86_64-pc-linux-gnu-accel-nvptx-none-gcc returned 1 exit status
compilation terminated.
lto-wrapper: fatal error: /soft/packaging/spack-builds/linux-rhel7-x86_64/gcc-9.3.0/gcc-develop-42htf6epvpvtyxml575eslwb5u23pj2y/libexec/gcc/x86_64-pc-linux-gnu/10.0.0//accel/nvptx-none/mkoffload returned 1 exit status
compilation terminated.
/usr/bin/ld: error: lto-wrapper failed
collect2: error: ld returned 1 exit status
make: [logbf_float_float.exe] Error 1 (ignored)
timeout 45s g++ -fopenmp erfcf_float_float.cpp -o erfcf_float_float.exe
unresolved symbol erfcf
collect2: error: ld returned 1 exit status
mkoffload: fatal error: x86_64-pc-linux-gnu-accel-nvptx-none-gcc returned 1 exit status
compilation terminated.
lto-wrapper: fatal error: /soft/packaging/spack-builds/linux-rhel7-x86_64/gcc-9.3.0/gcc-develop-42htf6epvpvtyxml575eslwb5u23pj2y/libexec/gcc/x86_64-pc-linux-gnu/10.0.0//accel/nvptx-none/mkoffload returned 1 exit status
compilation terminated.
/usr/bin/ld: error: lto-wrapper failed
collect2: error: ld returned 1 exit status
make: [erfcf_float_float.exe] Error 1 (ignored)
timeout 45s g++ -fopenmp sin_float_float.cpp -o sin_float_float.exe
ptxas /tmp/ccGy7pwS.o, line 88; error   : Label expected for argument 0 of instruction 'call'
ptxas /tmp/ccGy7pwS.o, line 88; fatal   : Call target not recognized
ptxas fatal   : Ptx assembly aborted due to errors
nvptx-as: ptxas returned 255 exit status
mkoffload: fatal error: x86_64-pc-linux-gnu-accel-nvptx-none-gcc returned 1 exit status
compilation terminated.
lto-wrapper: fatal error: /soft/packaging/spack-builds/linux-rhel7-x86_64/gcc-9.3.0/gcc-develop-42htf6epvpvtyxml575eslwb5u23pj2y/libexec/gcc/x86_64-pc-linux-gnu/10.0.0//accel/nvptx-none/mkoffload returned 1 exit status
compilation terminated.
/usr/bin/ld: error: lto-wrapper failed
collect2: error: ld returned 1 exit status
make: [sin_float_float.exe] Error 1 (ignored)
timeout 45s g++ -fopenmp asin_double_double.cpp -o asin_double_double.exe
unresolved symbol asin
collect2: error: ld returned 1 exit status
mkoffload: fatal error: x86_64-pc-linux-gnu-accel-nvptx-none-gcc returned 1 exit status
compilation terminated.
lto-wrapper: fatal error: /soft/packaging/spack-builds/linux-rhel7-x86_64/gcc-9.3.0/gcc-develop-42htf6epvpvtyxml575eslwb5u23pj2y/libexec/gcc/x86_64-pc-linux-gnu/10.0.0//accel/nvptx-none/mkoffload returned 1 exit status
compilation terminated.
/usr/bin/ld: error: lto-wrapper failed
collect2: error: ld returned 1 exit status
make: [asin_double_double.exe] Error 1 (ignored)
timeout 45s g++ -fopenmp expf_float_float.cpp -o expf_float_float.exe
unresolved symbol expf
collect2: error: ld returned 1 exit status
mkoffload: fatal error: x86_64-pc-linux-gnu-accel-nvptx-none-gcc returned 1 exit status
compilation terminated.
lto-wrapper: fatal error: /soft/packaging/spack-builds/linux-rhel7-x86_64/gcc-9.3.0/gcc-develop-42htf6epvpvtyxml575eslwb5u23pj2y/libexec/gcc/x86_64-pc-linux-gnu/10.0.0//accel/nvptx-none/mkoffload returned 1 exit status
compilation terminated.
/usr/bin/ld: error: lto-wrapper failed
collect2: error: ld returned 1 exit status
make: [expf_float_float.exe] Error 1 (ignored)
timeout 45s g++ -fopenmp isnormal_double_bool.cpp -o isnormal_double_bool.exe
ptxas /tmp/ccXmNxp1.o, line 90; error   : Label expected for argument 0 of instruction 'call'
ptxas /tmp/ccXmNxp1.o, line 90; fatal   : Call target not recognized
ptxas fatal   : Ptx assembly aborted due to errors
nvptx-as: ptxas returned 255 exit status
mkoffload: fatal error: x86_64-pc-linux-gnu-accel-nvptx-none-gcc returned 1 exit status
compilation terminated.
lto-wrapper: fatal error: /soft/packaging/spack-builds/linux-rhel7-x86_64/gcc-9.3.0/gcc-develop-42htf6epvpvtyxml575eslwb5u23pj2y/libexec/gcc/x86_64-pc-linux-gnu/10.0.0//accel/nvptx-none/mkoffload returned 1 exit status
compilation terminated.
/usr/bin/ld: error: lto-wrapper failed
collect2: error: ld returned 1 exit status
make: [isnormal_double_bool.exe] Error 1 (ignored)
timeout 45s g++ -fopenmp cbrt_double_double.cpp -o cbrt_double_double.exe
unresolved symbol cbrt
collect2: error: ld returned 1 exit status
mkoffload: fatal error: x86_64-pc-linux-gnu-accel-nvptx-none-gcc returned 1 exit status
compilation terminated.
lto-wrapper: fatal error: /soft/packaging/spack-builds/linux-rhel7-x86_64/gcc-9.3.0/gcc-develop-42htf6epvpvtyxml575eslwb5u23pj2y/libexec/gcc/x86_64-pc-linux-gnu/10.0.0//accel/nvptx-none/mkoffload returned 1 exit status
compilation terminated.
/usr/bin/ld: error: lto-wrapper failed
collect2: error: ld returned 1 exit status
make: [cbrt_double_double.exe] Error 1 (ignored)
timeout 45s g++ -fopenmp log2_double_double.cpp -o log2_double_double.exe
unresolved symbol log2
collect2: error: ld returned 1 exit status
mkoffload: fatal error: x86_64-pc-linux-gnu-accel-nvptx-none-gcc returned 1 exit status
compilation terminated.
lto-wrapper: fatal error: /soft/packaging/spack-builds/linux-rhel7-x86_64/gcc-9.3.0/gcc-develop-42htf6epvpvtyxml575eslwb5u23pj2y/libexec/gcc/x86_64-pc-linux-gnu/10.0.0//accel/nvptx-none/mkoffload returned 1 exit status
compilation terminated.
/usr/bin/ld: error: lto-wrapper failed
collect2: error: ld returned 1 exit status
make: [log2_double_double.exe] Error 1 (ignored)
timeout 45s g++ -fopenmp log_float_float.cpp -o log_float_float.exe
ptxas /tmp/ccWWbIs6.o, line 88; error   : Label expected for argument 0 of instruction 'call'
ptxas /tmp/ccWWbIs6.o, line 88; fatal   : Call target not recognized
ptxas fatal   : Ptx assembly aborted due to errors
nvptx-as: ptxas returned 255 exit status
mkoffload: fatal error: x86_64-pc-linux-gnu-accel-nvptx-none-gcc returned 1 exit status
compilation terminated.
lto-wrapper: fatal error: /soft/packaging/spack-builds/linux-rhel7-x86_64/gcc-9.3.0/gcc-develop-42htf6epvpvtyxml575eslwb5u23pj2y/libexec/gcc/x86_64-pc-linux-gnu/10.0.0//accel/nvptx-none/mkoffload returned 1 exit status
compilation terminated.
/usr/bin/ld: error: lto-wrapper failed
collect2: error: ld returned 1 exit status
make: [log_float_float.exe] Error 1 (ignored)
timeout 45s g++ -fopenmp log1p_float_float.cpp -o log1p_float_float.exe
ptxas /tmp/ccZ2JapR.o, line 88; error   : Label expected for argument 0 of instruction 'call'
ptxas /tmp/ccZ2JapR.o, line 88; fatal   : Call target not recognized
ptxas fatal   : Ptx assembly aborted due to errors
nvptx-as: ptxas returned 255 exit status
mkoffload: fatal error: x86_64-pc-linux-gnu-accel-nvptx-none-gcc returned 1 exit status
compilation terminated.
lto-wrapper: fatal error: /soft/packaging/spack-builds/linux-rhel7-x86_64/gcc-9.3.0/gcc-develop-42htf6epvpvtyxml575eslwb5u23pj2y/libexec/gcc/x86_64-pc-linux-gnu/10.0.0//accel/nvptx-none/mkoffload returned 1 exit status
compilation terminated.
/usr/bin/ld: error: lto-wrapper failed
collect2: error: ld returned 1 exit status
make: [log1p_float_float.exe] Error 1 (ignored)
timeout 45s g++ -fopenmp llround_double_long_long_int.cpp -o llround_double_long_long_int.exe
unresolved symbol llround
collect2: error: ld returned 1 exit status
mkoffload: fatal error: x86_64-pc-linux-gnu-accel-nvptx-none-gcc returned 1 exit status
compilation terminated.
lto-wrapper: fatal error: /soft/packaging/spack-builds/linux-rhel7-x86_64/gcc-9.3.0/gcc-develop-42htf6epvpvtyxml575eslwb5u23pj2y/libexec/gcc/x86_64-pc-linux-gnu/10.0.0//accel/nvptx-none/mkoffload returned 1 exit status
compilation terminated.
/usr/bin/ld: error: lto-wrapper failed
collect2: error: ld returned 1 exit status
make: [llround_double_long_long_int.exe] Error 1 (ignored)
timeout 45s g++ -fopenmp hypotf_float_float_float.cpp -o hypotf_float_float_float.exe
unresolved symbol hypotf
collect2: error: ld returned 1 exit status
mkoffload: fatal error: x86_64-pc-linux-gnu-accel-nvptx-none-gcc returned 1 exit status
compilation terminated.
lto-wrapper: fatal error: /soft/packaging/spack-builds/linux-rhel7-x86_64/gcc-9.3.0/gcc-develop-42htf6epvpvtyxml575eslwb5u23pj2y/libexec/gcc/x86_64-pc-linux-gnu/10.0.0//accel/nvptx-none/mkoffload returned 1 exit status
compilation terminated.
/usr/bin/ld: error: lto-wrapper failed
collect2: error: ld returned 1 exit status
make: [hypotf_float_float_float.exe] Error 1 (ignored)
timeout 45s g++ -fopenmp llround_float_long_long_int.cpp -o llround_float_long_long_int.exe
ptxas /tmp/ccG0Bvv0.o, line 88; error   : Label expected for argument 0 of instruction 'call'
ptxas /tmp/ccG0Bvv0.o, line 88; fatal   : Call target not recognized
ptxas fatal   : Ptx assembly aborted due to errors
nvptx-as: ptxas returned 255 exit status
mkoffload: fatal error: x86_64-pc-linux-gnu-accel-nvptx-none-gcc returned 1 exit status
compilation terminated.
lto-wrapper: fatal error: /soft/packaging/spack-builds/linux-rhel7-x86_64/gcc-9.3.0/gcc-develop-42htf6epvpvtyxml575eslwb5u23pj2y/libexec/gcc/x86_64-pc-linux-gnu/10.0.0//accel/nvptx-none/mkoffload returned 1 exit status
compilation terminated.
/usr/bin/ld: error: lto-wrapper failed
collect2: error: ld returned 1 exit status
make: [llround_float_long_long_int.exe] Error 1 (ignored)
timeout 45s g++ -fopenmp fdim_float_float_float.cpp -o fdim_float_float_float.exe
ptxas /tmp/ccBbn7ry.o, line 99; error   : Label expected for argument 0 of instruction 'call'
ptxas /tmp/ccBbn7ry.o, line 99; fatal   : Call target not recognized
ptxas fatal   : Ptx assembly aborted due to errors
nvptx-as: ptxas returned 255 exit status
mkoffload: fatal error: x86_64-pc-linux-gnu-accel-nvptx-none-gcc returned 1 exit status
compilation terminated.
lto-wrapper: fatal error: /soft/packaging/spack-builds/linux-rhel7-x86_64/gcc-9.3.0/gcc-develop-42htf6epvpvtyxml575eslwb5u23pj2y/libexec/gcc/x86_64-pc-linux-gnu/10.0.0//accel/nvptx-none/mkoffload returned 1 exit status
compilation terminated.
/usr/bin/ld: error: lto-wrapper failed
collect2: error: ld returned 1 exit status
make: [fdim_float_float_float.exe] Error 1 (ignored)
timeout 45s g++ -fopenmp isless_double_double_bool.cpp -o isless_double_double_bool.exe
ptxas /tmp/ccDaWQoj.o, line 101; error   : Label expected for argument 0 of instruction 'call'
ptxas /tmp/ccDaWQoj.o, line 101; fatal   : Call target not recognized
ptxas fatal   : Ptx assembly aborted due to errors
nvptx-as: ptxas returned 255 exit status
mkoffload: fatal error: x86_64-pc-linux-gnu-accel-nvptx-none-gcc returned 1 exit status
compilation terminated.
lto-wrapper: fatal error: /soft/packaging/spack-builds/linux-rhel7-x86_64/gcc-9.3.0/gcc-develop-42htf6epvpvtyxml575eslwb5u23pj2y/libexec/gcc/x86_64-pc-linux-gnu/10.0.0//accel/nvptx-none/mkoffload returned 1 exit status
compilation terminated.
/usr/bin/ld: error: lto-wrapper failed
collect2: error: ld returned 1 exit status
make: [isless_double_double_bool.exe] Error 1 (ignored)
timeout 45s g++ -fopenmp asin_float_float.cpp -o asin_float_float.exe
ptxas /tmp/ccPMzZ7V.o, line 88; error   : Label expected for argument 0 of instruction 'call'
ptxas /tmp/ccPMzZ7V.o, line 88; fatal   : Call target not recognized
ptxas fatal   : Ptx assembly aborted due to errors
nvptx-as: ptxas returned 255 exit status
mkoffload: fatal error: x86_64-pc-linux-gnu-accel-nvptx-none-gcc returned 1 exit status
compilation terminated.
lto-wrapper: fatal error: /soft/packaging/spack-builds/linux-rhel7-x86_64/gcc-9.3.0/gcc-develop-42htf6epvpvtyxml575eslwb5u23pj2y/libexec/gcc/x86_64-pc-linux-gnu/10.0.0//accel/nvptx-none/mkoffload returned 1 exit status
compilation terminated.
/usr/bin/ld: error: lto-wrapper failed
collect2: error: ld returned 1 exit status
make: [asin_float_float.exe] Error 1 (ignored)
timeout 45s g++ -fopenmp log2_float_float.cpp -o log2_float_float.exe
ptxas /tmp/ccbQTMLE.o, line 88; error   : Label expected for argument 0 of instruction 'call'
ptxas /tmp/ccbQTMLE.o, line 88; fatal   : Call target not recognized
ptxas fatal   : Ptx assembly aborted due to errors
nvptx-as: ptxas returned 255 exit status
mkoffload: fatal error: x86_64-pc-linux-gnu-accel-nvptx-none-gcc returned 1 exit status
compilation terminated.
lto-wrapper: fatal error: /soft/packaging/spack-builds/linux-rhel7-x86_64/gcc-9.3.0/gcc-develop-42htf6epvpvtyxml575eslwb5u23pj2y/libexec/gcc/x86_64-pc-linux-gnu/10.0.0//accel/nvptx-none/mkoffload returned 1 exit status
compilation terminated.
/usr/bin/ld: error: lto-wrapper failed
collect2: error: ld returned 1 exit status
make: [log2_float_float.exe] Error 1 (ignored)
timeout 45s g++ -fopenmp isless_float_float_bool.cpp -o isless_float_float_bool.exe
ptxas /tmp/cclW1Rqh.o, line 101; error   : Label expected for argument 0 of instruction 'call'
ptxas /tmp/cclW1Rqh.o, line 101; fatal   : Call target not recognized
ptxas fatal   : Ptx assembly aborted due to errors
nvptx-as: ptxas returned 255 exit status
mkoffload: fatal error: x86_64-pc-linux-gnu-accel-nvptx-none-gcc returned 1 exit status
compilation terminated.
lto-wrapper: fatal error: /soft/packaging/spack-builds/linux-rhel7-x86_64/gcc-9.3.0/gcc-develop-42htf6epvpvtyxml575eslwb5u23pj2y/libexec/gcc/x86_64-pc-linux-gnu/10.0.0//accel/nvptx-none/mkoffload returned 1 exit status
compilation terminated.
/usr/bin/ld: error: lto-wrapper failed
collect2: error: ld returned 1 exit status
make: [isless_float_float_bool.exe] Error 1 (ignored)
timeout 45s g++ -fopenmp erf_double_double.cpp -o erf_double_double.exe
unresolved symbol erf
collect2: error: ld returned 1 exit status
mkoffload: fatal error: x86_64-pc-linux-gnu-accel-nvptx-none-gcc returned 1 exit status
compilation terminated.
lto-wrapper: fatal error: /soft/packaging/spack-builds/linux-rhel7-x86_64/gcc-9.3.0/gcc-develop-42htf6epvpvtyxml575eslwb5u23pj2y/libexec/gcc/x86_64-pc-linux-gnu/10.0.0//accel/nvptx-none/mkoffload returned 1 exit status
compilation terminated.
/usr/bin/ld: error: lto-wrapper failed
collect2: error: ld returned 1 exit status
make: [erf_double_double.exe] Error 1 (ignored)
timeout 45s g++ -fopenmp atan_float_float.cpp -o atan_float_float.exe
ptxas /tmp/cczLZzVI.o, line 88; error   : Label expected for argument 0 of instruction 'call'
ptxas /tmp/cczLZzVI.o, line 88; fatal   : Call target not recognized
ptxas fatal   : Ptx assembly aborted due to errors
nvptx-as: ptxas returned 255 exit status
mkoffload: fatal error: x86_64-pc-linux-gnu-accel-nvptx-none-gcc returned 1 exit status
compilation terminated.
lto-wrapper: fatal error: /soft/packaging/spack-builds/linux-rhel7-x86_64/gcc-9.3.0/gcc-develop-42htf6epvpvtyxml575eslwb5u23pj2y/libexec/gcc/x86_64-pc-linux-gnu/10.0.0//accel/nvptx-none/mkoffload returned 1 exit status
compilation terminated.
/usr/bin/ld: error: lto-wrapper failed
collect2: error: ld returned 1 exit status
make: [atan_float_float.exe] Error 1 (ignored)
timeout 45s g++ -fopenmp sqrt_float_float.cpp -o sqrt_float_float.exe
ptxas /tmp/ccxUtWVg.o, line 88; error   : Label expected for argument 0 of instruction 'call'
ptxas /tmp/ccxUtWVg.o, line 88; fatal   : Call target not recognized
ptxas fatal   : Ptx assembly aborted due to errors
nvptx-as: ptxas returned 255 exit status
mkoffload: fatal error: x86_64-pc-linux-gnu-accel-nvptx-none-gcc returned 1 exit status
compilation terminated.
lto-wrapper: fatal error: /soft/packaging/spack-builds/linux-rhel7-x86_64/gcc-9.3.0/gcc-develop-42htf6epvpvtyxml575eslwb5u23pj2y/libexec/gcc/x86_64-pc-linux-gnu/10.0.0//accel/nvptx-none/mkoffload returned 1 exit status
compilation terminated.
/usr/bin/ld: error: lto-wrapper failed
collect2: error: ld returned 1 exit status
make: [sqrt_float_float.exe] Error 1 (ignored)
timeout 45s g++ -fopenmp abs_int_int.cpp -o abs_int_int.exe
timeout 45s g++ -fopenmp tan_double_double.cpp -o tan_double_double.exe
unresolved symbol tan
collect2: error: ld returned 1 exit status
mkoffload: fatal error: x86_64-pc-linux-gnu-accel-nvptx-none-gcc returned 1 exit status
compilation terminated.
lto-wrapper: fatal error: /soft/packaging/spack-builds/linux-rhel7-x86_64/gcc-9.3.0/gcc-develop-42htf6epvpvtyxml575eslwb5u23pj2y/libexec/gcc/x86_64-pc-linux-gnu/10.0.0//accel/nvptx-none/mkoffload returned 1 exit status
compilation terminated.
/usr/bin/ld: error: lto-wrapper failed
collect2: error: ld returned 1 exit status
make: [tan_double_double.exe] Error 1 (ignored)
timeout 45s g++ -fopenmp sinf_float_float.cpp -o sinf_float_float.exe
unresolved symbol sinf
collect2: error: ld returned 1 exit status
mkoffload: fatal error: x86_64-pc-linux-gnu-accel-nvptx-none-gcc returned 1 exit status
compilation terminated.
lto-wrapper: fatal error: /soft/packaging/spack-builds/linux-rhel7-x86_64/gcc-9.3.0/gcc-develop-42htf6epvpvtyxml575eslwb5u23pj2y/libexec/gcc/x86_64-pc-linux-gnu/10.0.0//accel/nvptx-none/mkoffload returned 1 exit status
compilation terminated.
/usr/bin/ld: error: lto-wrapper failed
collect2: error: ld returned 1 exit status
make: [sinf_float_float.exe] Error 1 (ignored)
timeout 45s g++ -fopenmp isnan_float_bool.cpp -o isnan_float_bool.exe
ptxas /tmp/ccbsJhrm.o, line 90; error   : Label expected for argument 0 of instruction 'call'
ptxas /tmp/ccbsJhrm.o, line 90; fatal   : Call target not recognized
ptxas fatal   : Ptx assembly aborted due to errors
nvptx-as: ptxas returned 255 exit status
mkoffload: fatal error: x86_64-pc-linux-gnu-accel-nvptx-none-gcc returned 1 exit status
compilation terminated.
lto-wrapper: fatal error: /soft/packaging/spack-builds/linux-rhel7-x86_64/gcc-9.3.0/gcc-develop-42htf6epvpvtyxml575eslwb5u23pj2y/libexec/gcc/x86_64-pc-linux-gnu/10.0.0//accel/nvptx-none/mkoffload returned 1 exit status
compilation terminated.
/usr/bin/ld: error: lto-wrapper failed
collect2: error: ld returned 1 exit status
make: [isnan_float_bool.exe] Error 1 (ignored)
timeout 45s g++ -fopenmp islessequal_float_float_bool.cpp -o islessequal_float_float_bool.exe
ptxas /tmp/ccXYgGQX.o, line 101; error   : Label expected for argument 0 of instruction 'call'
ptxas /tmp/ccXYgGQX.o, line 101; fatal   : Call target not recognized
ptxas fatal   : Ptx assembly aborted due to errors
nvptx-as: ptxas returned 255 exit status
mkoffload: fatal error: x86_64-pc-linux-gnu-accel-nvptx-none-gcc returned 1 exit status
compilation terminated.
lto-wrapper: fatal error: /soft/packaging/spack-builds/linux-rhel7-x86_64/gcc-9.3.0/gcc-develop-42htf6epvpvtyxml575eslwb5u23pj2y/libexec/gcc/x86_64-pc-linux-gnu/10.0.0//accel/nvptx-none/mkoffload returned 1 exit status
compilation terminated.
/usr/bin/ld: error: lto-wrapper failed
collect2: error: ld returned 1 exit status
make: [islessequal_float_float_bool.exe] Error 1 (ignored)
timeout 45s g++ -fopenmp coshf_float_float.cpp -o coshf_float_float.exe
unresolved symbol coshf
collect2: error: ld returned 1 exit status
mkoffload: fatal error: x86_64-pc-linux-gnu-accel-nvptx-none-gcc returned 1 exit status
compilation terminated.
lto-wrapper: fatal error: /soft/packaging/spack-builds/linux-rhel7-x86_64/gcc-9.3.0/gcc-develop-42htf6epvpvtyxml575eslwb5u23pj2y/libexec/gcc/x86_64-pc-linux-gnu/10.0.0//accel/nvptx-none/mkoffload returned 1 exit status
compilation terminated.
/usr/bin/ld: error: lto-wrapper failed
collect2: error: ld returned 1 exit status
make: [coshf_float_float.exe] Error 1 (ignored)
timeout 45s g++ -fopenmp ceilf_float_float.cpp -o ceilf_float_float.exe
unresolved symbol ceilf
collect2: error: ld returned 1 exit status
mkoffload: fatal error: x86_64-pc-linux-gnu-accel-nvptx-none-gcc returned 1 exit status
compilation terminated.
lto-wrapper: fatal error: /soft/packaging/spack-builds/linux-rhel7-x86_64/gcc-9.3.0/gcc-develop-42htf6epvpvtyxml575eslwb5u23pj2y/libexec/gcc/x86_64-pc-linux-gnu/10.0.0//accel/nvptx-none/mkoffload returned 1 exit status
compilation terminated.
/usr/bin/ld: error: lto-wrapper failed
collect2: error: ld returned 1 exit status
make: [ceilf_float_float.exe] Error 1 (ignored)
timeout 45s g++ -fopenmp tan_float_float.cpp -o tan_float_float.exe
ptxas /tmp/ccvGCLDe.o, line 88; error   : Label expected for argument 0 of instruction 'call'
ptxas /tmp/ccvGCLDe.o, line 88; fatal   : Call target not recognized
ptxas fatal   : Ptx assembly aborted due to errors
nvptx-as: ptxas returned 255 exit status
mkoffload: fatal error: x86_64-pc-linux-gnu-accel-nvptx-none-gcc returned 1 exit status
compilation terminated.
lto-wrapper: fatal error: /soft/packaging/spack-builds/linux-rhel7-x86_64/gcc-9.3.0/gcc-develop-42htf6epvpvtyxml575eslwb5u23pj2y/libexec/gcc/x86_64-pc-linux-gnu/10.0.0//accel/nvptx-none/mkoffload returned 1 exit status
compilation terminated.
/usr/bin/ld: error: lto-wrapper failed
collect2: error: ld returned 1 exit status
make: [tan_float_float.exe] Error 1 (ignored)
timeout 45s g++ -fopenmp copysignf_float_float_float.cpp -o copysignf_float_float_float.exe
timeout 45s g++ -fopenmp trunc_double_double.cpp -o trunc_double_double.exe
unresolved symbol trunc
collect2: error: ld returned 1 exit status
mkoffload: fatal error: x86_64-pc-linux-gnu-accel-nvptx-none-gcc returned 1 exit status
compilation terminated.
lto-wrapper: fatal error: /soft/packaging/spack-builds/linux-rhel7-x86_64/gcc-9.3.0/gcc-develop-42htf6epvpvtyxml575eslwb5u23pj2y/libexec/gcc/x86_64-pc-linux-gnu/10.0.0//accel/nvptx-none/mkoffload returned 1 exit status
compilation terminated.
/usr/bin/ld: error: lto-wrapper failed
collect2: error: ld returned 1 exit status
make: [trunc_double_double.exe] Error 1 (ignored)
timeout 45s g++ -fopenmp rint_float_float.cpp -o rint_float_float.exe
ptxas /tmp/cck5eSGp.o, line 88; error   : Label expected for argument 0 of instruction 'call'
ptxas /tmp/cck5eSGp.o, line 88; fatal   : Call target not recognized
ptxas fatal   : Ptx assembly aborted due to errors
nvptx-as: ptxas returned 255 exit status
mkoffload: fatal error: x86_64-pc-linux-gnu-accel-nvptx-none-gcc returned 1 exit status
compilation terminated.
lto-wrapper: fatal error: /soft/packaging/spack-builds/linux-rhel7-x86_64/gcc-9.3.0/gcc-develop-42htf6epvpvtyxml575eslwb5u23pj2y/libexec/gcc/x86_64-pc-linux-gnu/10.0.0//accel/nvptx-none/mkoffload returned 1 exit status
compilation terminated.
/usr/bin/ld: error: lto-wrapper failed
collect2: error: ld returned 1 exit status
make: [rint_float_float.exe] Error 1 (ignored)
timeout 45s g++ -fopenmp fmod_double_double_double.cpp -o fmod_double_double_double.exe
unresolved symbol fmod
collect2: error: ld returned 1 exit status
mkoffload: fatal error: x86_64-pc-linux-gnu-accel-nvptx-none-gcc returned 1 exit status
compilation terminated.
lto-wrapper: fatal error: /soft/packaging/spack-builds/linux-rhel7-x86_64/gcc-9.3.0/gcc-develop-42htf6epvpvtyxml575eslwb5u23pj2y/libexec/gcc/x86_64-pc-linux-gnu/10.0.0//accel/nvptx-none/mkoffload returned 1 exit status
compilation terminated.
/usr/bin/ld: error: lto-wrapper failed
collect2: error: ld returned 1 exit status
make: [fmod_double_double_double.exe] Error 1 (ignored)
timeout 45s g++ -fopenmp logb_float_float.cpp -o logb_float_float.exe
ptxas /tmp/cczj2N8I.o, line 88; error   : Label expected for argument 0 of instruction 'call'
ptxas /tmp/cczj2N8I.o, line 88; fatal   : Call target not recognized
ptxas fatal   : Ptx assembly aborted due to errors
nvptx-as: ptxas returned 255 exit status
mkoffload: fatal error: x86_64-pc-linux-gnu-accel-nvptx-none-gcc returned 1 exit status
compilation terminated.
lto-wrapper: fatal error: /soft/packaging/spack-builds/linux-rhel7-x86_64/gcc-9.3.0/gcc-develop-42htf6epvpvtyxml575eslwb5u23pj2y/libexec/gcc/x86_64-pc-linux-gnu/10.0.0//accel/nvptx-none/mkoffload returned 1 exit status
compilation terminated.
/usr/bin/ld: error: lto-wrapper failed
collect2: error: ld returned 1 exit status
make: [logb_float_float.exe] Error 1 (ignored)
timeout 45s g++ -fopenmp scalbln_double_long_int_double.cpp -o scalbln_double_long_int_double.exe
unresolved symbol scalbln
collect2: error: ld returned 1 exit status
mkoffload: fatal error: x86_64-pc-linux-gnu-accel-nvptx-none-gcc returned 1 exit status
compilation terminated.
lto-wrapper: fatal error: /soft/packaging/spack-builds/linux-rhel7-x86_64/gcc-9.3.0/gcc-develop-42htf6epvpvtyxml575eslwb5u23pj2y/libexec/gcc/x86_64-pc-linux-gnu/10.0.0//accel/nvptx-none/mkoffload returned 1 exit status
compilation terminated.
/usr/bin/ld: error: lto-wrapper failed
collect2: error: ld returned 1 exit status
make: [scalbln_double_long_int_double.exe] Error 1 (ignored)
timeout 45s g++ -fopenmp log10_double_double.cpp -o log10_double_double.exe
unresolved symbol log10
collect2: error: ld returned 1 exit status
mkoffload: fatal error: x86_64-pc-linux-gnu-accel-nvptx-none-gcc returned 1 exit status
compilation terminated.
lto-wrapper: fatal error: /soft/packaging/spack-builds/linux-rhel7-x86_64/gcc-9.3.0/gcc-develop-42htf6epvpvtyxml575eslwb5u23pj2y/libexec/gcc/x86_64-pc-linux-gnu/10.0.0//accel/nvptx-none/mkoffload returned 1 exit status
compilation terminated.
/usr/bin/ld: error: lto-wrapper failed
collect2: error: ld returned 1 exit status
make: [log10_double_double.exe] Error 1 (ignored)
timeout 45s g++ -fopenmp log10_float_float.cpp -o log10_float_float.exe
ptxas /tmp/ccdlxAO0.o, line 88; error   : Label expected for argument 0 of instruction 'call'
ptxas /tmp/ccdlxAO0.o, line 88; fatal   : Call target not recognized
ptxas fatal   : Ptx assembly aborted due to errors
nvptx-as: ptxas returned 255 exit status
mkoffload: fatal error: x86_64-pc-linux-gnu-accel-nvptx-none-gcc returned 1 exit status
compilation terminated.
lto-wrapper: fatal error: /soft/packaging/spack-builds/linux-rhel7-x86_64/gcc-9.3.0/gcc-develop-42htf6epvpvtyxml575eslwb5u23pj2y/libexec/gcc/x86_64-pc-linux-gnu/10.0.0//accel/nvptx-none/mkoffload returned 1 exit status
compilation terminated.
/usr/bin/ld: error: lto-wrapper failed
collect2: error: ld returned 1 exit status
make: [log10_float_float.exe] Error 1 (ignored)
timeout 45s g++ -fopenmp pow_double_double_double.cpp -o pow_double_double_double.exe
unresolved symbol pow
collect2: error: ld returned 1 exit status
mkoffload: fatal error: x86_64-pc-linux-gnu-accel-nvptx-none-gcc returned 1 exit status
compilation terminated.
lto-wrapper: fatal error: /soft/packaging/spack-builds/linux-rhel7-x86_64/gcc-9.3.0/gcc-develop-42htf6epvpvtyxml575eslwb5u23pj2y/libexec/gcc/x86_64-pc-linux-gnu/10.0.0//accel/nvptx-none/mkoffload returned 1 exit status
compilation terminated.
/usr/bin/ld: error: lto-wrapper failed
collect2: error: ld returned 1 exit status
make: [pow_double_double_double.exe] Error 1 (ignored)
timeout 45s g++ -fopenmp copysign_double_double_double.cpp -o copysign_double_double_double.exe
timeout 45s g++ -fopenmp sinh_float_float.cpp -o sinh_float_float.exe
ptxas /tmp/ccJS2adb.o, line 88; error   : Label expected for argument 0 of instruction 'call'
ptxas /tmp/ccJS2adb.o, line 88; fatal   : Call target not recognized
ptxas fatal   : Ptx assembly aborted due to errors
nvptx-as: ptxas returned 255 exit status
mkoffload: fatal error: x86_64-pc-linux-gnu-accel-nvptx-none-gcc returned 1 exit status
compilation terminated.
lto-wrapper: fatal error: /soft/packaging/spack-builds/linux-rhel7-x86_64/gcc-9.3.0/gcc-develop-42htf6epvpvtyxml575eslwb5u23pj2y/libexec/gcc/x86_64-pc-linux-gnu/10.0.0//accel/nvptx-none/mkoffload returned 1 exit status
compilation terminated.
/usr/bin/ld: error: lto-wrapper failed
collect2: error: ld returned 1 exit status
make: [sinh_float_float.exe] Error 1 (ignored)
timeout 45s g++ -fopenmp acoshf_float_float.cpp -o acoshf_float_float.exe
unresolved symbol acoshf
collect2: error: ld returned 1 exit status
mkoffload: fatal error: x86_64-pc-linux-gnu-accel-nvptx-none-gcc returned 1 exit status
compilation terminated.
lto-wrapper: fatal error: /soft/packaging/spack-builds/linux-rhel7-x86_64/gcc-9.3.0/gcc-develop-42htf6epvpvtyxml575eslwb5u23pj2y/libexec/gcc/x86_64-pc-linux-gnu/10.0.0//accel/nvptx-none/mkoffload returned 1 exit status
compilation terminated.
/usr/bin/ld: error: lto-wrapper failed
collect2: error: ld returned 1 exit status
make: [acoshf_float_float.exe] Error 1 (ignored)
timeout 45s g++ -fopenmp atan2_double_double_double.cpp -o atan2_double_double_double.exe
unresolved symbol atan2
collect2: error: ld returned 1 exit status
mkoffload: fatal error: x86_64-pc-linux-gnu-accel-nvptx-none-gcc returned 1 exit status
compilation terminated.
lto-wrapper: fatal error: /soft/packaging/spack-builds/linux-rhel7-x86_64/gcc-9.3.0/gcc-develop-42htf6epvpvtyxml575eslwb5u23pj2y/libexec/gcc/x86_64-pc-linux-gnu/10.0.0//accel/nvptx-none/mkoffload returned 1 exit status
compilation terminated.
/usr/bin/ld: error: lto-wrapper failed
collect2: error: ld returned 1 exit status
make: [atan2_double_double_double.exe] Error 1 (ignored)
timeout 45s g++ -fopenmp cosf_float_float.cpp -o cosf_float_float.exe
unresolved symbol cosf
collect2: error: ld returned 1 exit status
mkoffload: fatal error: x86_64-pc-linux-gnu-accel-nvptx-none-gcc returned 1 exit status
compilation terminated.
lto-wrapper: fatal error: /soft/packaging/spack-builds/linux-rhel7-x86_64/gcc-9.3.0/gcc-develop-42htf6epvpvtyxml575eslwb5u23pj2y/libexec/gcc/x86_64-pc-linux-gnu/10.0.0//accel/nvptx-none/mkoffload returned 1 exit status
compilation terminated.
/usr/bin/ld: error: lto-wrapper failed
collect2: error: ld returned 1 exit status
make: [cosf_float_float.exe] Error 1 (ignored)
timeout 45s g++ -fopenmp abs_long_int_long_int.cpp -o abs_long_int_long_int.exe
ptxas /tmp/ccH7UI31.o, line 88; error   : Label expected for argument 0 of instruction 'call'
ptxas /tmp/ccH7UI31.o, line 88; fatal   : Call target not recognized
ptxas fatal   : Ptx assembly aborted due to errors
nvptx-as: ptxas returned 255 exit status
mkoffload: fatal error: x86_64-pc-linux-gnu-accel-nvptx-none-gcc returned 1 exit status
compilation terminated.
lto-wrapper: fatal error: /soft/packaging/spack-builds/linux-rhel7-x86_64/gcc-9.3.0/gcc-develop-42htf6epvpvtyxml575eslwb5u23pj2y/libexec/gcc/x86_64-pc-linux-gnu/10.0.0//accel/nvptx-none/mkoffload returned 1 exit status
compilation terminated.
/usr/bin/ld: error: lto-wrapper failed
collect2: error: ld returned 1 exit status
make: [abs_long_int_long_int.exe] Error 1 (ignored)
timeout 45s g++ -fopenmp exp2_double_double.cpp -o exp2_double_double.exe
unresolved symbol exp2
collect2: error: ld returned 1 exit status
mkoffload: fatal error: x86_64-pc-linux-gnu-accel-nvptx-none-gcc returned 1 exit status
compilation terminated.
lto-wrapper: fatal error: /soft/packaging/spack-builds/linux-rhel7-x86_64/gcc-9.3.0/gcc-develop-42htf6epvpvtyxml575eslwb5u23pj2y/libexec/gcc/x86_64-pc-linux-gnu/10.0.0//accel/nvptx-none/mkoffload returned 1 exit status
compilation terminated.
/usr/bin/ld: error: lto-wrapper failed
collect2: error: ld returned 1 exit status
make: [exp2_double_double.exe] Error 1 (ignored)
timeout 45s g++ -fopenmp remainder_float_float_float.cpp -o remainder_float_float_float.exe
ptxas /tmp/cclrecHs.o, line 99; error   : Label expected for argument 0 of instruction 'call'
ptxas /tmp/cclrecHs.o, line 99; fatal   : Call target not recognized
ptxas fatal   : Ptx assembly aborted due to errors
nvptx-as: ptxas returned 255 exit status
mkoffload: fatal error: x86_64-pc-linux-gnu-accel-nvptx-none-gcc returned 1 exit status
compilation terminated.
lto-wrapper: fatal error: /soft/packaging/spack-builds/linux-rhel7-x86_64/gcc-9.3.0/gcc-develop-42htf6epvpvtyxml575eslwb5u23pj2y/libexec/gcc/x86_64-pc-linux-gnu/10.0.0//accel/nvptx-none/mkoffload returned 1 exit status
compilation terminated.
/usr/bin/ld: error: lto-wrapper failed
collect2: error: ld returned 1 exit status
make: [remainder_float_float_float.exe] Error 1 (ignored)
timeout 45s g++ -fopenmp nearbyint_float_float.cpp -o nearbyint_float_float.exe
ptxas /tmp/ccEPe4Qd.o, line 88; error   : Label expected for argument 0 of instruction 'call'
ptxas /tmp/ccEPe4Qd.o, line 88; fatal   : Call target not recognized
ptxas fatal   : Ptx assembly aborted due to errors
nvptx-as: ptxas returned 255 exit status
mkoffload: fatal error: x86_64-pc-linux-gnu-accel-nvptx-none-gcc returned 1 exit status
compilation terminated.
lto-wrapper: fatal error: /soft/packaging/spack-builds/linux-rhel7-x86_64/gcc-9.3.0/gcc-develop-42htf6epvpvtyxml575eslwb5u23pj2y/libexec/gcc/x86_64-pc-linux-gnu/10.0.0//accel/nvptx-none/mkoffload returned 1 exit status
compilation terminated.
/usr/bin/ld: error: lto-wrapper failed
collect2: error: ld returned 1 exit status
make: [nearbyint_float_float.exe] Error 1 (ignored)
timeout 45s g++ -fopenmp sinhf_float_float.cpp -o sinhf_float_float.exe
unresolved symbol sinhf
collect2: error: ld returned 1 exit status
mkoffload: fatal error: x86_64-pc-linux-gnu-accel-nvptx-none-gcc returned 1 exit status
compilation terminated.
lto-wrapper: fatal error: /soft/packaging/spack-builds/linux-rhel7-x86_64/gcc-9.3.0/gcc-develop-42htf6epvpvtyxml575eslwb5u23pj2y/libexec/gcc/x86_64-pc-linux-gnu/10.0.0//accel/nvptx-none/mkoffload returned 1 exit status
compilation terminated.
/usr/bin/ld: error: lto-wrapper failed
collect2: error: ld returned 1 exit status
make: [sinhf_float_float.exe] Error 1 (ignored)
timeout 45s g++ -fopenmp isgreater_double_double_bool.cpp -o isgreater_double_double_bool.exe
ptxas /tmp/ccSvr01t.o, line 101; error   : Label expected for argument 0 of instruction 'call'
ptxas /tmp/ccSvr01t.o, line 101; fatal   : Call target not recognized
ptxas fatal   : Ptx assembly aborted due to errors
nvptx-as: ptxas returned 255 exit status
mkoffload: fatal error: x86_64-pc-linux-gnu-accel-nvptx-none-gcc returned 1 exit status
compilation terminated.
lto-wrapper: fatal error: /soft/packaging/spack-builds/linux-rhel7-x86_64/gcc-9.3.0/gcc-develop-42htf6epvpvtyxml575eslwb5u23pj2y/libexec/gcc/x86_64-pc-linux-gnu/10.0.0//accel/nvptx-none/mkoffload returned 1 exit status
compilation terminated.
/usr/bin/ld: error: lto-wrapper failed
collect2: error: ld returned 1 exit status
make: [isgreater_double_double_bool.exe] Error 1 (ignored)
timeout 45s g++ -fopenmp isunordered_double_double_bool.cpp -o isunordered_double_double_bool.exe
ptxas /tmp/ccX3QL6d.o, line 101; error   : Label expected for argument 0 of instruction 'call'
ptxas /tmp/ccX3QL6d.o, line 101; fatal   : Call target not recognized
ptxas fatal   : Ptx assembly aborted due to errors
nvptx-as: ptxas returned 255 exit status
mkoffload: fatal error: x86_64-pc-linux-gnu-accel-nvptx-none-gcc returned 1 exit status
compilation terminated.
lto-wrapper: fatal error: /soft/packaging/spack-builds/linux-rhel7-x86_64/gcc-9.3.0/gcc-develop-42htf6epvpvtyxml575eslwb5u23pj2y/libexec/gcc/x86_64-pc-linux-gnu/10.0.0//accel/nvptx-none/mkoffload returned 1 exit status
compilation terminated.
/usr/bin/ld: error: lto-wrapper failed
collect2: error: ld returned 1 exit status
make: [isunordered_double_double_bool.exe] Error 1 (ignored)
timeout 45s g++ -fopenmp isnormal_float_bool.cpp -o isnormal_float_bool.exe
ptxas /tmp/ccShjjyP.o, line 90; error   : Label expected for argument 0 of instruction 'call'
ptxas /tmp/ccShjjyP.o, line 90; fatal   : Call target not recognized
ptxas fatal   : Ptx assembly aborted due to errors
nvptx-as: ptxas returned 255 exit status
mkoffload: fatal error: x86_64-pc-linux-gnu-accel-nvptx-none-gcc returned 1 exit status
compilation terminated.
lto-wrapper: fatal error: /soft/packaging/spack-builds/linux-rhel7-x86_64/gcc-9.3.0/gcc-develop-42htf6epvpvtyxml575eslwb5u23pj2y/libexec/gcc/x86_64-pc-linux-gnu/10.0.0//accel/nvptx-none/mkoffload returned 1 exit status
compilation terminated.
/usr/bin/ld: error: lto-wrapper failed
collect2: error: ld returned 1 exit status
make: [isnormal_float_bool.exe] Error 1 (ignored)
timeout 45s g++ -fopenmp fma_double_double_double_double.cpp -o fma_double_double_double_double.exe
unresolved symbol fma
collect2: error: ld returned 1 exit status
mkoffload: fatal error: x86_64-pc-linux-gnu-accel-nvptx-none-gcc returned 1 exit status
compilation terminated.
lto-wrapper: fatal error: /soft/packaging/spack-builds/linux-rhel7-x86_64/gcc-9.3.0/gcc-develop-42htf6epvpvtyxml575eslwb5u23pj2y/libexec/gcc/x86_64-pc-linux-gnu/10.0.0//accel/nvptx-none/mkoffload returned 1 exit status
compilation terminated.
/usr/bin/ld: error: lto-wrapper failed
collect2: error: ld returned 1 exit status
make: [fma_double_double_double_double.exe] Error 1 (ignored)
timeout 45s g++ -fopenmp nextafterf_float_float_float.cpp -o nextafterf_float_float_float.exe
unresolved symbol nextafterf
collect2: error: ld returned 1 exit status
mkoffload: fatal error: x86_64-pc-linux-gnu-accel-nvptx-none-gcc returned 1 exit status
compilation terminated.
lto-wrapper: fatal error: /soft/packaging/spack-builds/linux-rhel7-x86_64/gcc-9.3.0/gcc-develop-42htf6epvpvtyxml575eslwb5u23pj2y/libexec/gcc/x86_64-pc-linux-gnu/10.0.0//accel/nvptx-none/mkoffload returned 1 exit status
compilation terminated.
/usr/bin/ld: error: lto-wrapper failed
collect2: error: ld returned 1 exit status
make: [nextafterf_float_float_float.exe] Error 1 (ignored)
timeout 45s g++ -fopenmp floor_double_double.cpp -o floor_double_double.exe
unresolved symbol floor
collect2: error: ld returned 1 exit status
mkoffload: fatal error: x86_64-pc-linux-gnu-accel-nvptx-none-gcc returned 1 exit status
compilation terminated.
lto-wrapper: fatal error: /soft/packaging/spack-builds/linux-rhel7-x86_64/gcc-9.3.0/gcc-develop-42htf6epvpvtyxml575eslwb5u23pj2y/libexec/gcc/x86_64-pc-linux-gnu/10.0.0//accel/nvptx-none/mkoffload returned 1 exit status
compilation terminated.
/usr/bin/ld: error: lto-wrapper failed
collect2: error: ld returned 1 exit status
make: [floor_double_double.exe] Error 1 (ignored)
timeout 45s g++ -fopenmp isunordered_float_float_bool.cpp -o isunordered_float_float_bool.exe
ptxas /tmp/ccfVfpXJ.o, line 101; error   : Label expected for argument 0 of instruction 'call'
ptxas /tmp/ccfVfpXJ.o, line 101; fatal   : Call target not recognized
ptxas fatal   : Ptx assembly aborted due to errors
nvptx-as: ptxas returned 255 exit status
mkoffload: fatal error: x86_64-pc-linux-gnu-accel-nvptx-none-gcc returned 1 exit status
compilation terminated.
lto-wrapper: fatal error: /soft/packaging/spack-builds/linux-rhel7-x86_64/gcc-9.3.0/gcc-develop-42htf6epvpvtyxml575eslwb5u23pj2y/libexec/gcc/x86_64-pc-linux-gnu/10.0.0//accel/nvptx-none/mkoffload returned 1 exit status
compilation terminated.
/usr/bin/ld: error: lto-wrapper failed
collect2: error: ld returned 1 exit status
make: [isunordered_float_float_bool.exe] Error 1 (ignored)
timeout 45s g++ -fopenmp lroundf_float_long_int.cpp -o lroundf_float_long_int.exe
unresolved symbol lroundf
collect2: error: ld returned 1 exit status
mkoffload: fatal error: x86_64-pc-linux-gnu-accel-nvptx-none-gcc returned 1 exit status
compilation terminated.
lto-wrapper: fatal error: /soft/packaging/spack-builds/linux-rhel7-x86_64/gcc-9.3.0/gcc-develop-42htf6epvpvtyxml575eslwb5u23pj2y/libexec/gcc/x86_64-pc-linux-gnu/10.0.0//accel/nvptx-none/mkoffload returned 1 exit status
compilation terminated.
/usr/bin/ld: error: lto-wrapper failed
collect2: error: ld returned 1 exit status
make: [lroundf_float_long_int.exe] Error 1 (ignored)
timeout 45s g++ -fopenmp lround_float_long_int.cpp -o lround_float_long_int.exe
ptxas /tmp/ccBFQ7Tc.o, line 88; error   : Label expected for argument 0 of instruction 'call'
ptxas /tmp/ccBFQ7Tc.o, line 88; fatal   : Call target not recognized
ptxas fatal   : Ptx assembly aborted due to errors
nvptx-as: ptxas returned 255 exit status
mkoffload: fatal error: x86_64-pc-linux-gnu-accel-nvptx-none-gcc returned 1 exit status
compilation terminated.
lto-wrapper: fatal error: /soft/packaging/spack-builds/linux-rhel7-x86_64/gcc-9.3.0/gcc-develop-42htf6epvpvtyxml575eslwb5u23pj2y/libexec/gcc/x86_64-pc-linux-gnu/10.0.0//accel/nvptx-none/mkoffload returned 1 exit status
compilation terminated.
/usr/bin/ld: error: lto-wrapper failed
collect2: error: ld returned 1 exit status
make: [lround_float_long_int.exe] Error 1 (ignored)
timeout 45s g++ -fopenmp modf_float_float_float.cpp -o modf_float_float_float.exe
ptxas /tmp/cci81EfO.o, line 96; error   : Label expected for argument 0 of instruction 'call'
ptxas /tmp/cci81EfO.o, line 96; fatal   : Call target not recognized
ptxas fatal   : Ptx assembly aborted due to errors
nvptx-as: ptxas returned 255 exit status
mkoffload: fatal error: x86_64-pc-linux-gnu-accel-nvptx-none-gcc returned 1 exit status
compilation terminated.
lto-wrapper: fatal error: /soft/packaging/spack-builds/linux-rhel7-x86_64/gcc-9.3.0/gcc-develop-42htf6epvpvtyxml575eslwb5u23pj2y/libexec/gcc/x86_64-pc-linux-gnu/10.0.0//accel/nvptx-none/mkoffload returned 1 exit status
compilation terminated.
/usr/bin/ld: error: lto-wrapper failed
collect2: error: ld returned 1 exit status
make: [modf_float_float_float.exe] Error 1 (ignored)
timeout 45s g++ -fopenmp ilogb_float_int.cpp -o ilogb_float_int.exe
ptxas /tmp/ccfuDWtm.o, line 88; error   : Label expected for argument 0 of instruction 'call'
ptxas /tmp/ccfuDWtm.o, line 88; fatal   : Call target not recognized
ptxas fatal   : Ptx assembly aborted due to errors
nvptx-as: ptxas returned 255 exit status
mkoffload: fatal error: x86_64-pc-linux-gnu-accel-nvptx-none-gcc returned 1 exit status
compilation terminated.
lto-wrapper: fatal error: /soft/packaging/spack-builds/linux-rhel7-x86_64/gcc-9.3.0/gcc-develop-42htf6epvpvtyxml575eslwb5u23pj2y/libexec/gcc/x86_64-pc-linux-gnu/10.0.0//accel/nvptx-none/mkoffload returned 1 exit status
compilation terminated.
/usr/bin/ld: error: lto-wrapper failed
collect2: error: ld returned 1 exit status
make: [ilogb_float_int.exe] Error 1 (ignored)
timeout 45s g++ -fopenmp frexp_float_int_float.cpp -o frexp_float_int_float.exe
ptxas /tmp/cc9OOEk7.o, line 96; error   : Label expected for argument 0 of instruction 'call'
ptxas /tmp/cc9OOEk7.o, line 96; fatal   : Call target not recognized
ptxas fatal   : Ptx assembly aborted due to errors
nvptx-as: ptxas returned 255 exit status
mkoffload: fatal error: x86_64-pc-linux-gnu-accel-nvptx-none-gcc returned 1 exit status
compilation terminated.
lto-wrapper: fatal error: /soft/packaging/spack-builds/linux-rhel7-x86_64/gcc-9.3.0/gcc-develop-42htf6epvpvtyxml575eslwb5u23pj2y/libexec/gcc/x86_64-pc-linux-gnu/10.0.0//accel/nvptx-none/mkoffload returned 1 exit status
compilation terminated.
/usr/bin/ld: error: lto-wrapper failed
collect2: error: ld returned 1 exit status
make: [frexp_float_int_float.exe] Error 1 (ignored)
timeout 45s g++ -fopenmp expm1f_float_float.cpp -o expm1f_float_float.exe
unresolved symbol expm1f
collect2: error: ld returned 1 exit status
mkoffload: fatal error: x86_64-pc-linux-gnu-accel-nvptx-none-gcc returned 1 exit status
compilation terminated.
lto-wrapper: fatal error: /soft/packaging/spack-builds/linux-rhel7-x86_64/gcc-9.3.0/gcc-develop-42htf6epvpvtyxml575eslwb5u23pj2y/libexec/gcc/x86_64-pc-linux-gnu/10.0.0//accel/nvptx-none/mkoffload returned 1 exit status
compilation terminated.
/usr/bin/ld: error: lto-wrapper failed
collect2: error: ld returned 1 exit status
make: [expm1f_float_float.exe] Error 1 (ignored)
timeout 45s g++ -fopenmp abs_double_double.cpp -o abs_double_double.exe
ptxas /tmp/ccgHKNHx.o, line 88; error   : Label expected for argument 0 of instruction 'call'
ptxas /tmp/ccgHKNHx.o, line 88; fatal   : Call target not recognized
ptxas fatal   : Ptx assembly aborted due to errors
nvptx-as: ptxas returned 255 exit status
mkoffload: fatal error: x86_64-pc-linux-gnu-accel-nvptx-none-gcc returned 1 exit status
compilation terminated.
lto-wrapper: fatal error: /soft/packaging/spack-builds/linux-rhel7-x86_64/gcc-9.3.0/gcc-develop-42htf6epvpvtyxml575eslwb5u23pj2y/libexec/gcc/x86_64-pc-linux-gnu/10.0.0//accel/nvptx-none/mkoffload returned 1 exit status
compilation terminated.
/usr/bin/ld: error: lto-wrapper failed
collect2: error: ld returned 1 exit status
make: [abs_double_double.exe] Error 1 (ignored)
timeout 45s g++ -fopenmp nextafter_float_float_float.cpp -o nextafter_float_float_float.exe
ptxas /tmp/cc7omSlb.o, line 99; error   : Label expected for argument 0 of instruction 'call'
ptxas /tmp/cc7omSlb.o, line 99; fatal   : Call target not recognized
ptxas fatal   : Ptx assembly aborted due to errors
nvptx-as: ptxas returned 255 exit status
mkoffload: fatal error: x86_64-pc-linux-gnu-accel-nvptx-none-gcc returned 1 exit status
compilation terminated.
lto-wrapper: fatal error: /soft/packaging/spack-builds/linux-rhel7-x86_64/gcc-9.3.0/gcc-develop-42htf6epvpvtyxml575eslwb5u23pj2y/libexec/gcc/x86_64-pc-linux-gnu/10.0.0//accel/nvptx-none/mkoffload returned 1 exit status
compilation terminated.
/usr/bin/ld: error: lto-wrapper failed
collect2: error: ld returned 1 exit status
make: [nextafter_float_float_float.exe] Error 1 (ignored)
timeout 45s g++ -fopenmp asinf_float_float.cpp -o asinf_float_float.exe
unresolved symbol asinf
collect2: error: ld returned 1 exit status
mkoffload: fatal error: x86_64-pc-linux-gnu-accel-nvptx-none-gcc returned 1 exit status
compilation terminated.
lto-wrapper: fatal error: /soft/packaging/spack-builds/linux-rhel7-x86_64/gcc-9.3.0/gcc-develop-42htf6epvpvtyxml575eslwb5u23pj2y/libexec/gcc/x86_64-pc-linux-gnu/10.0.0//accel/nvptx-none/mkoffload returned 1 exit status
compilation terminated.
/usr/bin/ld: error: lto-wrapper failed
collect2: error: ld returned 1 exit status
make: [asinf_float_float.exe] Error 1 (ignored)
timeout 45s g++ -fopenmp atanh_double_double.cpp -o atanh_double_double.exe
unresolved symbol atanh
collect2: error: ld returned 1 exit status
mkoffload: fatal error: x86_64-pc-linux-gnu-accel-nvptx-none-gcc returned 1 exit status
compilation terminated.
lto-wrapper: fatal error: /soft/packaging/spack-builds/linux-rhel7-x86_64/gcc-9.3.0/gcc-develop-42htf6epvpvtyxml575eslwb5u23pj2y/libexec/gcc/x86_64-pc-linux-gnu/10.0.0//accel/nvptx-none/mkoffload returned 1 exit status
compilation terminated.
/usr/bin/ld: error: lto-wrapper failed
collect2: error: ld returned 1 exit status
make: [atanh_double_double.exe] Error 1 (ignored)
timeout 45s g++ -fopenmp acos_float_float.cpp -o acos_float_float.exe
ptxas /tmp/cccqkZFj.o, line 88; error   : Label expected for argument 0 of instruction 'call'
ptxas /tmp/cccqkZFj.o, line 88; fatal   : Call target not recognized
ptxas fatal   : Ptx assembly aborted due to errors
nvptx-as: ptxas returned 255 exit status
mkoffload: fatal error: x86_64-pc-linux-gnu-accel-nvptx-none-gcc returned 1 exit status
compilation terminated.
lto-wrapper: fatal error: /soft/packaging/spack-builds/linux-rhel7-x86_64/gcc-9.3.0/gcc-develop-42htf6epvpvtyxml575eslwb5u23pj2y/libexec/gcc/x86_64-pc-linux-gnu/10.0.0//accel/nvptx-none/mkoffload returned 1 exit status
compilation terminated.
/usr/bin/ld: error: lto-wrapper failed
collect2: error: ld returned 1 exit status
make: [acos_float_float.exe] Error 1 (ignored)
timeout 45s g++ -fopenmp log10f_float_float.cpp -o log10f_float_float.exe
unresolved symbol log10f
collect2: error: ld returned 1 exit status
mkoffload: fatal error: x86_64-pc-linux-gnu-accel-nvptx-none-gcc returned 1 exit status
compilation terminated.
lto-wrapper: fatal error: /soft/packaging/spack-builds/linux-rhel7-x86_64/gcc-9.3.0/gcc-develop-42htf6epvpvtyxml575eslwb5u23pj2y/libexec/gcc/x86_64-pc-linux-gnu/10.0.0//accel/nvptx-none/mkoffload returned 1 exit status
compilation terminated.
/usr/bin/ld: error: lto-wrapper failed
collect2: error: ld returned 1 exit status
make: [log10f_float_float.exe] Error 1 (ignored)
timeout 45s g++ -fopenmp tanhf_float_float.cpp -o tanhf_float_float.exe
unresolved symbol tanhf
collect2: error: ld returned 1 exit status
mkoffload: fatal error: x86_64-pc-linux-gnu-accel-nvptx-none-gcc returned 1 exit status
compilation terminated.
lto-wrapper: fatal error: /soft/packaging/spack-builds/linux-rhel7-x86_64/gcc-9.3.0/gcc-develop-42htf6epvpvtyxml575eslwb5u23pj2y/libexec/gcc/x86_64-pc-linux-gnu/10.0.0//accel/nvptx-none/mkoffload returned 1 exit status
compilation terminated.
/usr/bin/ld: error: lto-wrapper failed
collect2: error: ld returned 1 exit status
make: [tanhf_float_float.exe] Error 1 (ignored)
timeout 45s g++ -fopenmp atanf_float_float.cpp -o atanf_float_float.exe
unresolved symbol atanf
collect2: error: ld returned 1 exit status
mkoffload: fatal error: x86_64-pc-linux-gnu-accel-nvptx-none-gcc returned 1 exit status
compilation terminated.
lto-wrapper: fatal error: /soft/packaging/spack-builds/linux-rhel7-x86_64/gcc-9.3.0/gcc-develop-42htf6epvpvtyxml575eslwb5u23pj2y/libexec/gcc/x86_64-pc-linux-gnu/10.0.0//accel/nvptx-none/mkoffload returned 1 exit status
compilation terminated.
/usr/bin/ld: error: lto-wrapper failed
collect2: error: ld returned 1 exit status
make: [atanf_float_float.exe] Error 1 (ignored)
timeout 45s g++ -fopenmp abs_float_float.cpp -o abs_float_float.exe
ptxas /tmp/ccNBJSGe.o, line 88; error   : Label expected for argument 0 of instruction 'call'
ptxas /tmp/ccNBJSGe.o, line 88; fatal   : Call target not recognized
ptxas fatal   : Ptx assembly aborted due to errors
nvptx-as: ptxas returned 255 exit status
mkoffload: fatal error: x86_64-pc-linux-gnu-accel-nvptx-none-gcc returned 1 exit status
compilation terminated.
lto-wrapper: fatal error: /soft/packaging/spack-builds/linux-rhel7-x86_64/gcc-9.3.0/gcc-develop-42htf6epvpvtyxml575eslwb5u23pj2y/libexec/gcc/x86_64-pc-linux-gnu/10.0.0//accel/nvptx-none/mkoffload returned 1 exit status
compilation terminated.
/usr/bin/ld: error: lto-wrapper failed
collect2: error: ld returned 1 exit status
make: [abs_float_float.exe] Error 1 (ignored)
timeout 45s g++ -fopenmp fmaf_float_float_float_float.cpp -o fmaf_float_float_float_float.exe
unresolved symbol fmaf
collect2: error: ld returned 1 exit status
mkoffload: fatal error: x86_64-pc-linux-gnu-accel-nvptx-none-gcc returned 1 exit status
compilation terminated.
lto-wrapper: fatal error: /soft/packaging/spack-builds/linux-rhel7-x86_64/gcc-9.3.0/gcc-develop-42htf6epvpvtyxml575eslwb5u23pj2y/libexec/gcc/x86_64-pc-linux-gnu/10.0.0//accel/nvptx-none/mkoffload returned 1 exit status
compilation terminated.
/usr/bin/ld: error: lto-wrapper failed
collect2: error: ld returned 1 exit status
make: [fmaf_float_float_float_float.exe] Error 1 (ignored)
timeout 45s g++ -fopenmp asinhf_float_float.cpp -o asinhf_float_float.exe
unresolved symbol asinhf
collect2: error: ld returned 1 exit status
mkoffload: fatal error: x86_64-pc-linux-gnu-accel-nvptx-none-gcc returned 1 exit status
compilation terminated.
lto-wrapper: fatal error: /soft/packaging/spack-builds/linux-rhel7-x86_64/gcc-9.3.0/gcc-develop-42htf6epvpvtyxml575eslwb5u23pj2y/libexec/gcc/x86_64-pc-linux-gnu/10.0.0//accel/nvptx-none/mkoffload returned 1 exit status
compilation terminated.
/usr/bin/ld: error: lto-wrapper failed
collect2: error: ld returned 1 exit status
make: [asinhf_float_float.exe] Error 1 (ignored)
timeout 45s g++ -fopenmp fdim_double_double_double.cpp -o fdim_double_double_double.exe
unresolved symbol fdim
collect2: error: ld returned 1 exit status
mkoffload: fatal error: x86_64-pc-linux-gnu-accel-nvptx-none-gcc returned 1 exit status
compilation terminated.
lto-wrapper: fatal error: /soft/packaging/spack-builds/linux-rhel7-x86_64/gcc-9.3.0/gcc-develop-42htf6epvpvtyxml575eslwb5u23pj2y/libexec/gcc/x86_64-pc-linux-gnu/10.0.0//accel/nvptx-none/mkoffload returned 1 exit status
compilation terminated.
/usr/bin/ld: error: lto-wrapper failed
collect2: error: ld returned 1 exit status
make: [fdim_double_double_double.exe] Error 1 (ignored)
timeout 45s g++ -fopenmp scalbnf_float_int_float.cpp -o scalbnf_float_int_float.exe
timeout 45s g++ -fopenmp atanh_float_float.cpp -o atanh_float_float.exe
ptxas /tmp/ccUejTT0.o, line 88; error   : Label expected for argument 0 of instruction 'call'
ptxas /tmp/ccUejTT0.o, line 88; fatal   : Call target not recognized
ptxas fatal   : Ptx assembly aborted due to errors
nvptx-as: ptxas returned 255 exit status
mkoffload: fatal error: x86_64-pc-linux-gnu-accel-nvptx-none-gcc returned 1 exit status
compilation terminated.
lto-wrapper: fatal error: /soft/packaging/spack-builds/linux-rhel7-x86_64/gcc-9.3.0/gcc-develop-42htf6epvpvtyxml575eslwb5u23pj2y/libexec/gcc/x86_64-pc-linux-gnu/10.0.0//accel/nvptx-none/mkoffload returned 1 exit status
compilation terminated.
/usr/bin/ld: error: lto-wrapper failed
collect2: error: ld returned 1 exit status
make: [atanh_float_float.exe] Error 1 (ignored)
timeout 45s g++ -fopenmp log_double_double.cpp -o log_double_double.exe
unresolved symbol log
collect2: error: ld returned 1 exit status
mkoffload: fatal error: x86_64-pc-linux-gnu-accel-nvptx-none-gcc returned 1 exit status
compilation terminated.
lto-wrapper: fatal error: /soft/packaging/spack-builds/linux-rhel7-x86_64/gcc-9.3.0/gcc-develop-42htf6epvpvtyxml575eslwb5u23pj2y/libexec/gcc/x86_64-pc-linux-gnu/10.0.0//accel/nvptx-none/mkoffload returned 1 exit status
compilation terminated.
/usr/bin/ld: error: lto-wrapper failed
collect2: error: ld returned 1 exit status
make: [log_double_double.exe] Error 1 (ignored)
timeout 45s g++ -fopenmp fmin_float_float_float.cpp -o fmin_float_float_float.exe
ptxas /tmp/ccl1UGkr.o, line 99; error   : Label expected for argument 0 of instruction 'call'
ptxas /tmp/ccl1UGkr.o, line 99; fatal   : Call target not recognized
ptxas fatal   : Ptx assembly aborted due to errors
nvptx-as: ptxas returned 255 exit status
mkoffload: fatal error: x86_64-pc-linux-gnu-accel-nvptx-none-gcc returned 1 exit status
compilation terminated.
lto-wrapper: fatal error: /soft/packaging/spack-builds/linux-rhel7-x86_64/gcc-9.3.0/gcc-develop-42htf6epvpvtyxml575eslwb5u23pj2y/libexec/gcc/x86_64-pc-linux-gnu/10.0.0//accel/nvptx-none/mkoffload returned 1 exit status
compilation terminated.
/usr/bin/ld: error: lto-wrapper failed
collect2: error: ld returned 1 exit status
make: [fmin_float_float_float.exe] Error 1 (ignored)
timeout 45s g++ -fopenmp islessgreater_double_double_bool.cpp -o islessgreater_double_double_bool.exe
ptxas /tmp/ccjeLhtZ.o, line 101; error   : Label expected for argument 0 of instruction 'call'
ptxas /tmp/ccjeLhtZ.o, line 101; fatal   : Call target not recognized
ptxas fatal   : Ptx assembly aborted due to errors
nvptx-as: ptxas returned 255 exit status
mkoffload: fatal error: x86_64-pc-linux-gnu-accel-nvptx-none-gcc returned 1 exit status
compilation terminated.
lto-wrapper: fatal error: /soft/packaging/spack-builds/linux-rhel7-x86_64/gcc-9.3.0/gcc-develop-42htf6epvpvtyxml575eslwb5u23pj2y/libexec/gcc/x86_64-pc-linux-gnu/10.0.0//accel/nvptx-none/mkoffload returned 1 exit status
compilation terminated.
/usr/bin/ld: error: lto-wrapper failed
collect2: error: ld returned 1 exit status
make: [islessgreater_double_double_bool.exe] Error 1 (ignored)
timeout 45s g++ -fopenmp powf_float_float_float.cpp -o powf_float_float_float.exe
unresolved symbol powf
collect2: error: ld returned 1 exit status
mkoffload: fatal error: x86_64-pc-linux-gnu-accel-nvptx-none-gcc returned 1 exit status
compilation terminated.
lto-wrapper: fatal error: /soft/packaging/spack-builds/linux-rhel7-x86_64/gcc-9.3.0/gcc-develop-42htf6epvpvtyxml575eslwb5u23pj2y/libexec/gcc/x86_64-pc-linux-gnu/10.0.0//accel/nvptx-none/mkoffload returned 1 exit status
compilation terminated.
/usr/bin/ld: error: lto-wrapper failed
collect2: error: ld returned 1 exit status
make: [powf_float_float_float.exe] Error 1 (ignored)
timeout 45s g++ -fopenmp nextafter_double_double_double.cpp -o nextafter_double_double_double.exe
unresolved symbol nextafter
collect2: error: ld returned 1 exit status
mkoffload: fatal error: x86_64-pc-linux-gnu-accel-nvptx-none-gcc returned 1 exit status
compilation terminated.
lto-wrapper: fatal error: /soft/packaging/spack-builds/linux-rhel7-x86_64/gcc-9.3.0/gcc-develop-42htf6epvpvtyxml575eslwb5u23pj2y/libexec/gcc/x86_64-pc-linux-gnu/10.0.0//accel/nvptx-none/mkoffload returned 1 exit status
compilation terminated.
/usr/bin/ld: error: lto-wrapper failed
collect2: error: ld returned 1 exit status
make: [nextafter_double_double_double.exe] Error 1 (ignored)
timeout 45s g++ -fopenmp isgreaterequal_double_double_bool.cpp -o isgreaterequal_double_double_bool.exe
ptxas /tmp/ccQbm1f9.o, line 101; error   : Label expected for argument 0 of instruction 'call'
ptxas /tmp/ccQbm1f9.o, line 101; fatal   : Call target not recognized
ptxas fatal   : Ptx assembly aborted due to errors
nvptx-as: ptxas returned 255 exit status
mkoffload: fatal error: x86_64-pc-linux-gnu-accel-nvptx-none-gcc returned 1 exit status
compilation terminated.
lto-wrapper: fatal error: /soft/packaging/spack-builds/linux-rhel7-x86_64/gcc-9.3.0/gcc-develop-42htf6epvpvtyxml575eslwb5u23pj2y/libexec/gcc/x86_64-pc-linux-gnu/10.0.0//accel/nvptx-none/mkoffload returned 1 exit status
compilation terminated.
/usr/bin/ld: error: lto-wrapper failed
collect2: error: ld returned 1 exit status
make: [isgreaterequal_double_double_bool.exe] Error 1 (ignored)
timeout 45s g++ -fopenmp fmax_double_double_double.cpp -o fmax_double_double_double.exe
unresolved symbol fmax
collect2: error: ld returned 1 exit status
mkoffload: fatal error: x86_64-pc-linux-gnu-accel-nvptx-none-gcc returned 1 exit status
compilation terminated.
lto-wrapper: fatal error: /soft/packaging/spack-builds/linux-rhel7-x86_64/gcc-9.3.0/gcc-develop-42htf6epvpvtyxml575eslwb5u23pj2y/libexec/gcc/x86_64-pc-linux-gnu/10.0.0//accel/nvptx-none/mkoffload returned 1 exit status
compilation terminated.
/usr/bin/ld: error: lto-wrapper failed
collect2: error: ld returned 1 exit status
make: [fmax_double_double_double.exe] Error 1 (ignored)
timeout 45s g++ -fopenmp lgammaf_float_float.cpp -o lgammaf_float_float.exe
unresolved symbol lgammaf
collect2: error: ld returned 1 exit status
mkoffload: fatal error: x86_64-pc-linux-gnu-accel-nvptx-none-gcc returned 1 exit status
compilation terminated.
lto-wrapper: fatal error: /soft/packaging/spack-builds/linux-rhel7-x86_64/gcc-9.3.0/gcc-develop-42htf6epvpvtyxml575eslwb5u23pj2y/libexec/gcc/x86_64-pc-linux-gnu/10.0.0//accel/nvptx-none/mkoffload returned 1 exit status
compilation terminated.
/usr/bin/ld: error: lto-wrapper failed
collect2: error: ld returned 1 exit status
make: [lgammaf_float_float.exe] Error 1 (ignored)
timeout 45s g++ -fopenmp acos_double_double.cpp -o acos_double_double.exe
unresolved symbol acos
collect2: error: ld returned 1 exit status
mkoffload: fatal error: x86_64-pc-linux-gnu-accel-nvptx-none-gcc returned 1 exit status
compilation terminated.
lto-wrapper: fatal error: /soft/packaging/spack-builds/linux-rhel7-x86_64/gcc-9.3.0/gcc-develop-42htf6epvpvtyxml575eslwb5u23pj2y/libexec/gcc/x86_64-pc-linux-gnu/10.0.0//accel/nvptx-none/mkoffload returned 1 exit status
compilation terminated.
/usr/bin/ld: error: lto-wrapper failed
collect2: error: ld returned 1 exit status
make: [acos_double_double.exe] Error 1 (ignored)
timeout 45s g++ -fopenmp isfinite_float_bool.cpp -o isfinite_float_bool.exe
ptxas /tmp/ccrBCrK6.o, line 90; error   : Label expected for argument 0 of instruction 'call'
ptxas /tmp/ccrBCrK6.o, line 90; fatal   : Call target not recognized
ptxas fatal   : Ptx assembly aborted due to errors
nvptx-as: ptxas returned 255 exit status
mkoffload: fatal error: x86_64-pc-linux-gnu-accel-nvptx-none-gcc returned 1 exit status
compilation terminated.
lto-wrapper: fatal error: /soft/packaging/spack-builds/linux-rhel7-x86_64/gcc-9.3.0/gcc-develop-42htf6epvpvtyxml575eslwb5u23pj2y/libexec/gcc/x86_64-pc-linux-gnu/10.0.0//accel/nvptx-none/mkoffload returned 1 exit status
compilation terminated.
/usr/bin/ld: error: lto-wrapper failed
collect2: error: ld returned 1 exit status
make: [isfinite_float_bool.exe] Error 1 (ignored)
timeout 45s g++ -fopenmp atan_double_double.cpp -o atan_double_double.exe
unresolved symbol atan
collect2: error: ld returned 1 exit status
mkoffload: fatal error: x86_64-pc-linux-gnu-accel-nvptx-none-gcc returned 1 exit status
compilation terminated.
lto-wrapper: fatal error: /soft/packaging/spack-builds/linux-rhel7-x86_64/gcc-9.3.0/gcc-develop-42htf6epvpvtyxml575eslwb5u23pj2y/libexec/gcc/x86_64-pc-linux-gnu/10.0.0//accel/nvptx-none/mkoffload returned 1 exit status
compilation terminated.
/usr/bin/ld: error: lto-wrapper failed
collect2: error: ld returned 1 exit status
make: [atan_double_double.exe] Error 1 (ignored)
timeout 45s g++ -fopenmp rintf_float_float.cpp -o rintf_float_float.exe
unresolved symbol rintf
collect2: error: ld returned 1 exit status
mkoffload: fatal error: x86_64-pc-linux-gnu-accel-nvptx-none-gcc returned 1 exit status
compilation terminated.
lto-wrapper: fatal error: /soft/packaging/spack-builds/linux-rhel7-x86_64/gcc-9.3.0/gcc-develop-42htf6epvpvtyxml575eslwb5u23pj2y/libexec/gcc/x86_64-pc-linux-gnu/10.0.0//accel/nvptx-none/mkoffload returned 1 exit status
compilation terminated.
/usr/bin/ld: error: lto-wrapper failed
collect2: error: ld returned 1 exit status
make: [rintf_float_float.exe] Error 1 (ignored)
timeout 45s g++ -fopenmp tanf_float_float.cpp -o tanf_float_float.exe
unresolved symbol tanf
collect2: error: ld returned 1 exit status
mkoffload: fatal error: x86_64-pc-linux-gnu-accel-nvptx-none-gcc returned 1 exit status
compilation terminated.
lto-wrapper: fatal error: /soft/packaging/spack-builds/linux-rhel7-x86_64/gcc-9.3.0/gcc-develop-42htf6epvpvtyxml575eslwb5u23pj2y/libexec/gcc/x86_64-pc-linux-gnu/10.0.0//accel/nvptx-none/mkoffload returned 1 exit status
compilation terminated.
/usr/bin/ld: error: lto-wrapper failed
collect2: error: ld returned 1 exit status
make: [tanf_float_float.exe] Error 1 (ignored)
timeout 45s g++ -fopenmp atan2f_float_float_float.cpp -o atan2f_float_float_float.exe
unresolved symbol atan2f
collect2: error: ld returned 1 exit status
mkoffload: fatal error: x86_64-pc-linux-gnu-accel-nvptx-none-gcc returned 1 exit status
compilation terminated.
lto-wrapper: fatal error: /soft/packaging/spack-builds/linux-rhel7-x86_64/gcc-9.3.0/gcc-develop-42htf6epvpvtyxml575eslwb5u23pj2y/libexec/gcc/x86_64-pc-linux-gnu/10.0.0//accel/nvptx-none/mkoffload returned 1 exit status
compilation terminated.
/usr/bin/ld: error: lto-wrapper failed
collect2: error: ld returned 1 exit status
make: [atan2f_float_float_float.exe] Error 1 (ignored)
timeout 45s g++ -fopenmp log1p_double_double.cpp -o log1p_double_double.exe
unresolved symbol log1p
collect2: error: ld returned 1 exit status
mkoffload: fatal error: x86_64-pc-linux-gnu-accel-nvptx-none-gcc returned 1 exit status
compilation terminated.
lto-wrapper: fatal error: /soft/packaging/spack-builds/linux-rhel7-x86_64/gcc-9.3.0/gcc-develop-42htf6epvpvtyxml575eslwb5u23pj2y/libexec/gcc/x86_64-pc-linux-gnu/10.0.0//accel/nvptx-none/mkoffload returned 1 exit status
compilation terminated.
/usr/bin/ld: error: lto-wrapper failed
collect2: error: ld returned 1 exit status
make: [log1p_double_double.exe] Error 1 (ignored)
timeout 45s g++ -fopenmp acosh_double_double.cpp -o acosh_double_double.exe
unresolved symbol acosh
collect2: error: ld returned 1 exit status
mkoffload: fatal error: x86_64-pc-linux-gnu-accel-nvptx-none-gcc returned 1 exit status
compilation terminated.
lto-wrapper: fatal error: /soft/packaging/spack-builds/linux-rhel7-x86_64/gcc-9.3.0/gcc-develop-42htf6epvpvtyxml575eslwb5u23pj2y/libexec/gcc/x86_64-pc-linux-gnu/10.0.0//accel/nvptx-none/mkoffload returned 1 exit status
compilation terminated.
/usr/bin/ld: error: lto-wrapper failed
collect2: error: ld returned 1 exit status
make: [acosh_double_double.exe] Error 1 (ignored)
timeout 45s g++ -fopenmp fpclassify_float_int.cpp -o fpclassify_float_int.exe
ptxas /tmp/ccus6OE9.o, line 88; error   : Label expected for argument 0 of instruction 'call'
ptxas /tmp/ccus6OE9.o, line 88; fatal   : Call target not recognized
ptxas fatal   : Ptx assembly aborted due to errors
nvptx-as: ptxas returned 255 exit status
mkoffload: fatal error: x86_64-pc-linux-gnu-accel-nvptx-none-gcc returned 1 exit status
compilation terminated.
lto-wrapper: fatal error: /soft/packaging/spack-builds/linux-rhel7-x86_64/gcc-9.3.0/gcc-develop-42htf6epvpvtyxml575eslwb5u23pj2y/libexec/gcc/x86_64-pc-linux-gnu/10.0.0//accel/nvptx-none/mkoffload returned 1 exit status
compilation terminated.
/usr/bin/ld: error: lto-wrapper failed
collect2: error: ld returned 1 exit status
make: [fpclassify_float_int.exe] Error 1 (ignored)
timeout 45s g++ -fopenmp ilogbf_float_int.cpp -o ilogbf_float_int.exe
unresolved symbol ilogbf
collect2: error: ld returned 1 exit status
mkoffload: fatal error: x86_64-pc-linux-gnu-accel-nvptx-none-gcc returned 1 exit status
compilation terminated.
lto-wrapper: fatal error: /soft/packaging/spack-builds/linux-rhel7-x86_64/gcc-9.3.0/gcc-develop-42htf6epvpvtyxml575eslwb5u23pj2y/libexec/gcc/x86_64-pc-linux-gnu/10.0.0//accel/nvptx-none/mkoffload returned 1 exit status
compilation terminated.
/usr/bin/ld: error: lto-wrapper failed
collect2: error: ld returned 1 exit status
make: [ilogbf_float_int.exe] Error 1 (ignored)
timeout 45s g++ -fopenmp rint_double_double.cpp -o rint_double_double.exe
unresolved symbol rint
collect2: error: ld returned 1 exit status
mkoffload: fatal error: x86_64-pc-linux-gnu-accel-nvptx-none-gcc returned 1 exit status
compilation terminated.
lto-wrapper: fatal error: /soft/packaging/spack-builds/linux-rhel7-x86_64/gcc-9.3.0/gcc-develop-42htf6epvpvtyxml575eslwb5u23pj2y/libexec/gcc/x86_64-pc-linux-gnu/10.0.0//accel/nvptx-none/mkoffload returned 1 exit status
compilation terminated.
/usr/bin/ld: error: lto-wrapper failed
collect2: error: ld returned 1 exit status
make: [rint_double_double.exe] Error 1 (ignored)
timeout 45s g++ -fopenmp cosh_double_double.cpp -o cosh_double_double.exe
unresolved symbol cosh
collect2: error: ld returned 1 exit status
mkoffload: fatal error: x86_64-pc-linux-gnu-accel-nvptx-none-gcc returned 1 exit status
compilation terminated.
lto-wrapper: fatal error: /soft/packaging/spack-builds/linux-rhel7-x86_64/gcc-9.3.0/gcc-develop-42htf6epvpvtyxml575eslwb5u23pj2y/libexec/gcc/x86_64-pc-linux-gnu/10.0.0//accel/nvptx-none/mkoffload returned 1 exit status
compilation terminated.
/usr/bin/ld: error: lto-wrapper failed
collect2: error: ld returned 1 exit status
make: [cosh_double_double.exe] Error 1 (ignored)
timeout 45s g++ -fopenmp ilogb_double_int.cpp -o ilogb_double_int.exe
unresolved symbol ilogb
collect2: error: ld returned 1 exit status
mkoffload: fatal error: x86_64-pc-linux-gnu-accel-nvptx-none-gcc returned 1 exit status
compilation terminated.
lto-wrapper: fatal error: /soft/packaging/spack-builds/linux-rhel7-x86_64/gcc-9.3.0/gcc-develop-42htf6epvpvtyxml575eslwb5u23pj2y/libexec/gcc/x86_64-pc-linux-gnu/10.0.0//accel/nvptx-none/mkoffload returned 1 exit status
compilation terminated.
/usr/bin/ld: error: lto-wrapper failed
collect2: error: ld returned 1 exit status
make: [ilogb_double_int.exe] Error 1 (ignored)
timeout 45s g++ -fopenmp llrintf_float_long_long_int.cpp -o llrintf_float_long_long_int.exe
unresolved symbol llrintf
collect2: error: ld returned 1 exit status
mkoffload: fatal error: x86_64-pc-linux-gnu-accel-nvptx-none-gcc returned 1 exit status
compilation terminated.
lto-wrapper: fatal error: /soft/packaging/spack-builds/linux-rhel7-x86_64/gcc-9.3.0/gcc-develop-42htf6epvpvtyxml575eslwb5u23pj2y/libexec/gcc/x86_64-pc-linux-gnu/10.0.0//accel/nvptx-none/mkoffload returned 1 exit status
compilation terminated.
/usr/bin/ld: error: lto-wrapper failed
collect2: error: ld returned 1 exit status
make: [llrintf_float_long_long_int.exe] Error 1 (ignored)
timeout 45s g++ -fopenmp floor_float_float.cpp -o floor_float_float.exe
ptxas /tmp/ccdp4p3A.o, line 88; error   : Label expected for argument 0 of instruction 'call'
ptxas /tmp/ccdp4p3A.o, line 88; fatal   : Call target not recognized
ptxas fatal   : Ptx assembly aborted due to errors
nvptx-as: ptxas returned 255 exit status
mkoffload: fatal error: x86_64-pc-linux-gnu-accel-nvptx-none-gcc returned 1 exit status
compilation terminated.
lto-wrapper: fatal error: /soft/packaging/spack-builds/linux-rhel7-x86_64/gcc-9.3.0/gcc-develop-42htf6epvpvtyxml575eslwb5u23pj2y/libexec/gcc/x86_64-pc-linux-gnu/10.0.0//accel/nvptx-none/mkoffload returned 1 exit status
compilation terminated.
/usr/bin/ld: error: lto-wrapper failed
collect2: error: ld returned 1 exit status
make: [floor_float_float.exe] Error 1 (ignored)
timeout 45s g++ -fopenmp log1pf_float_float.cpp -o log1pf_float_float.exe
unresolved symbol log1pf
collect2: error: ld returned 1 exit status
mkoffload: fatal error: x86_64-pc-linux-gnu-accel-nvptx-none-gcc returned 1 exit status
compilation terminated.
lto-wrapper: fatal error: /soft/packaging/spack-builds/linux-rhel7-x86_64/gcc-9.3.0/gcc-develop-42htf6epvpvtyxml575eslwb5u23pj2y/libexec/gcc/x86_64-pc-linux-gnu/10.0.0//accel/nvptx-none/mkoffload returned 1 exit status
compilation terminated.
/usr/bin/ld: error: lto-wrapper failed
collect2: error: ld returned 1 exit status
make: [log1pf_float_float.exe] Error 1 (ignored)
timeout 45s g++ -fopenmp exp2f_float_float.cpp -o exp2f_float_float.exe
unresolved symbol exp2f
collect2: error: ld returned 1 exit status
mkoffload: fatal error: x86_64-pc-linux-gnu-accel-nvptx-none-gcc returned 1 exit status
compilation terminated.
lto-wrapper: fatal error: /soft/packaging/spack-builds/linux-rhel7-x86_64/gcc-9.3.0/gcc-develop-42htf6epvpvtyxml575eslwb5u23pj2y/libexec/gcc/x86_64-pc-linux-gnu/10.0.0//accel/nvptx-none/mkoffload returned 1 exit status
compilation terminated.
/usr/bin/ld: error: lto-wrapper failed
collect2: error: ld returned 1 exit status
make: [exp2f_float_float.exe] Error 1 (ignored)
timeout 45s g++ -fopenmp nearbyintf_float_float.cpp -o nearbyintf_float_float.exe
unresolved symbol nearbyintf
collect2: error: ld returned 1 exit status
mkoffload: fatal error: x86_64-pc-linux-gnu-accel-nvptx-none-gcc returned 1 exit status
compilation terminated.
lto-wrapper: fatal error: /soft/packaging/spack-builds/linux-rhel7-x86_64/gcc-9.3.0/gcc-develop-42htf6epvpvtyxml575eslwb5u23pj2y/libexec/gcc/x86_64-pc-linux-gnu/10.0.0//accel/nvptx-none/mkoffload returned 1 exit status
compilation terminated.
/usr/bin/ld: error: lto-wrapper failed
collect2: error: ld returned 1 exit status
make: [nearbyintf_float_float.exe] Error 1 (ignored)
timeout 45s g++ -fopenmp cosh_float_float.cpp -o cosh_float_float.exe
ptxas /tmp/ccSkIalo.o, line 88; error   : Label expected for argument 0 of instruction 'call'
ptxas /tmp/ccSkIalo.o, line 88; fatal   : Call target not recognized
ptxas fatal   : Ptx assembly aborted due to errors
nvptx-as: ptxas returned 255 exit status
mkoffload: fatal error: x86_64-pc-linux-gnu-accel-nvptx-none-gcc returned 1 exit status
compilation terminated.
lto-wrapper: fatal error: /soft/packaging/spack-builds/linux-rhel7-x86_64/gcc-9.3.0/gcc-develop-42htf6epvpvtyxml575eslwb5u23pj2y/libexec/gcc/x86_64-pc-linux-gnu/10.0.0//accel/nvptx-none/mkoffload returned 1 exit status
compilation terminated.
/usr/bin/ld: error: lto-wrapper failed
collect2: error: ld returned 1 exit status
make: [cosh_float_float.exe] Error 1 (ignored)
timeout 45s g++ -fopenmp tanh_float_float.cpp -o tanh_float_float.exe
ptxas /tmp/cc29hIa8.o, line 88; error   : Label expected for argument 0 of instruction 'call'
ptxas /tmp/cc29hIa8.o, line 88; fatal   : Call target not recognized
ptxas fatal   : Ptx assembly aborted due to errors
nvptx-as: ptxas returned 255 exit status
mkoffload: fatal error: x86_64-pc-linux-gnu-accel-nvptx-none-gcc returned 1 exit status
compilation terminated.
lto-wrapper: fatal error: /soft/packaging/spack-builds/linux-rhel7-x86_64/gcc-9.3.0/gcc-develop-42htf6epvpvtyxml575eslwb5u23pj2y/libexec/gcc/x86_64-pc-linux-gnu/10.0.0//accel/nvptx-none/mkoffload returned 1 exit status
compilation terminated.
/usr/bin/ld: error: lto-wrapper failed
collect2: error: ld returned 1 exit status
make: [tanh_float_float.exe] Error 1 (ignored)
timeout 45s g++ -fopenmp remquo_float_float_int_float.cpp -o remquo_float_float_int_float.exe
ptxas /tmp/ccfgtpnK.o, line 107; error   : Label expected for argument 0 of instruction 'call'
ptxas /tmp/ccfgtpnK.o, line 107; fatal   : Call target not recognized
ptxas fatal   : Ptx assembly aborted due to errors
nvptx-as: ptxas returned 255 exit status
mkoffload: fatal error: x86_64-pc-linux-gnu-accel-nvptx-none-gcc returned 1 exit status
compilation terminated.
lto-wrapper: fatal error: /soft/packaging/spack-builds/linux-rhel7-x86_64/gcc-9.3.0/gcc-develop-42htf6epvpvtyxml575eslwb5u23pj2y/libexec/gcc/x86_64-pc-linux-gnu/10.0.0//accel/nvptx-none/mkoffload returned 1 exit status
compilation terminated.
/usr/bin/ld: error: lto-wrapper failed
collect2: error: ld returned 1 exit status
make: [remquo_float_float_int_float.exe] Error 1 (ignored)
timeout 45s g++ -fopenmp erfc_double_double.cpp -o erfc_double_double.exe
unresolved symbol erfc
collect2: error: ld returned 1 exit status
mkoffload: fatal error: x86_64-pc-linux-gnu-accel-nvptx-none-gcc returned 1 exit status
compilation terminated.
lto-wrapper: fatal error: /soft/packaging/spack-builds/linux-rhel7-x86_64/gcc-9.3.0/gcc-develop-42htf6epvpvtyxml575eslwb5u23pj2y/libexec/gcc/x86_64-pc-linux-gnu/10.0.0//accel/nvptx-none/mkoffload returned 1 exit status
compilation terminated.
/usr/bin/ld: error: lto-wrapper failed
collect2: error: ld returned 1 exit status
make: [erfc_double_double.exe] Error 1 (ignored)
timeout 45s g++ -fopenmp trunc_float_float.cpp -o trunc_float_float.exe
ptxas /tmp/ccn2vbZa.o, line 88; error   : Label expected for argument 0 of instruction 'call'
ptxas /tmp/ccn2vbZa.o, line 88; fatal   : Call target not recognized
ptxas fatal   : Ptx assembly aborted due to errors
nvptx-as: ptxas returned 255 exit status
mkoffload: fatal error: x86_64-pc-linux-gnu-accel-nvptx-none-gcc returned 1 exit status
compilation terminated.
lto-wrapper: fatal error: /soft/packaging/spack-builds/linux-rhel7-x86_64/gcc-9.3.0/gcc-develop-42htf6epvpvtyxml575eslwb5u23pj2y/libexec/gcc/x86_64-pc-linux-gnu/10.0.0//accel/nvptx-none/mkoffload returned 1 exit status
compilation terminated.
/usr/bin/ld: error: lto-wrapper failed
collect2: error: ld returned 1 exit status
make: [trunc_float_float.exe] Error 1 (ignored)
timeout 45s g++ -fopenmp round_double_double.cpp -o round_double_double.exe
unresolved symbol round
collect2: error: ld returned 1 exit status
mkoffload: fatal error: x86_64-pc-linux-gnu-accel-nvptx-none-gcc returned 1 exit status
compilation terminated.
lto-wrapper: fatal error: /soft/packaging/spack-builds/linux-rhel7-x86_64/gcc-9.3.0/gcc-develop-42htf6epvpvtyxml575eslwb5u23pj2y/libexec/gcc/x86_64-pc-linux-gnu/10.0.0//accel/nvptx-none/mkoffload returned 1 exit status
compilation terminated.
/usr/bin/ld: error: lto-wrapper failed
collect2: error: ld returned 1 exit status
make: [round_double_double.exe] Error 1 (ignored)
timeout 45s g++ -fopenmp fmodf_float_float_float.cpp -o fmodf_float_float_float.exe
unresolved symbol fmodf
collect2: error: ld returned 1 exit status
mkoffload: fatal error: x86_64-pc-linux-gnu-accel-nvptx-none-gcc returned 1 exit status
compilation terminated.
lto-wrapper: fatal error: /soft/packaging/spack-builds/linux-rhel7-x86_64/gcc-9.3.0/gcc-develop-42htf6epvpvtyxml575eslwb5u23pj2y/libexec/gcc/x86_64-pc-linux-gnu/10.0.0//accel/nvptx-none/mkoffload returned 1 exit status
compilation terminated.
/usr/bin/ld: error: lto-wrapper failed
collect2: error: ld returned 1 exit status
make: [fmodf_float_float_float.exe] Error 1 (ignored)
timeout 45s g++ -fopenmp lgamma_float_float.cpp -o lgamma_float_float.exe
ptxas /tmp/ccLJ57uk.o, line 88; error   : Label expected for argument 0 of instruction 'call'
ptxas /tmp/ccLJ57uk.o, line 88; fatal   : Call target not recognized
ptxas fatal   : Ptx assembly aborted due to errors
nvptx-as: ptxas returned 255 exit status
mkoffload: fatal error: x86_64-pc-linux-gnu-accel-nvptx-none-gcc returned 1 exit status
compilation terminated.
lto-wrapper: fatal error: /soft/packaging/spack-builds/linux-rhel7-x86_64/gcc-9.3.0/gcc-develop-42htf6epvpvtyxml575eslwb5u23pj2y/libexec/gcc/x86_64-pc-linux-gnu/10.0.0//accel/nvptx-none/mkoffload returned 1 exit status
compilation terminated.
/usr/bin/ld: error: lto-wrapper failed
collect2: error: ld returned 1 exit status
make: [lgamma_float_float.exe] Error 1 (ignored)
timeout 45s g++ -fopenmp llroundf_float_long_long_int.cpp -o llroundf_float_long_long_int.exe
unresolved symbol llroundf
collect2: error: ld returned 1 exit status
mkoffload: fatal error: x86_64-pc-linux-gnu-accel-nvptx-none-gcc returned 1 exit status
compilation terminated.
lto-wrapper: fatal error: /soft/packaging/spack-builds/linux-rhel7-x86_64/gcc-9.3.0/gcc-develop-42htf6epvpvtyxml575eslwb5u23pj2y/libexec/gcc/x86_64-pc-linux-gnu/10.0.0//accel/nvptx-none/mkoffload returned 1 exit status
compilation terminated.
/usr/bin/ld: error: lto-wrapper failed
collect2: error: ld returned 1 exit status
make: [llroundf_float_long_long_int.exe] Error 1 (ignored)
timeout 45s g++ -fopenmp fmod_float_float_float.cpp -o fmod_float_float_float.exe
ptxas /tmp/cc31081I.o, line 99; error   : Label expected for argument 0 of instruction 'call'
ptxas /tmp/cc31081I.o, line 99; fatal   : Call target not recognized
ptxas fatal   : Ptx assembly aborted due to errors
nvptx-as: ptxas returned 255 exit status
mkoffload: fatal error: x86_64-pc-linux-gnu-accel-nvptx-none-gcc returned 1 exit status
compilation terminated.
lto-wrapper: fatal error: /soft/packaging/spack-builds/linux-rhel7-x86_64/gcc-9.3.0/gcc-develop-42htf6epvpvtyxml575eslwb5u23pj2y/libexec/gcc/x86_64-pc-linux-gnu/10.0.0//accel/nvptx-none/mkoffload returned 1 exit status
compilation terminated.
/usr/bin/ld: error: lto-wrapper failed
collect2: error: ld returned 1 exit status
make: [fmod_float_float_float.exe] Error 1 (ignored)
timeout 45s g++ -fopenmp log2f_float_float.cpp -o log2f_float_float.exe
unresolved symbol log2f
collect2: error: ld returned 1 exit status
mkoffload: fatal error: x86_64-pc-linux-gnu-accel-nvptx-none-gcc returned 1 exit status
compilation terminated.
lto-wrapper: fatal error: /soft/packaging/spack-builds/linux-rhel7-x86_64/gcc-9.3.0/gcc-develop-42htf6epvpvtyxml575eslwb5u23pj2y/libexec/gcc/x86_64-pc-linux-gnu/10.0.0//accel/nvptx-none/mkoffload returned 1 exit status
compilation terminated.
/usr/bin/ld: error: lto-wrapper failed
collect2: error: ld returned 1 exit status
make: [log2f_float_float.exe] Error 1 (ignored)
timeout 45s g++ -fopenmp fpclassify_double_int.cpp -o fpclassify_double_int.exe
ptxas /tmp/ccjuyLC9.o, line 88; error   : Label expected for argument 0 of instruction 'call'
ptxas /tmp/ccjuyLC9.o, line 88; fatal   : Call target not recognized
ptxas fatal   : Ptx assembly aborted due to errors
nvptx-as: ptxas returned 255 exit status
mkoffload: fatal error: x86_64-pc-linux-gnu-accel-nvptx-none-gcc returned 1 exit status
compilation terminated.
lto-wrapper: fatal error: /soft/packaging/spack-builds/linux-rhel7-x86_64/gcc-9.3.0/gcc-develop-42htf6epvpvtyxml575eslwb5u23pj2y/libexec/gcc/x86_64-pc-linux-gnu/10.0.0//accel/nvptx-none/mkoffload returned 1 exit status
compilation terminated.
/usr/bin/ld: error: lto-wrapper failed
collect2: error: ld returned 1 exit status
make: [fpclassify_double_int.exe] Error 1 (ignored)
timeout 45s g++ -fopenmp ldexpf_float_int_float.cpp -o ldexpf_float_int_float.exe
timeout 45s g++ -fopenmp isinf_float_bool.cpp -o isinf_float_bool.exe
ptxas /tmp/ccyneMrz.o, line 90; error   : Label expected for argument 0 of instruction 'call'
ptxas /tmp/ccyneMrz.o, line 90; fatal   : Call target not recognized
ptxas fatal   : Ptx assembly aborted due to errors
nvptx-as: ptxas returned 255 exit status
mkoffload: fatal error: x86_64-pc-linux-gnu-accel-nvptx-none-gcc returned 1 exit status
compilation terminated.
lto-wrapper: fatal error: /soft/packaging/spack-builds/linux-rhel7-x86_64/gcc-9.3.0/gcc-develop-42htf6epvpvtyxml575eslwb5u23pj2y/libexec/gcc/x86_64-pc-linux-gnu/10.0.0//accel/nvptx-none/mkoffload returned 1 exit status
compilation terminated.
/usr/bin/ld: error: lto-wrapper failed
collect2: error: ld returned 1 exit status
make: [isinf_float_bool.exe] Error 1 (ignored)
timeout 45s g++ -fopenmp sqrtf_float_float.cpp -o sqrtf_float_float.exe
unresolved symbol sqrtf
collect2: error: ld returned 1 exit status
mkoffload: fatal error: x86_64-pc-linux-gnu-accel-nvptx-none-gcc returned 1 exit status
compilation terminated.
lto-wrapper: fatal error: /soft/packaging/spack-builds/linux-rhel7-x86_64/gcc-9.3.0/gcc-develop-42htf6epvpvtyxml575eslwb5u23pj2y/libexec/gcc/x86_64-pc-linux-gnu/10.0.0//accel/nvptx-none/mkoffload returned 1 exit status
compilation terminated.
/usr/bin/ld: error: lto-wrapper failed
collect2: error: ld returned 1 exit status
make: [sqrtf_float_float.exe] Error 1 (ignored)
timeout 45s g++ -fopenmp erff_float_float.cpp -o erff_float_float.exe
unresolved symbol erff
collect2: error: ld returned 1 exit status
mkoffload: fatal error: x86_64-pc-linux-gnu-accel-nvptx-none-gcc returned 1 exit status
compilation terminated.
lto-wrapper: fatal error: /soft/packaging/spack-builds/linux-rhel7-x86_64/gcc-9.3.0/gcc-develop-42htf6epvpvtyxml575eslwb5u23pj2y/libexec/gcc/x86_64-pc-linux-gnu/10.0.0//accel/nvptx-none/mkoffload returned 1 exit status
compilation terminated.
/usr/bin/ld: error: lto-wrapper failed
collect2: error: ld returned 1 exit status
make: [erff_float_float.exe] Error 1 (ignored)
timeout 45s g++ -fopenmp isgreaterequal_float_float_bool.cpp -o isgreaterequal_float_float_bool.exe
ptxas /tmp/cc3ZH5mQ.o, line 101; error   : Label expected for argument 0 of instruction 'call'
ptxas /tmp/cc3ZH5mQ.o, line 101; fatal   : Call target not recognized
ptxas fatal   : Ptx assembly aborted due to errors
nvptx-as: ptxas returned 255 exit status
mkoffload: fatal error: x86_64-pc-linux-gnu-accel-nvptx-none-gcc returned 1 exit status
compilation terminated.
lto-wrapper: fatal error: /soft/packaging/spack-builds/linux-rhel7-x86_64/gcc-9.3.0/gcc-develop-42htf6epvpvtyxml575eslwb5u23pj2y/libexec/gcc/x86_64-pc-linux-gnu/10.0.0//accel/nvptx-none/mkoffload returned 1 exit status
compilation terminated.
/usr/bin/ld: error: lto-wrapper failed
collect2: error: ld returned 1 exit status
make: [isgreaterequal_float_float_bool.exe] Error 1 (ignored)
timeout 45s g++ -fopenmp round_float_float.cpp -o round_float_float.exe
ptxas /tmp/ccyzgSrp.o, line 88; error   : Label expected for argument 0 of instruction 'call'
ptxas /tmp/ccyzgSrp.o, line 88; fatal   : Call target not recognized
ptxas fatal   : Ptx assembly aborted due to errors
nvptx-as: ptxas returned 255 exit status
mkoffload: fatal error: x86_64-pc-linux-gnu-accel-nvptx-none-gcc returned 1 exit status
compilation terminated.
lto-wrapper: fatal error: /soft/packaging/spack-builds/linux-rhel7-x86_64/gcc-9.3.0/gcc-develop-42htf6epvpvtyxml575eslwb5u23pj2y/libexec/gcc/x86_64-pc-linux-gnu/10.0.0//accel/nvptx-none/mkoffload returned 1 exit status
compilation terminated.
/usr/bin/ld: error: lto-wrapper failed
collect2: error: ld returned 1 exit status
make: [round_float_float.exe] Error 1 (ignored)
timeout 45s g++ -fopenmp remainder_double_double_double.cpp -o remainder_double_double_double.exe
unresolved symbol remainder
collect2: error: ld returned 1 exit status
mkoffload: fatal error: x86_64-pc-linux-gnu-accel-nvptx-none-gcc returned 1 exit status
compilation terminated.
lto-wrapper: fatal error: /soft/packaging/spack-builds/linux-rhel7-x86_64/gcc-9.3.0/gcc-develop-42htf6epvpvtyxml575eslwb5u23pj2y/libexec/gcc/x86_64-pc-linux-gnu/10.0.0//accel/nvptx-none/mkoffload returned 1 exit status
compilation terminated.
/usr/bin/ld: error: lto-wrapper failed
collect2: error: ld returned 1 exit status
make: [remainder_double_double_double.exe] Error 1 (ignored)
timeout 45s g++ -fopenmp asinh_double_double.cpp -o asinh_double_double.exe
unresolved symbol asinh
collect2: error: ld returned 1 exit status
mkoffload: fatal error: x86_64-pc-linux-gnu-accel-nvptx-none-gcc returned 1 exit status
compilation terminated.
lto-wrapper: fatal error: /soft/packaging/spack-builds/linux-rhel7-x86_64/gcc-9.3.0/gcc-develop-42htf6epvpvtyxml575eslwb5u23pj2y/libexec/gcc/x86_64-pc-linux-gnu/10.0.0//accel/nvptx-none/mkoffload returned 1 exit status
compilation terminated.
/usr/bin/ld: error: lto-wrapper failed
collect2: error: ld returned 1 exit status
make: [asinh_double_double.exe] Error 1 (ignored)
timeout 45s g++ -fopenmp llrint_double_long_long_int.cpp -o llrint_double_long_long_int.exe
unresolved symbol llrint
collect2: error: ld returned 1 exit status
mkoffload: fatal error: x86_64-pc-linux-gnu-accel-nvptx-none-gcc returned 1 exit status
compilation terminated.
lto-wrapper: fatal error: /soft/packaging/spack-builds/linux-rhel7-x86_64/gcc-9.3.0/gcc-develop-42htf6epvpvtyxml575eslwb5u23pj2y/libexec/gcc/x86_64-pc-linux-gnu/10.0.0//accel/nvptx-none/mkoffload returned 1 exit status
compilation terminated.
/usr/bin/ld: error: lto-wrapper failed
collect2: error: ld returned 1 exit status
make: [llrint_double_long_long_int.exe] Error 1 (ignored)
timeout 45s g++ -fopenmp acosh_float_float.cpp -o acosh_float_float.exe
ptxas /tmp/ccJzpqgo.o, line 88; error   : Label expected for argument 0 of instruction 'call'
ptxas /tmp/ccJzpqgo.o, line 88; fatal   : Call target not recognized
ptxas fatal   : Ptx assembly aborted due to errors
nvptx-as: ptxas returned 255 exit status
mkoffload: fatal error: x86_64-pc-linux-gnu-accel-nvptx-none-gcc returned 1 exit status
compilation terminated.
lto-wrapper: fatal error: /soft/packaging/spack-builds/linux-rhel7-x86_64/gcc-9.3.0/gcc-develop-42htf6epvpvtyxml575eslwb5u23pj2y/libexec/gcc/x86_64-pc-linux-gnu/10.0.0//accel/nvptx-none/mkoffload returned 1 exit status
compilation terminated.
/usr/bin/ld: error: lto-wrapper failed
collect2: error: ld returned 1 exit status
make: [acosh_float_float.exe] Error 1 (ignored)
timeout 45s g++ -fopenmp ldexp_double_int_double.cpp -o ldexp_double_int_double.exe
timeout 45s g++ -fopenmp hypot_double_double_double.cpp -o hypot_double_double_double.exe
unresolved symbol hypot
collect2: error: ld returned 1 exit status
mkoffload: fatal error: x86_64-pc-linux-gnu-accel-nvptx-none-gcc returned 1 exit status
compilation terminated.
lto-wrapper: fatal error: /soft/packaging/spack-builds/linux-rhel7-x86_64/gcc-9.3.0/gcc-develop-42htf6epvpvtyxml575eslwb5u23pj2y/libexec/gcc/x86_64-pc-linux-gnu/10.0.0//accel/nvptx-none/mkoffload returned 1 exit status
compilation terminated.
/usr/bin/ld: error: lto-wrapper failed
collect2: error: ld returned 1 exit status
make: [hypot_double_double_double.exe] Error 1 (ignored)
timeout 45s g++ -fopenmp cos_float_float.cpp -o cos_float_float.exe
ptxas /tmp/ccGROGKB.o, line 88; error   : Label expected for argument 0 of instruction 'call'
ptxas /tmp/ccGROGKB.o, line 88; fatal   : Call target not recognized
ptxas fatal   : Ptx assembly aborted due to errors
nvptx-as: ptxas returned 255 exit status
mkoffload: fatal error: x86_64-pc-linux-gnu-accel-nvptx-none-gcc returned 1 exit status
compilation terminated.
lto-wrapper: fatal error: /soft/packaging/spack-builds/linux-rhel7-x86_64/gcc-9.3.0/gcc-develop-42htf6epvpvtyxml575eslwb5u23pj2y/libexec/gcc/x86_64-pc-linux-gnu/10.0.0//accel/nvptx-none/mkoffload returned 1 exit status
compilation terminated.
/usr/bin/ld: error: lto-wrapper failed
collect2: error: ld returned 1 exit status
make: [cos_float_float.exe] Error 1 (ignored)
timeout 45s g++ -fopenmp lgamma_double_double.cpp -o lgamma_double_double.exe
unresolved symbol lgamma
collect2: error: ld returned 1 exit status
mkoffload: fatal error: x86_64-pc-linux-gnu-accel-nvptx-none-gcc returned 1 exit status
compilation terminated.
lto-wrapper: fatal error: /soft/packaging/spack-builds/linux-rhel7-x86_64/gcc-9.3.0/gcc-develop-42htf6epvpvtyxml575eslwb5u23pj2y/libexec/gcc/x86_64-pc-linux-gnu/10.0.0//accel/nvptx-none/mkoffload returned 1 exit status
compilation terminated.
/usr/bin/ld: error: lto-wrapper failed
collect2: error: ld returned 1 exit status
make: [lgamma_double_double.exe] Error 1 (ignored)
timeout 45s g++ -fopenmp signbit_float_bool.cpp -o signbit_float_bool.exe
ptxas /tmp/cc2aqxWR.o, line 90; error   : Label expected for argument 0 of instruction 'call'
ptxas /tmp/cc2aqxWR.o, line 90; fatal   : Call target not recognized
ptxas fatal   : Ptx assembly aborted due to errors
nvptx-as: ptxas returned 255 exit status
mkoffload: fatal error: x86_64-pc-linux-gnu-accel-nvptx-none-gcc returned 1 exit status
compilation terminated.
lto-wrapper: fatal error: /soft/packaging/spack-builds/linux-rhel7-x86_64/gcc-9.3.0/gcc-develop-42htf6epvpvtyxml575eslwb5u23pj2y/libexec/gcc/x86_64-pc-linux-gnu/10.0.0//accel/nvptx-none/mkoffload returned 1 exit status
compilation terminated.
/usr/bin/ld: error: lto-wrapper failed
collect2: error: ld returned 1 exit status
make: [signbit_float_bool.exe] Error 1 (ignored)
timeout 45s g++ -fopenmp asinh_float_float.cpp -o asinh_float_float.exe
ptxas /tmp/ccPPivZF.o, line 88; error   : Label expected for argument 0 of instruction 'call'
ptxas /tmp/ccPPivZF.o, line 88; fatal   : Call target not recognized
ptxas fatal   : Ptx assembly aborted due to errors
nvptx-as: ptxas returned 255 exit status
mkoffload: fatal error: x86_64-pc-linux-gnu-accel-nvptx-none-gcc returned 1 exit status
compilation terminated.
lto-wrapper: fatal error: /soft/packaging/spack-builds/linux-rhel7-x86_64/gcc-9.3.0/gcc-develop-42htf6epvpvtyxml575eslwb5u23pj2y/libexec/gcc/x86_64-pc-linux-gnu/10.0.0//accel/nvptx-none/mkoffload returned 1 exit status
compilation terminated.
/usr/bin/ld: error: lto-wrapper failed
collect2: error: ld returned 1 exit status
make: [asinh_float_float.exe] Error 1 (ignored)
timeout 45s g++ -fopenmp lrint_double_long_int.cpp -o lrint_double_long_int.exe
unresolved symbol lrint
collect2: error: ld returned 1 exit status
mkoffload: fatal error: x86_64-pc-linux-gnu-accel-nvptx-none-gcc returned 1 exit status
compilation terminated.
lto-wrapper: fatal error: /soft/packaging/spack-builds/linux-rhel7-x86_64/gcc-9.3.0/gcc-develop-42htf6epvpvtyxml575eslwb5u23pj2y/libexec/gcc/x86_64-pc-linux-gnu/10.0.0//accel/nvptx-none/mkoffload returned 1 exit status
compilation terminated.
/usr/bin/ld: error: lto-wrapper failed
collect2: error: ld returned 1 exit status
make: [lrint_double_long_int.exe] Error 1 (ignored)
timeout 45s g++ -fopenmp scalblnf_float_long_int_float.cpp -o scalblnf_float_long_int_float.exe
unresolved symbol scalblnf
collect2: error: ld returned 1 exit status
mkoffload: fatal error: x86_64-pc-linux-gnu-accel-nvptx-none-gcc returned 1 exit status
compilation terminated.
lto-wrapper: fatal error: /soft/packaging/spack-builds/linux-rhel7-x86_64/gcc-9.3.0/gcc-develop-42htf6epvpvtyxml575eslwb5u23pj2y/libexec/gcc/x86_64-pc-linux-gnu/10.0.0//accel/nvptx-none/mkoffload returned 1 exit status
compilation terminated.
/usr/bin/ld: error: lto-wrapper failed
collect2: error: ld returned 1 exit status
make: [scalblnf_float_long_int_float.exe] Error 1 (ignored)
timeout 45s g++ -fopenmp atanhf_float_float.cpp -o atanhf_float_float.exe
unresolved symbol atanhf
collect2: error: ld returned 1 exit status
mkoffload: fatal error: x86_64-pc-linux-gnu-accel-nvptx-none-gcc returned 1 exit status
compilation terminated.
lto-wrapper: fatal error: /soft/packaging/spack-builds/linux-rhel7-x86_64/gcc-9.3.0/gcc-develop-42htf6epvpvtyxml575eslwb5u23pj2y/libexec/gcc/x86_64-pc-linux-gnu/10.0.0//accel/nvptx-none/mkoffload returned 1 exit status
compilation terminated.
/usr/bin/ld: error: lto-wrapper failed
collect2: error: ld returned 1 exit status
make: [atanhf_float_float.exe] Error 1 (ignored)
timeout 45s g++ -fopenmp isnan_double_bool.cpp -o isnan_double_bool.exe
timeout 45s g++ -fopenmp copysign_float_float_float.cpp -o copysign_float_float_float.exe
ptxas /tmp/cc8VFDqm.o, line 99; error   : Label expected for argument 0 of instruction 'call'
ptxas /tmp/cc8VFDqm.o, line 99; fatal   : Call target not recognized
ptxas fatal   : Ptx assembly aborted due to errors
nvptx-as: ptxas returned 255 exit status
mkoffload: fatal error: x86_64-pc-linux-gnu-accel-nvptx-none-gcc returned 1 exit status
compilation terminated.
lto-wrapper: fatal error: /soft/packaging/spack-builds/linux-rhel7-x86_64/gcc-9.3.0/gcc-develop-42htf6epvpvtyxml575eslwb5u23pj2y/libexec/gcc/x86_64-pc-linux-gnu/10.0.0//accel/nvptx-none/mkoffload returned 1 exit status
compilation terminated.
/usr/bin/ld: error: lto-wrapper failed
collect2: error: ld returned 1 exit status
make: [copysign_float_float_float.exe] Error 1 (ignored)
timeout 45s g++ -fopenmp ldexp_float_int_float.cpp -o ldexp_float_int_float.exe
ptxas /tmp/ccYGWqRZ.o, line 101; error   : Label expected for argument 0 of instruction 'call'
ptxas /tmp/ccYGWqRZ.o, line 101; fatal   : Call target not recognized
ptxas fatal   : Ptx assembly aborted due to errors
nvptx-as: ptxas returned 255 exit status
mkoffload: fatal error: x86_64-pc-linux-gnu-accel-nvptx-none-gcc returned 1 exit status
compilation terminated.
lto-wrapper: fatal error: /soft/packaging/spack-builds/linux-rhel7-x86_64/gcc-9.3.0/gcc-develop-42htf6epvpvtyxml575eslwb5u23pj2y/libexec/gcc/x86_64-pc-linux-gnu/10.0.0//accel/nvptx-none/mkoffload returned 1 exit status
compilation terminated.
/usr/bin/ld: error: lto-wrapper failed
collect2: error: ld returned 1 exit status
make: [ldexp_float_int_float.exe] Error 1 (ignored)
timeout 45s g++ -fopenmp fmax_float_float_float.cpp -o fmax_float_float_float.exe
ptxas /tmp/cc5tNXoI.o, line 99; error   : Label expected for argument 0 of instruction 'call'
ptxas /tmp/cc5tNXoI.o, line 99; fatal   : Call target not recognized
ptxas fatal   : Ptx assembly aborted due to errors
nvptx-as: ptxas returned 255 exit status
mkoffload: fatal error: x86_64-pc-linux-gnu-accel-nvptx-none-gcc returned 1 exit status
compilation terminated.
lto-wrapper: fatal error: /soft/packaging/spack-builds/linux-rhel7-x86_64/gcc-9.3.0/gcc-develop-42htf6epvpvtyxml575eslwb5u23pj2y/libexec/gcc/x86_64-pc-linux-gnu/10.0.0//accel/nvptx-none/mkoffload returned 1 exit status
compilation terminated.
/usr/bin/ld: error: lto-wrapper failed
collect2: error: ld returned 1 exit status
make: [fmax_float_float_float.exe] Error 1 (ignored)
timeout 45s g++ -fopenmp fabs_float_float.cpp -o fabs_float_float.exe
ptxas /tmp/ccyfV35k.o, line 88; error   : Label expected for argument 0 of instruction 'call'
ptxas /tmp/ccyfV35k.o, line 88; fatal   : Call target not recognized
ptxas fatal   : Ptx assembly aborted due to errors
nvptx-as: ptxas returned 255 exit status
mkoffload: fatal error: x86_64-pc-linux-gnu-accel-nvptx-none-gcc returned 1 exit status
compilation terminated.
lto-wrapper: fatal error: /soft/packaging/spack-builds/linux-rhel7-x86_64/gcc-9.3.0/gcc-develop-42htf6epvpvtyxml575eslwb5u23pj2y/libexec/gcc/x86_64-pc-linux-gnu/10.0.0//accel/nvptx-none/mkoffload returned 1 exit status
compilation terminated.
/usr/bin/ld: error: lto-wrapper failed
collect2: error: ld returned 1 exit status
make: [fabs_float_float.exe] Error 1 (ignored)
timeout 45s g++ -fopenmp tgamma_float_float.cpp -o tgamma_float_float.exe
ptxas /tmp/ccitpU55.o, line 88; error   : Label expected for argument 0 of instruction 'call'
ptxas /tmp/ccitpU55.o, line 88; fatal   : Call target not recognized
ptxas fatal   : Ptx assembly aborted due to errors
nvptx-as: ptxas returned 255 exit status
mkoffload: fatal error: x86_64-pc-linux-gnu-accel-nvptx-none-gcc returned 1 exit status
compilation terminated.
lto-wrapper: fatal error: /soft/packaging/spack-builds/linux-rhel7-x86_64/gcc-9.3.0/gcc-develop-42htf6epvpvtyxml575eslwb5u23pj2y/libexec/gcc/x86_64-pc-linux-gnu/10.0.0//accel/nvptx-none/mkoffload returned 1 exit status
compilation terminated.
/usr/bin/ld: error: lto-wrapper failed
collect2: error: ld returned 1 exit status
make: [tgamma_float_float.exe] Error 1 (ignored)
timeout 45s g++ -fopenmp atan2_float_float_float.cpp -o atan2_float_float_float.exe
ptxas /tmp/ccUZdatH.o, line 99; error   : Label expected for argument 0 of instruction 'call'
ptxas /tmp/ccUZdatH.o, line 99; fatal   : Call target not recognized
ptxas fatal   : Ptx assembly aborted due to errors
nvptx-as: ptxas returned 255 exit status
mkoffload: fatal error: x86_64-pc-linux-gnu-accel-nvptx-none-gcc returned 1 exit status
compilation terminated.
lto-wrapper: fatal error: /soft/packaging/spack-builds/linux-rhel7-x86_64/gcc-9.3.0/gcc-develop-42htf6epvpvtyxml575eslwb5u23pj2y/libexec/gcc/x86_64-pc-linux-gnu/10.0.0//accel/nvptx-none/mkoffload returned 1 exit status
compilation terminated.
/usr/bin/ld: error: lto-wrapper failed
collect2: error: ld returned 1 exit status
make: [atan2_float_float_float.exe] Error 1 (ignored)
timeout 45s g++ -fopenmp logf_float_float.cpp -o logf_float_float.exe
unresolved symbol logf
collect2: error: ld returned 1 exit status
mkoffload: fatal error: x86_64-pc-linux-gnu-accel-nvptx-none-gcc returned 1 exit status
compilation terminated.
lto-wrapper: fatal error: /soft/packaging/spack-builds/linux-rhel7-x86_64/gcc-9.3.0/gcc-develop-42htf6epvpvtyxml575eslwb5u23pj2y/libexec/gcc/x86_64-pc-linux-gnu/10.0.0//accel/nvptx-none/mkoffload returned 1 exit status
compilation terminated.
/usr/bin/ld: error: lto-wrapper failed
collect2: error: ld returned 1 exit status
make: [logf_float_float.exe] Error 1 (ignored)
timeout 45s g++ -fopenmp islessgreater_float_float_bool.cpp -o islessgreater_float_float_bool.exe
ptxas /tmp/ccdgpjX4.o, line 101; error   : Label expected for argument 0 of instruction 'call'
ptxas /tmp/ccdgpjX4.o, line 101; fatal   : Call target not recognized
ptxas fatal   : Ptx assembly aborted due to errors
nvptx-as: ptxas returned 255 exit status
mkoffload: fatal error: x86_64-pc-linux-gnu-accel-nvptx-none-gcc returned 1 exit status
compilation terminated.
lto-wrapper: fatal error: /soft/packaging/spack-builds/linux-rhel7-x86_64/gcc-9.3.0/gcc-develop-42htf6epvpvtyxml575eslwb5u23pj2y/libexec/gcc/x86_64-pc-linux-gnu/10.0.0//accel/nvptx-none/mkoffload returned 1 exit status
compilation terminated.
/usr/bin/ld: error: lto-wrapper failed
collect2: error: ld returned 1 exit status
make: [islessgreater_float_float_bool.exe] Error 1 (ignored)
timeout 45s g++ -fopenmp logb_double_double.cpp -o logb_double_double.exe
unresolved symbol logb
collect2: error: ld returned 1 exit status
mkoffload: fatal error: x86_64-pc-linux-gnu-accel-nvptx-none-gcc returned 1 exit status
compilation terminated.
lto-wrapper: fatal error: /soft/packaging/spack-builds/linux-rhel7-x86_64/gcc-9.3.0/gcc-develop-42htf6epvpvtyxml575eslwb5u23pj2y/libexec/gcc/x86_64-pc-linux-gnu/10.0.0//accel/nvptx-none/mkoffload returned 1 exit status
compilation terminated.
/usr/bin/ld: error: lto-wrapper failed
collect2: error: ld returned 1 exit status
make: [logb_double_double.exe] Error 1 (ignored)
timeout 45s g++ -fopenmp ceil_double_double.cpp -o ceil_double_double.exe
unresolved symbol ceil
collect2: error: ld returned 1 exit status
mkoffload: fatal error: x86_64-pc-linux-gnu-accel-nvptx-none-gcc returned 1 exit status
compilation terminated.
lto-wrapper: fatal error: /soft/packaging/spack-builds/linux-rhel7-x86_64/gcc-9.3.0/gcc-develop-42htf6epvpvtyxml575eslwb5u23pj2y/libexec/gcc/x86_64-pc-linux-gnu/10.0.0//accel/nvptx-none/mkoffload returned 1 exit status
compilation terminated.
/usr/bin/ld: error: lto-wrapper failed
collect2: error: ld returned 1 exit status
make: [ceil_double_double.exe] Error 1 (ignored)
timeout 45s g++ -fopenmp cos_double_double.cpp -o cos_double_double.exe
unresolved symbol cos
collect2: error: ld returned 1 exit status
mkoffload: fatal error: x86_64-pc-linux-gnu-accel-nvptx-none-gcc returned 1 exit status
compilation terminated.
lto-wrapper: fatal error: /soft/packaging/spack-builds/linux-rhel7-x86_64/gcc-9.3.0/gcc-develop-42htf6epvpvtyxml575eslwb5u23pj2y/libexec/gcc/x86_64-pc-linux-gnu/10.0.0//accel/nvptx-none/mkoffload returned 1 exit status
compilation terminated.
/usr/bin/ld: error: lto-wrapper failed
collect2: error: ld returned 1 exit status
make: [cos_double_double.exe] Error 1 (ignored)
timeout 45s g++ -fopenmp nearbyint_double_double.cpp -o nearbyint_double_double.exe
unresolved symbol nearbyint
collect2: error: ld returned 1 exit status
mkoffload: fatal error: x86_64-pc-linux-gnu-accel-nvptx-none-gcc returned 1 exit status
compilation terminated.
lto-wrapper: fatal error: /soft/packaging/spack-builds/linux-rhel7-x86_64/gcc-9.3.0/gcc-develop-42htf6epvpvtyxml575eslwb5u23pj2y/libexec/gcc/x86_64-pc-linux-gnu/10.0.0//accel/nvptx-none/mkoffload returned 1 exit status
compilation terminated.
/usr/bin/ld: error: lto-wrapper failed
collect2: error: ld returned 1 exit status
make: [nearbyint_double_double.exe] Error 1 (ignored)
timeout 45s g++ -fopenmp islessequal_double_double_bool.cpp -o islessequal_double_double_bool.exe
ptxas /tmp/ccTaUtzH.o, line 101; error   : Label expected for argument 0 of instruction 'call'
ptxas /tmp/ccTaUtzH.o, line 101; fatal   : Call target not recognized
ptxas fatal   : Ptx assembly aborted due to errors
nvptx-as: ptxas returned 255 exit status
mkoffload: fatal error: x86_64-pc-linux-gnu-accel-nvptx-none-gcc returned 1 exit status
compilation terminated.
lto-wrapper: fatal error: /soft/packaging/spack-builds/linux-rhel7-x86_64/gcc-9.3.0/gcc-develop-42htf6epvpvtyxml575eslwb5u23pj2y/libexec/gcc/x86_64-pc-linux-gnu/10.0.0//accel/nvptx-none/mkoffload returned 1 exit status
compilation terminated.
/usr/bin/ld: error: lto-wrapper failed
collect2: error: ld returned 1 exit status
make: [islessequal_double_double_bool.exe] Error 1 (ignored)
timeout 45s g++ -fopenmp lrintf_float_long_int.cpp -o lrintf_float_long_int.exe
unresolved symbol lrintf
collect2: error: ld returned 1 exit status
mkoffload: fatal error: x86_64-pc-linux-gnu-accel-nvptx-none-gcc returned 1 exit status
compilation terminated.
lto-wrapper: fatal error: /soft/packaging/spack-builds/linux-rhel7-x86_64/gcc-9.3.0/gcc-develop-42htf6epvpvtyxml575eslwb5u23pj2y/libexec/gcc/x86_64-pc-linux-gnu/10.0.0//accel/nvptx-none/mkoffload returned 1 exit status
compilation terminated.
/usr/bin/ld: error: lto-wrapper failed
collect2: error: ld returned 1 exit status
make: [lrintf_float_long_int.exe] Error 1 (ignored)
timeout 45s g++ -fopenmp erfc_float_float.cpp -o erfc_float_float.exe
ptxas /tmp/ccBbpJTa.o, line 88; error   : Label expected for argument 0 of instruction 'call'
ptxas /tmp/ccBbpJTa.o, line 88; fatal   : Call target not recognized
ptxas fatal   : Ptx assembly aborted due to errors
nvptx-as: ptxas returned 255 exit status
mkoffload: fatal error: x86_64-pc-linux-gnu-accel-nvptx-none-gcc returned 1 exit status
compilation terminated.
lto-wrapper: fatal error: /soft/packaging/spack-builds/linux-rhel7-x86_64/gcc-9.3.0/gcc-develop-42htf6epvpvtyxml575eslwb5u23pj2y/libexec/gcc/x86_64-pc-linux-gnu/10.0.0//accel/nvptx-none/mkoffload returned 1 exit status
compilation terminated.
/usr/bin/ld: error: lto-wrapper failed
collect2: error: ld returned 1 exit status
make: [erfc_float_float.exe] Error 1 (ignored)
timeout 45s g++ -fopenmp acosf_float_float.cpp -o acosf_float_float.exe
unresolved symbol acosf
collect2: error: ld returned 1 exit status
mkoffload: fatal error: x86_64-pc-linux-gnu-accel-nvptx-none-gcc returned 1 exit status
compilation terminated.
lto-wrapper: fatal error: /soft/packaging/spack-builds/linux-rhel7-x86_64/gcc-9.3.0/gcc-develop-42htf6epvpvtyxml575eslwb5u23pj2y/libexec/gcc/x86_64-pc-linux-gnu/10.0.0//accel/nvptx-none/mkoffload returned 1 exit status
compilation terminated.
/usr/bin/ld: error: lto-wrapper failed
collect2: error: ld returned 1 exit status
make: [acosf_float_float.exe] Error 1 (ignored)
timeout 45s g++ -fopenmp expm1_double_double.cpp -o expm1_double_double.exe
unresolved symbol expm1
collect2: error: ld returned 1 exit status
mkoffload: fatal error: x86_64-pc-linux-gnu-accel-nvptx-none-gcc returned 1 exit status
compilation terminated.
lto-wrapper: fatal error: /soft/packaging/spack-builds/linux-rhel7-x86_64/gcc-9.3.0/gcc-develop-42htf6epvpvtyxml575eslwb5u23pj2y/libexec/gcc/x86_64-pc-linux-gnu/10.0.0//accel/nvptx-none/mkoffload returned 1 exit status
compilation terminated.
/usr/bin/ld: error: lto-wrapper failed
collect2: error: ld returned 1 exit status
make: [expm1_double_double.exe] Error 1 (ignored)
timeout 45s g++ -fopenmp remainderf_float_float_float.cpp -o remainderf_float_float_float.exe
unresolved symbol remainderf
collect2: error: ld returned 1 exit status
mkoffload: fatal error: x86_64-pc-linux-gnu-accel-nvptx-none-gcc returned 1 exit status
compilation terminated.
lto-wrapper: fatal error: /soft/packaging/spack-builds/linux-rhel7-x86_64/gcc-9.3.0/gcc-develop-42htf6epvpvtyxml575eslwb5u23pj2y/libexec/gcc/x86_64-pc-linux-gnu/10.0.0//accel/nvptx-none/mkoffload returned 1 exit status
compilation terminated.
/usr/bin/ld: error: lto-wrapper failed
collect2: error: ld returned 1 exit status
make: [remainderf_float_float_float.exe] Error 1 (ignored)
timeout 45s g++ -fopenmp abs_long_long_int_long_long_int.cpp -o abs_long_long_int_long_long_int.exe
ptxas /tmp/ccSIs7IW.o, line 88; error   : Label expected for argument 0 of instruction 'call'
ptxas /tmp/ccSIs7IW.o, line 88; fatal   : Call target not recognized
ptxas fatal   : Ptx assembly aborted due to errors
nvptx-as: ptxas returned 255 exit status
mkoffload: fatal error: x86_64-pc-linux-gnu-accel-nvptx-none-gcc returned 1 exit status
compilation terminated.
lto-wrapper: fatal error: /soft/packaging/spack-builds/linux-rhel7-x86_64/gcc-9.3.0/gcc-develop-42htf6epvpvtyxml575eslwb5u23pj2y/libexec/gcc/x86_64-pc-linux-gnu/10.0.0//accel/nvptx-none/mkoffload returned 1 exit status
compilation terminated.
/usr/bin/ld: error: lto-wrapper failed
collect2: error: ld returned 1 exit status
make: [abs_long_long_int_long_long_int.exe] Error 1 (ignored)
timeout 45s g++ -fopenmp tanh_double_double.cpp -o tanh_double_double.exe
unresolved symbol tanh
collect2: error: ld returned 1 exit status
mkoffload: fatal error: x86_64-pc-linux-gnu-accel-nvptx-none-gcc returned 1 exit status
compilation terminated.
lto-wrapper: fatal error: /soft/packaging/spack-builds/linux-rhel7-x86_64/gcc-9.3.0/gcc-develop-42htf6epvpvtyxml575eslwb5u23pj2y/libexec/gcc/x86_64-pc-linux-gnu/10.0.0//accel/nvptx-none/mkoffload returned 1 exit status
compilation terminated.
/usr/bin/ld: error: lto-wrapper failed
collect2: error: ld returned 1 exit status
make: [tanh_double_double.exe] Error 1 (ignored)
timeout 45s g++ -fopenmp exp2_float_float.cpp -o exp2_float_float.exe
ptxas /tmp/cc6NKaEo.o, line 88; error   : Label expected for argument 0 of instruction 'call'
ptxas /tmp/cc6NKaEo.o, line 88; fatal   : Call target not recognized
ptxas fatal   : Ptx assembly aborted due to errors
nvptx-as: ptxas returned 255 exit status
mkoffload: fatal error: x86_64-pc-linux-gnu-accel-nvptx-none-gcc returned 1 exit status
compilation terminated.
lto-wrapper: fatal error: /soft/packaging/spack-builds/linux-rhel7-x86_64/gcc-9.3.0/gcc-develop-42htf6epvpvtyxml575eslwb5u23pj2y/libexec/gcc/x86_64-pc-linux-gnu/10.0.0//accel/nvptx-none/mkoffload returned 1 exit status
compilation terminated.
/usr/bin/ld: error: lto-wrapper failed
collect2: error: ld returned 1 exit status
make: [exp2_float_float.exe] Error 1 (ignored)
timeout 45s g++ -fopenmp signbit_double_bool.cpp -o signbit_double_bool.exe
ptxas /tmp/ccyMLWTW.o, line 90; error   : Label expected for argument 0 of instruction 'call'
ptxas /tmp/ccyMLWTW.o, line 90; fatal   : Call target not recognized
ptxas fatal   : Ptx assembly aborted due to errors
nvptx-as: ptxas returned 255 exit status
mkoffload: fatal error: x86_64-pc-linux-gnu-accel-nvptx-none-gcc returned 1 exit status
compilation terminated.
lto-wrapper: fatal error: /soft/packaging/spack-builds/linux-rhel7-x86_64/gcc-9.3.0/gcc-develop-42htf6epvpvtyxml575eslwb5u23pj2y/libexec/gcc/x86_64-pc-linux-gnu/10.0.0//accel/nvptx-none/mkoffload returned 1 exit status
compilation terminated.
/usr/bin/ld: error: lto-wrapper failed
collect2: error: ld returned 1 exit status
make: [signbit_double_bool.exe] Error 1 (ignored)
timeout 45s g++ -fopenmp cbrtf_float_float.cpp -o cbrtf_float_float.exe
unresolved symbol cbrtf
collect2: error: ld returned 1 exit status
mkoffload: fatal error: x86_64-pc-linux-gnu-accel-nvptx-none-gcc returned 1 exit status
compilation terminated.
lto-wrapper: fatal error: /soft/packaging/spack-builds/linux-rhel7-x86_64/gcc-9.3.0/gcc-develop-42htf6epvpvtyxml575eslwb5u23pj2y/libexec/gcc/x86_64-pc-linux-gnu/10.0.0//accel/nvptx-none/mkoffload returned 1 exit status
compilation terminated.
/usr/bin/ld: error: lto-wrapper failed
collect2: error: ld returned 1 exit status
make: [cbrtf_float_float.exe] Error 1 (ignored)
timeout 45s g++ -fopenmp truncf_float_float.cpp -o truncf_float_float.exe
unresolved symbol truncf
collect2: error: ld returned 1 exit status
mkoffload: fatal error: x86_64-pc-linux-gnu-accel-nvptx-none-gcc returned 1 exit status
compilation terminated.
lto-wrapper: fatal error: /soft/packaging/spack-builds/linux-rhel7-x86_64/gcc-9.3.0/gcc-develop-42htf6epvpvtyxml575eslwb5u23pj2y/libexec/gcc/x86_64-pc-linux-gnu/10.0.0//accel/nvptx-none/mkoffload returned 1 exit status
compilation terminated.
/usr/bin/ld: error: lto-wrapper failed
collect2: error: ld returned 1 exit status
make: [truncf_float_float.exe] Error 1 (ignored)
