timeout 45s g++ -fopenmp target_parallel.cpp -o target_parallel.exe
ptxas /tmp/ccwZxIFs.o, line 169; error   : Label expected for argument 0 of instruction 'call'
ptxas /tmp/ccwZxIFs.o, line 169; error   : Function '_ZNSt7complexIfEC1Eff' not declared in this scope
ptxas /tmp/ccwZxIFs.o, line 169; fatal   : Call target not recognized
ptxas fatal   : Ptx assembly aborted due to errors
nvptx-as: ptxas returned 255 exit status
mkoffload: fatal error: x86_64-pc-linux-gnu-accel-nvptx-none-gcc returned 1 exit status
compilation terminated.
lto-wrapper: fatal error: /soft/packaging/spack-builds/linux-rhel7-x86_64/gcc-9.3.0/gcc-develop-42htf6epvpvtyxml575eslwb5u23pj2y/libexec/gcc/x86_64-pc-linux-gnu/10.0.0//accel/nvptx-none/mkoffload returned 1 exit status
compilation terminated.
/usr/bin/ld: error: lto-wrapper failed
collect2: error: ld returned 1 exit status
make: [target_parallel.exe] Error 1 (ignored)
timeout 45s g++ -fopenmp target_teams__parallel.cpp -o target_teams__parallel.exe
ptxas /tmp/ccbLTTO2.o, line 116; error   : Label expected for argument 0 of instruction 'call'
ptxas /tmp/ccbLTTO2.o, line 116; error   : Function '_ZNSt7complexIfEC1Eff' not declared in this scope
ptxas /tmp/ccbLTTO2.o, line 116; fatal   : Call target not recognized
ptxas fatal   : Ptx assembly aborted due to errors
nvptx-as: ptxas returned 255 exit status
mkoffload: fatal error: x86_64-pc-linux-gnu-accel-nvptx-none-gcc returned 1 exit status
compilation terminated.
lto-wrapper: fatal error: /soft/packaging/spack-builds/linux-rhel7-x86_64/gcc-9.3.0/gcc-develop-42htf6epvpvtyxml575eslwb5u23pj2y/libexec/gcc/x86_64-pc-linux-gnu/10.0.0//accel/nvptx-none/mkoffload returned 1 exit status
compilation terminated.
/usr/bin/ld: error: lto-wrapper failed
collect2: error: ld returned 1 exit status
make: [target_teams__parallel.exe] Error 1 (ignored)
timeout 45s g++ -fopenmp target__teams_distribute__parallel__for__simd.cpp -o target__teams_distribute__parallel__for__simd.exe
ptxas /tmp/ccJYAUXQ.o, line 137; error   : Label expected for argument 0 of instruction 'call'
ptxas /tmp/ccJYAUXQ.o, line 137; error   : Function '_ZNSt7complexIfEC1Eff' not declared in this scope
ptxas /tmp/ccJYAUXQ.o, line 137; fatal   : Call target not recognized
ptxas fatal   : Ptx assembly aborted due to errors
nvptx-as: ptxas returned 255 exit status
mkoffload: fatal error: x86_64-pc-linux-gnu-accel-nvptx-none-gcc returned 1 exit status
compilation terminated.
lto-wrapper: fatal error: /soft/packaging/spack-builds/linux-rhel7-x86_64/gcc-9.3.0/gcc-develop-42htf6epvpvtyxml575eslwb5u23pj2y/libexec/gcc/x86_64-pc-linux-gnu/10.0.0//accel/nvptx-none/mkoffload returned 1 exit status
compilation terminated.
/usr/bin/ld: error: lto-wrapper failed
collect2: error: ld returned 1 exit status
make: [target__teams_distribute__parallel__for__simd.exe] Error 1 (ignored)
timeout 45s g++ -fopenmp target__teams_distribute__parallel_for.cpp -o target__teams_distribute__parallel_for.exe
ptxas /tmp/ccfl2r2r.o, line 135; error   : Label expected for argument 0 of instruction 'call'
ptxas /tmp/ccfl2r2r.o, line 135; error   : Function '_ZNSt7complexIfEC1Eff' not declared in this scope
ptxas /tmp/ccfl2r2r.o, line 135; fatal   : Call target not recognized
ptxas fatal   : Ptx assembly aborted due to errors
nvptx-as: ptxas returned 255 exit status
mkoffload: fatal error: x86_64-pc-linux-gnu-accel-nvptx-none-gcc returned 1 exit status
compilation terminated.
lto-wrapper: fatal error: /soft/packaging/spack-builds/linux-rhel7-x86_64/gcc-9.3.0/gcc-develop-42htf6epvpvtyxml575eslwb5u23pj2y/libexec/gcc/x86_64-pc-linux-gnu/10.0.0//accel/nvptx-none/mkoffload returned 1 exit status
compilation terminated.
/usr/bin/ld: error: lto-wrapper failed
collect2: error: ld returned 1 exit status
make: [target__teams_distribute__parallel_for.exe] Error 1 (ignored)
timeout 45s g++ -fopenmp target__teams_distribute__parallel_for__simd.cpp -o target__teams_distribute__parallel_for__simd.exe
ptxas /tmp/ccmnXYTe.o, line 135; error   : Label expected for argument 0 of instruction 'call'
ptxas /tmp/ccmnXYTe.o, line 135; error   : Function '_ZNSt7complexIfEC1Eff' not declared in this scope
ptxas /tmp/ccmnXYTe.o, line 135; fatal   : Call target not recognized
ptxas fatal   : Ptx assembly aborted due to errors
nvptx-as: ptxas returned 255 exit status
mkoffload: fatal error: x86_64-pc-linux-gnu-accel-nvptx-none-gcc returned 1 exit status
compilation terminated.
lto-wrapper: fatal error: /soft/packaging/spack-builds/linux-rhel7-x86_64/gcc-9.3.0/gcc-develop-42htf6epvpvtyxml575eslwb5u23pj2y/libexec/gcc/x86_64-pc-linux-gnu/10.0.0//accel/nvptx-none/mkoffload returned 1 exit status
compilation terminated.
/usr/bin/ld: error: lto-wrapper failed
collect2: error: ld returned 1 exit status
make: [target__teams_distribute__parallel_for__simd.exe] Error 1 (ignored)
timeout 45s g++ -fopenmp target_parallel__for__simd.cpp -o target_parallel__for__simd.exe
ptxas /tmp/ccuSe2FT.o, line 199; error   : Label expected for argument 0 of instruction 'call'
ptxas /tmp/ccuSe2FT.o, line 199; error   : Function '_ZNSt7complexIfEC1Eff' not declared in this scope
ptxas /tmp/ccuSe2FT.o, line 199; fatal   : Call target not recognized
ptxas fatal   : Ptx assembly aborted due to errors
nvptx-as: ptxas returned 255 exit status
mkoffload: fatal error: x86_64-pc-linux-gnu-accel-nvptx-none-gcc returned 1 exit status
compilation terminated.
lto-wrapper: fatal error: /soft/packaging/spack-builds/linux-rhel7-x86_64/gcc-9.3.0/gcc-develop-42htf6epvpvtyxml575eslwb5u23pj2y/libexec/gcc/x86_64-pc-linux-gnu/10.0.0//accel/nvptx-none/mkoffload returned 1 exit status
compilation terminated.
/usr/bin/ld: error: lto-wrapper failed
collect2: error: ld returned 1 exit status
make: [target_parallel__for__simd.exe] Error 1 (ignored)
timeout 45s g++ -fopenmp target_teams__parallel_for_simd.cpp -o target_teams__parallel_for_simd.exe
ptxas /tmp/ccx0ryHu.o, line 118; error   : Label expected for argument 0 of instruction 'call'
ptxas /tmp/ccx0ryHu.o, line 118; error   : Function '_ZNSt7complexIfEC1Eff' not declared in this scope
ptxas /tmp/ccx0ryHu.o, line 118; fatal   : Call target not recognized
ptxas fatal   : Ptx assembly aborted due to errors
nvptx-as: ptxas returned 255 exit status
mkoffload: fatal error: x86_64-pc-linux-gnu-accel-nvptx-none-gcc returned 1 exit status
compilation terminated.
lto-wrapper: fatal error: /soft/packaging/spack-builds/linux-rhel7-x86_64/gcc-9.3.0/gcc-develop-42htf6epvpvtyxml575eslwb5u23pj2y/libexec/gcc/x86_64-pc-linux-gnu/10.0.0//accel/nvptx-none/mkoffload returned 1 exit status
compilation terminated.
/usr/bin/ld: error: lto-wrapper failed
collect2: error: ld returned 1 exit status
make: [target_teams__parallel_for_simd.exe] Error 1 (ignored)
timeout 45s g++ -fopenmp target_teams_distribute_parallel_for_simd.cpp -o target_teams_distribute_parallel_for_simd.exe
ptxas /tmp/ccJzw3Dh.o, line 130; error   : Label expected for argument 0 of instruction 'call'
ptxas /tmp/ccJzw3Dh.o, line 130; error   : Function '_ZNSt7complexIfEC1Eff' not declared in this scope
ptxas /tmp/ccJzw3Dh.o, line 130; fatal   : Call target not recognized
ptxas fatal   : Ptx assembly aborted due to errors
nvptx-as: ptxas returned 255 exit status
mkoffload: fatal error: x86_64-pc-linux-gnu-accel-nvptx-none-gcc returned 1 exit status
compilation terminated.
lto-wrapper: fatal error: /soft/packaging/spack-builds/linux-rhel7-x86_64/gcc-9.3.0/gcc-develop-42htf6epvpvtyxml575eslwb5u23pj2y/libexec/gcc/x86_64-pc-linux-gnu/10.0.0//accel/nvptx-none/mkoffload returned 1 exit status
compilation terminated.
/usr/bin/ld: error: lto-wrapper failed
collect2: error: ld returned 1 exit status
make: [target_teams_distribute_parallel_for_simd.exe] Error 1 (ignored)
timeout 45s g++ -fopenmp target__teams_distribute_parallel_for.cpp -o target__teams_distribute_parallel_for.exe
ptxas /tmp/cck21RZW.o, line 130; error   : Label expected for argument 0 of instruction 'call'
ptxas /tmp/cck21RZW.o, line 130; error   : Function '_ZNSt7complexIfEC1Eff' not declared in this scope
ptxas /tmp/cck21RZW.o, line 130; fatal   : Call target not recognized
ptxas fatal   : Ptx assembly aborted due to errors
nvptx-as: ptxas returned 255 exit status
mkoffload: fatal error: x86_64-pc-linux-gnu-accel-nvptx-none-gcc returned 1 exit status
compilation terminated.
lto-wrapper: fatal error: /soft/packaging/spack-builds/linux-rhel7-x86_64/gcc-9.3.0/gcc-develop-42htf6epvpvtyxml575eslwb5u23pj2y/libexec/gcc/x86_64-pc-linux-gnu/10.0.0//accel/nvptx-none/mkoffload returned 1 exit status
compilation terminated.
/usr/bin/ld: error: lto-wrapper failed
collect2: error: ld returned 1 exit status
make: [target__teams_distribute_parallel_for.exe] Error 1 (ignored)
timeout 45s g++ -fopenmp target_teams_distribute__parallel.cpp -o target_teams_distribute__parallel.exe
ptxas /tmp/ccQG45AK.o, line 133; error   : Label expected for argument 0 of instruction 'call'
ptxas /tmp/ccQG45AK.o, line 133; error   : Function '_ZNSt7complexIfEC1Eff' not declared in this scope
ptxas /tmp/ccQG45AK.o, line 133; fatal   : Call target not recognized
ptxas fatal   : Ptx assembly aborted due to errors
nvptx-as: ptxas returned 255 exit status
mkoffload: fatal error: x86_64-pc-linux-gnu-accel-nvptx-none-gcc returned 1 exit status
compilation terminated.
lto-wrapper: fatal error: /soft/packaging/spack-builds/linux-rhel7-x86_64/gcc-9.3.0/gcc-develop-42htf6epvpvtyxml575eslwb5u23pj2y/libexec/gcc/x86_64-pc-linux-gnu/10.0.0//accel/nvptx-none/mkoffload returned 1 exit status
compilation terminated.
/usr/bin/ld: error: lto-wrapper failed
collect2: error: ld returned 1 exit status
make: [target_teams_distribute__parallel.exe] Error 1 (ignored)
timeout 45s g++ -fopenmp target_simd.cpp -o target_simd.exe
ptxas /tmp/ccDzF9Bo.o, line 106; error   : Label expected for argument 0 of instruction 'call'
ptxas /tmp/ccDzF9Bo.o, line 106; error   : Function '_ZNSt7complexIfEC1Eff' not declared in this scope
ptxas /tmp/ccDzF9Bo.o, line 106; fatal   : Call target not recognized
ptxas fatal   : Ptx assembly aborted due to errors
nvptx-as: ptxas returned 255 exit status
mkoffload: fatal error: x86_64-pc-linux-gnu-accel-nvptx-none-gcc returned 1 exit status
compilation terminated.
lto-wrapper: fatal error: /soft/packaging/spack-builds/linux-rhel7-x86_64/gcc-9.3.0/gcc-develop-42htf6epvpvtyxml575eslwb5u23pj2y/libexec/gcc/x86_64-pc-linux-gnu/10.0.0//accel/nvptx-none/mkoffload returned 1 exit status
compilation terminated.
/usr/bin/ld: error: lto-wrapper failed
collect2: error: ld returned 1 exit status
make: [target_simd.exe] Error 1 (ignored)
timeout 45s g++ -fopenmp target_teams_distribute__parallel__simd.cpp -o target_teams_distribute__parallel__simd.exe
ptxas /tmp/ccwLZvhb.o, line 133; error   : Label expected for argument 0 of instruction 'call'
ptxas /tmp/ccwLZvhb.o, line 133; error   : Function '_ZNSt7complexIfEC1Eff' not declared in this scope
ptxas /tmp/ccwLZvhb.o, line 133; fatal   : Call target not recognized
ptxas fatal   : Ptx assembly aborted due to errors
nvptx-as: ptxas returned 255 exit status
mkoffload: fatal error: x86_64-pc-linux-gnu-accel-nvptx-none-gcc returned 1 exit status
compilation terminated.
lto-wrapper: fatal error: /soft/packaging/spack-builds/linux-rhel7-x86_64/gcc-9.3.0/gcc-develop-42htf6epvpvtyxml575eslwb5u23pj2y/libexec/gcc/x86_64-pc-linux-gnu/10.0.0//accel/nvptx-none/mkoffload returned 1 exit status
compilation terminated.
/usr/bin/ld: error: lto-wrapper failed
collect2: error: ld returned 1 exit status
make: [target_teams_distribute__parallel__simd.exe] Error 1 (ignored)
timeout 45s g++ -fopenmp target__teams__distribute__parallel_for__simd.cpp -o target__teams__distribute__parallel_for__simd.exe
ptxas /tmp/ccX4JgVL.o, line 135; error   : Label expected for argument 0 of instruction 'call'
ptxas /tmp/ccX4JgVL.o, line 135; error   : Function '_ZNSt7complexIfEC1Eff' not declared in this scope
ptxas /tmp/ccX4JgVL.o, line 135; fatal   : Call target not recognized
ptxas fatal   : Ptx assembly aborted due to errors
nvptx-as: ptxas returned 255 exit status
mkoffload: fatal error: x86_64-pc-linux-gnu-accel-nvptx-none-gcc returned 1 exit status
compilation terminated.
lto-wrapper: fatal error: /soft/packaging/spack-builds/linux-rhel7-x86_64/gcc-9.3.0/gcc-develop-42htf6epvpvtyxml575eslwb5u23pj2y/libexec/gcc/x86_64-pc-linux-gnu/10.0.0//accel/nvptx-none/mkoffload returned 1 exit status
compilation terminated.
/usr/bin/ld: error: lto-wrapper failed
collect2: error: ld returned 1 exit status
make: [target__teams__distribute__parallel_for__simd.exe] Error 1 (ignored)
timeout 45s g++ -fopenmp target_teams_distribute__parallel__for.cpp -o target_teams_distribute__parallel__for.exe
ptxas /tmp/ccw0cGjx.o, line 137; error   : Label expected for argument 0 of instruction 'call'
ptxas /tmp/ccw0cGjx.o, line 137; error   : Function '_ZNSt7complexIfEC1Eff' not declared in this scope
ptxas /tmp/ccw0cGjx.o, line 137; fatal   : Call target not recognized
ptxas fatal   : Ptx assembly aborted due to errors
nvptx-as: ptxas returned 255 exit status
mkoffload: fatal error: x86_64-pc-linux-gnu-accel-nvptx-none-gcc returned 1 exit status
compilation terminated.
lto-wrapper: fatal error: /soft/packaging/spack-builds/linux-rhel7-x86_64/gcc-9.3.0/gcc-develop-42htf6epvpvtyxml575eslwb5u23pj2y/libexec/gcc/x86_64-pc-linux-gnu/10.0.0//accel/nvptx-none/mkoffload returned 1 exit status
compilation terminated.
/usr/bin/ld: error: lto-wrapper failed
collect2: error: ld returned 1 exit status
make: [target_teams_distribute__parallel__for.exe] Error 1 (ignored)
timeout 45s g++ -fopenmp target__teams__distribute.cpp -o target__teams__distribute.exe
ptxas /tmp/ccYyz3Pj.o, line 130; error   : Label expected for argument 0 of instruction 'call'
ptxas /tmp/ccYyz3Pj.o, line 130; error   : Function '_ZNSt7complexIfEC1Eff' not declared in this scope
ptxas /tmp/ccYyz3Pj.o, line 130; fatal   : Call target not recognized
ptxas fatal   : Ptx assembly aborted due to errors
nvptx-as: ptxas returned 255 exit status
mkoffload: fatal error: x86_64-pc-linux-gnu-accel-nvptx-none-gcc returned 1 exit status
compilation terminated.
lto-wrapper: fatal error: /soft/packaging/spack-builds/linux-rhel7-x86_64/gcc-9.3.0/gcc-develop-42htf6epvpvtyxml575eslwb5u23pj2y/libexec/gcc/x86_64-pc-linux-gnu/10.0.0//accel/nvptx-none/mkoffload returned 1 exit status
compilation terminated.
/usr/bin/ld: error: lto-wrapper failed
collect2: error: ld returned 1 exit status
make: [target__teams__distribute.exe] Error 1 (ignored)
timeout 45s g++ -fopenmp target__teams__parallel_for__simd.cpp -o target__teams__parallel_for__simd.exe
ptxas /tmp/cchtIuJU.o, line 118; error   : Label expected for argument 0 of instruction 'call'
ptxas /tmp/cchtIuJU.o, line 118; error   : Function '_ZNSt7complexIfEC1Eff' not declared in this scope
ptxas /tmp/cchtIuJU.o, line 118; fatal   : Call target not recognized
ptxas fatal   : Ptx assembly aborted due to errors
nvptx-as: ptxas returned 255 exit status
mkoffload: fatal error: x86_64-pc-linux-gnu-accel-nvptx-none-gcc returned 1 exit status
compilation terminated.
lto-wrapper: fatal error: /soft/packaging/spack-builds/linux-rhel7-x86_64/gcc-9.3.0/gcc-develop-42htf6epvpvtyxml575eslwb5u23pj2y/libexec/gcc/x86_64-pc-linux-gnu/10.0.0//accel/nvptx-none/mkoffload returned 1 exit status
compilation terminated.
/usr/bin/ld: error: lto-wrapper failed
collect2: error: ld returned 1 exit status
make: [target__teams__parallel_for__simd.exe] Error 1 (ignored)
timeout 45s g++ -fopenmp target__teams_distribute_parallel_for_simd.cpp -o target__teams_distribute_parallel_for_simd.exe
ptxas /tmp/ccUK3AmA.o, line 130; error   : Label expected for argument 0 of instruction 'call'
ptxas /tmp/ccUK3AmA.o, line 130; error   : Function '_ZNSt7complexIfEC1Eff' not declared in this scope
ptxas /tmp/ccUK3AmA.o, line 130; fatal   : Call target not recognized
ptxas fatal   : Ptx assembly aborted due to errors
nvptx-as: ptxas returned 255 exit status
mkoffload: fatal error: x86_64-pc-linux-gnu-accel-nvptx-none-gcc returned 1 exit status
compilation terminated.
lto-wrapper: fatal error: /soft/packaging/spack-builds/linux-rhel7-x86_64/gcc-9.3.0/gcc-develop-42htf6epvpvtyxml575eslwb5u23pj2y/libexec/gcc/x86_64-pc-linux-gnu/10.0.0//accel/nvptx-none/mkoffload returned 1 exit status
compilation terminated.
/usr/bin/ld: error: lto-wrapper failed
collect2: error: ld returned 1 exit status
make: [target__teams_distribute_parallel_for_simd.exe] Error 1 (ignored)
timeout 45s g++ -fopenmp target_teams__distribute__parallel_for.cpp -o target_teams__distribute__parallel_for.exe
ptxas /tmp/ccqq1k5n.o, line 135; error   : Label expected for argument 0 of instruction 'call'
ptxas /tmp/ccqq1k5n.o, line 135; error   : Function '_ZNSt7complexIfEC1Eff' not declared in this scope
ptxas /tmp/ccqq1k5n.o, line 135; fatal   : Call target not recognized
ptxas fatal   : Ptx assembly aborted due to errors
nvptx-as: ptxas returned 255 exit status
mkoffload: fatal error: x86_64-pc-linux-gnu-accel-nvptx-none-gcc returned 1 exit status
compilation terminated.
lto-wrapper: fatal error: /soft/packaging/spack-builds/linux-rhel7-x86_64/gcc-9.3.0/gcc-develop-42htf6epvpvtyxml575eslwb5u23pj2y/libexec/gcc/x86_64-pc-linux-gnu/10.0.0//accel/nvptx-none/mkoffload returned 1 exit status
compilation terminated.
/usr/bin/ld: error: lto-wrapper failed
collect2: error: ld returned 1 exit status
make: [target_teams__distribute__parallel_for.exe] Error 1 (ignored)
timeout 45s g++ -fopenmp target_teams_distribute__parallel_for__simd.cpp -o target_teams_distribute__parallel_for__simd.exe
ptxas /tmp/ccyoObRY.o, line 135; error   : Label expected for argument 0 of instruction 'call'
ptxas /tmp/ccyoObRY.o, line 135; error   : Function '_ZNSt7complexIfEC1Eff' not declared in this scope
ptxas /tmp/ccyoObRY.o, line 135; fatal   : Call target not recognized
ptxas fatal   : Ptx assembly aborted due to errors
nvptx-as: ptxas returned 255 exit status
mkoffload: fatal error: x86_64-pc-linux-gnu-accel-nvptx-none-gcc returned 1 exit status
compilation terminated.
lto-wrapper: fatal error: /soft/packaging/spack-builds/linux-rhel7-x86_64/gcc-9.3.0/gcc-develop-42htf6epvpvtyxml575eslwb5u23pj2y/libexec/gcc/x86_64-pc-linux-gnu/10.0.0//accel/nvptx-none/mkoffload returned 1 exit status
compilation terminated.
/usr/bin/ld: error: lto-wrapper failed
collect2: error: ld returned 1 exit status
make: [target_teams_distribute__parallel_for__simd.exe] Error 1 (ignored)
timeout 45s g++ -fopenmp target__teams_distribute__simd.cpp -o target__teams_distribute__simd.exe
ptxas /tmp/ccAfM0NO.o, line 144; error   : Label expected for argument 0 of instruction 'call'
ptxas /tmp/ccAfM0NO.o, line 144; error   : Function '_ZNSt7complexIfEC1Eff' not declared in this scope
ptxas /tmp/ccAfM0NO.o, line 144; fatal   : Call target not recognized
ptxas fatal   : Ptx assembly aborted due to errors
nvptx-as: ptxas returned 255 exit status
mkoffload: fatal error: x86_64-pc-linux-gnu-accel-nvptx-none-gcc returned 1 exit status
compilation terminated.
lto-wrapper: fatal error: /soft/packaging/spack-builds/linux-rhel7-x86_64/gcc-9.3.0/gcc-develop-42htf6epvpvtyxml575eslwb5u23pj2y/libexec/gcc/x86_64-pc-linux-gnu/10.0.0//accel/nvptx-none/mkoffload returned 1 exit status
compilation terminated.
/usr/bin/ld: error: lto-wrapper failed
collect2: error: ld returned 1 exit status
make: [target__teams_distribute__simd.exe] Error 1 (ignored)
timeout 45s g++ -fopenmp target_parallel_for__simd.cpp -o target_parallel_for__simd.exe
ptxas /tmp/ccpGxgHp.o, line 197; error   : Label expected for argument 0 of instruction 'call'
ptxas /tmp/ccpGxgHp.o, line 197; error   : Function '_ZNSt7complexIfEC1Eff' not declared in this scope
ptxas /tmp/ccpGxgHp.o, line 197; fatal   : Call target not recognized
ptxas fatal   : Ptx assembly aborted due to errors
nvptx-as: ptxas returned 255 exit status
mkoffload: fatal error: x86_64-pc-linux-gnu-accel-nvptx-none-gcc returned 1 exit status
compilation terminated.
lto-wrapper: fatal error: /soft/packaging/spack-builds/linux-rhel7-x86_64/gcc-9.3.0/gcc-develop-42htf6epvpvtyxml575eslwb5u23pj2y/libexec/gcc/x86_64-pc-linux-gnu/10.0.0//accel/nvptx-none/mkoffload returned 1 exit status
compilation terminated.
/usr/bin/ld: error: lto-wrapper failed
collect2: error: ld returned 1 exit status
make: [target_parallel_for__simd.exe] Error 1 (ignored)
timeout 45s g++ -fopenmp target__teams__parallel.cpp -o target__teams__parallel.exe
ptxas /tmp/ccG5liMd.o, line 116; error   : Label expected for argument 0 of instruction 'call'
ptxas /tmp/ccG5liMd.o, line 116; error   : Function '_ZNSt7complexIfEC1Eff' not declared in this scope
ptxas /tmp/ccG5liMd.o, line 116; fatal   : Call target not recognized
ptxas fatal   : Ptx assembly aborted due to errors
nvptx-as: ptxas returned 255 exit status
mkoffload: fatal error: x86_64-pc-linux-gnu-accel-nvptx-none-gcc returned 1 exit status
compilation terminated.
lto-wrapper: fatal error: /soft/packaging/spack-builds/linux-rhel7-x86_64/gcc-9.3.0/gcc-develop-42htf6epvpvtyxml575eslwb5u23pj2y/libexec/gcc/x86_64-pc-linux-gnu/10.0.0//accel/nvptx-none/mkoffload returned 1 exit status
compilation terminated.
/usr/bin/ld: error: lto-wrapper failed
collect2: error: ld returned 1 exit status
make: [target__teams__parallel.exe] Error 1 (ignored)
timeout 45s g++ -fopenmp target__simd.cpp -o target__simd.exe
ptxas /tmp/cctkinKS.o, line 106; error   : Label expected for argument 0 of instruction 'call'
ptxas /tmp/cctkinKS.o, line 106; error   : Function '_ZNSt7complexIfEC1Eff' not declared in this scope
ptxas /tmp/cctkinKS.o, line 106; fatal   : Call target not recognized
ptxas fatal   : Ptx assembly aborted due to errors
nvptx-as: ptxas returned 255 exit status
mkoffload: fatal error: x86_64-pc-linux-gnu-accel-nvptx-none-gcc returned 1 exit status
compilation terminated.
lto-wrapper: fatal error: /soft/packaging/spack-builds/linux-rhel7-x86_64/gcc-9.3.0/gcc-develop-42htf6epvpvtyxml575eslwb5u23pj2y/libexec/gcc/x86_64-pc-linux-gnu/10.0.0//accel/nvptx-none/mkoffload returned 1 exit status
compilation terminated.
/usr/bin/ld: error: lto-wrapper failed
collect2: error: ld returned 1 exit status
make: [target__simd.exe] Error 1 (ignored)
timeout 45s g++ -fopenmp target_teams__parallel__for.cpp -o target_teams__parallel__for.exe
ptxas /tmp/cc7leVot.o, line 120; error   : Label expected for argument 0 of instruction 'call'
ptxas /tmp/cc7leVot.o, line 120; error   : Function '_ZNSt7complexIfEC1Eff' not declared in this scope
ptxas /tmp/cc7leVot.o, line 120; fatal   : Call target not recognized
ptxas fatal   : Ptx assembly aborted due to errors
nvptx-as: ptxas returned 255 exit status
mkoffload: fatal error: x86_64-pc-linux-gnu-accel-nvptx-none-gcc returned 1 exit status
compilation terminated.
lto-wrapper: fatal error: /soft/packaging/spack-builds/linux-rhel7-x86_64/gcc-9.3.0/gcc-develop-42htf6epvpvtyxml575eslwb5u23pj2y/libexec/gcc/x86_64-pc-linux-gnu/10.0.0//accel/nvptx-none/mkoffload returned 1 exit status
compilation terminated.
/usr/bin/ld: error: lto-wrapper failed
collect2: error: ld returned 1 exit status
make: [target_teams__parallel__for.exe] Error 1 (ignored)
timeout 45s g++ -fopenmp target_teams_distribute__parallel_for.cpp -o target_teams_distribute__parallel_for.exe
ptxas /tmp/ccbQverj.o, line 135; error   : Label expected for argument 0 of instruction 'call'
ptxas /tmp/ccbQverj.o, line 135; error   : Function '_ZNSt7complexIfEC1Eff' not declared in this scope
ptxas /tmp/ccbQverj.o, line 135; fatal   : Call target not recognized
ptxas fatal   : Ptx assembly aborted due to errors
nvptx-as: ptxas returned 255 exit status
mkoffload: fatal error: x86_64-pc-linux-gnu-accel-nvptx-none-gcc returned 1 exit status
compilation terminated.
lto-wrapper: fatal error: /soft/packaging/spack-builds/linux-rhel7-x86_64/gcc-9.3.0/gcc-develop-42htf6epvpvtyxml575eslwb5u23pj2y/libexec/gcc/x86_64-pc-linux-gnu/10.0.0//accel/nvptx-none/mkoffload returned 1 exit status
compilation terminated.
/usr/bin/ld: error: lto-wrapper failed
collect2: error: ld returned 1 exit status
make: [target_teams_distribute__parallel_for.exe] Error 1 (ignored)
timeout 45s g++ -fopenmp target__teams_distribute__parallel__simd.cpp -o target__teams_distribute__parallel__simd.exe
ptxas /tmp/ccCHuTlU.o, line 133; error   : Label expected for argument 0 of instruction 'call'
ptxas /tmp/ccCHuTlU.o, line 133; error   : Function '_ZNSt7complexIfEC1Eff' not declared in this scope
ptxas /tmp/ccCHuTlU.o, line 133; fatal   : Call target not recognized
ptxas fatal   : Ptx assembly aborted due to errors
nvptx-as: ptxas returned 255 exit status
mkoffload: fatal error: x86_64-pc-linux-gnu-accel-nvptx-none-gcc returned 1 exit status
compilation terminated.
lto-wrapper: fatal error: /soft/packaging/spack-builds/linux-rhel7-x86_64/gcc-9.3.0/gcc-develop-42htf6epvpvtyxml575eslwb5u23pj2y/libexec/gcc/x86_64-pc-linux-gnu/10.0.0//accel/nvptx-none/mkoffload returned 1 exit status
compilation terminated.
/usr/bin/ld: error: lto-wrapper failed
collect2: error: ld returned 1 exit status
make: [target__teams_distribute__parallel__simd.exe] Error 1 (ignored)
timeout 45s g++ -fopenmp target_teams__distribute__simd.cpp -o target_teams__distribute__simd.exe
ptxas /tmp/ccqFap9G.o, line 144; error   : Label expected for argument 0 of instruction 'call'
ptxas /tmp/ccqFap9G.o, line 144; error   : Function '_ZNSt7complexIfEC1Eff' not declared in this scope
ptxas /tmp/ccqFap9G.o, line 144; fatal   : Call target not recognized
ptxas fatal   : Ptx assembly aborted due to errors
nvptx-as: ptxas returned 255 exit status
mkoffload: fatal error: x86_64-pc-linux-gnu-accel-nvptx-none-gcc returned 1 exit status
compilation terminated.
lto-wrapper: fatal error: /soft/packaging/spack-builds/linux-rhel7-x86_64/gcc-9.3.0/gcc-develop-42htf6epvpvtyxml575eslwb5u23pj2y/libexec/gcc/x86_64-pc-linux-gnu/10.0.0//accel/nvptx-none/mkoffload returned 1 exit status
compilation terminated.
/usr/bin/ld: error: lto-wrapper failed
collect2: error: ld returned 1 exit status
make: [target_teams__distribute__simd.exe] Error 1 (ignored)
timeout 45s g++ -fopenmp target_parallel__simd.cpp -o target_parallel__simd.exe
ptxas /tmp/ccFElYuj.o, line 183; error   : Label expected for argument 0 of instruction 'call'
ptxas /tmp/ccFElYuj.o, line 183; error   : Function '_ZNSt7complexIfEC1Eff' not declared in this scope
ptxas /tmp/ccFElYuj.o, line 183; fatal   : Call target not recognized
ptxas fatal   : Ptx assembly aborted due to errors
nvptx-as: ptxas returned 255 exit status
mkoffload: fatal error: x86_64-pc-linux-gnu-accel-nvptx-none-gcc returned 1 exit status
compilation terminated.
lto-wrapper: fatal error: /soft/packaging/spack-builds/linux-rhel7-x86_64/gcc-9.3.0/gcc-develop-42htf6epvpvtyxml575eslwb5u23pj2y/libexec/gcc/x86_64-pc-linux-gnu/10.0.0//accel/nvptx-none/mkoffload returned 1 exit status
compilation terminated.
/usr/bin/ld: error: lto-wrapper failed
collect2: error: ld returned 1 exit status
make: [target_parallel__simd.exe] Error 1 (ignored)
timeout 45s g++ -fopenmp target__teams__parallel__simd.cpp -o target__teams__parallel__simd.exe
ptxas /tmp/ccYTwYfZ.o, line 116; error   : Label expected for argument 0 of instruction 'call'
ptxas /tmp/ccYTwYfZ.o, line 116; error   : Function '_ZNSt7complexIfEC1Eff' not declared in this scope
ptxas /tmp/ccYTwYfZ.o, line 116; fatal   : Call target not recognized
ptxas fatal   : Ptx assembly aborted due to errors
nvptx-as: ptxas returned 255 exit status
mkoffload: fatal error: x86_64-pc-linux-gnu-accel-nvptx-none-gcc returned 1 exit status
compilation terminated.
lto-wrapper: fatal error: /soft/packaging/spack-builds/linux-rhel7-x86_64/gcc-9.3.0/gcc-develop-42htf6epvpvtyxml575eslwb5u23pj2y/libexec/gcc/x86_64-pc-linux-gnu/10.0.0//accel/nvptx-none/mkoffload returned 1 exit status
compilation terminated.
/usr/bin/ld: error: lto-wrapper failed
collect2: error: ld returned 1 exit status
make: [target__teams__parallel__simd.exe] Error 1 (ignored)
timeout 45s g++ -fopenmp target_parallel__for.cpp -o target_parallel__for.exe
ptxas /tmp/ccGizx7K.o, line 185; error   : Label expected for argument 0 of instruction 'call'
ptxas /tmp/ccGizx7K.o, line 185; error   : Function '_ZNSt7complexIfEC1Eff' not declared in this scope
ptxas /tmp/ccGizx7K.o, line 185; fatal   : Call target not recognized
ptxas fatal   : Ptx assembly aborted due to errors
nvptx-as: ptxas returned 255 exit status
mkoffload: fatal error: x86_64-pc-linux-gnu-accel-nvptx-none-gcc returned 1 exit status
compilation terminated.
lto-wrapper: fatal error: /soft/packaging/spack-builds/linux-rhel7-x86_64/gcc-9.3.0/gcc-develop-42htf6epvpvtyxml575eslwb5u23pj2y/libexec/gcc/x86_64-pc-linux-gnu/10.0.0//accel/nvptx-none/mkoffload returned 1 exit status
compilation terminated.
/usr/bin/ld: error: lto-wrapper failed
collect2: error: ld returned 1 exit status
make: [target_parallel__for.exe] Error 1 (ignored)
timeout 45s g++ -fopenmp target__teams__distribute__parallel.cpp -o target__teams__distribute__parallel.exe
ptxas /tmp/ccFRuqVm.o, line 133; error   : Label expected for argument 0 of instruction 'call'
ptxas /tmp/ccFRuqVm.o, line 133; error   : Function '_ZNSt7complexIfEC1Eff' not declared in this scope
ptxas /tmp/ccFRuqVm.o, line 133; fatal   : Call target not recognized
ptxas fatal   : Ptx assembly aborted due to errors
nvptx-as: ptxas returned 255 exit status
mkoffload: fatal error: x86_64-pc-linux-gnu-accel-nvptx-none-gcc returned 1 exit status
compilation terminated.
lto-wrapper: fatal error: /soft/packaging/spack-builds/linux-rhel7-x86_64/gcc-9.3.0/gcc-develop-42htf6epvpvtyxml575eslwb5u23pj2y/libexec/gcc/x86_64-pc-linux-gnu/10.0.0//accel/nvptx-none/mkoffload returned 1 exit status
compilation terminated.
/usr/bin/ld: error: lto-wrapper failed
collect2: error: ld returned 1 exit status
make: [target__teams__distribute__parallel.exe] Error 1 (ignored)
timeout 45s g++ -fopenmp target_teams__parallel__for__simd.cpp -o target_teams__parallel__for__simd.exe
ptxas /tmp/ccQmzeG9.o, line 120; error   : Label expected for argument 0 of instruction 'call'
ptxas /tmp/ccQmzeG9.o, line 120; error   : Function '_ZNSt7complexIfEC1Eff' not declared in this scope
ptxas /tmp/ccQmzeG9.o, line 120; fatal   : Call target not recognized
ptxas fatal   : Ptx assembly aborted due to errors
nvptx-as: ptxas returned 255 exit status
mkoffload: fatal error: x86_64-pc-linux-gnu-accel-nvptx-none-gcc returned 1 exit status
compilation terminated.
lto-wrapper: fatal error: /soft/packaging/spack-builds/linux-rhel7-x86_64/gcc-9.3.0/gcc-develop-42htf6epvpvtyxml575eslwb5u23pj2y/libexec/gcc/x86_64-pc-linux-gnu/10.0.0//accel/nvptx-none/mkoffload returned 1 exit status
compilation terminated.
/usr/bin/ld: error: lto-wrapper failed
collect2: error: ld returned 1 exit status
make: [target_teams__parallel__for__simd.exe] Error 1 (ignored)
timeout 45s g++ -fopenmp target_teams_distribute_parallel_for.cpp -o target_teams_distribute_parallel_for.exe
ptxas /tmp/cctjUClP.o, line 130; error   : Label expected for argument 0 of instruction 'call'
ptxas /tmp/cctjUClP.o, line 130; error   : Function '_ZNSt7complexIfEC1Eff' not declared in this scope
ptxas /tmp/cctjUClP.o, line 130; fatal   : Call target not recognized
ptxas fatal   : Ptx assembly aborted due to errors
nvptx-as: ptxas returned 255 exit status
mkoffload: fatal error: x86_64-pc-linux-gnu-accel-nvptx-none-gcc returned 1 exit status
compilation terminated.
lto-wrapper: fatal error: /soft/packaging/spack-builds/linux-rhel7-x86_64/gcc-9.3.0/gcc-develop-42htf6epvpvtyxml575eslwb5u23pj2y/libexec/gcc/x86_64-pc-linux-gnu/10.0.0//accel/nvptx-none/mkoffload returned 1 exit status
compilation terminated.
/usr/bin/ld: error: lto-wrapper failed
collect2: error: ld returned 1 exit status
make: [target_teams_distribute_parallel_for.exe] Error 1 (ignored)
timeout 45s g++ -fopenmp target_teams__distribute__parallel__for__simd.cpp -o target_teams__distribute__parallel__for__simd.exe
ptxas /tmp/ccbVTA7p.o, line 137; error   : Label expected for argument 0 of instruction 'call'
ptxas /tmp/ccbVTA7p.o, line 137; error   : Function '_ZNSt7complexIfEC1Eff' not declared in this scope
ptxas /tmp/ccbVTA7p.o, line 137; fatal   : Call target not recognized
ptxas fatal   : Ptx assembly aborted due to errors
nvptx-as: ptxas returned 255 exit status
mkoffload: fatal error: x86_64-pc-linux-gnu-accel-nvptx-none-gcc returned 1 exit status
compilation terminated.
lto-wrapper: fatal error: /soft/packaging/spack-builds/linux-rhel7-x86_64/gcc-9.3.0/gcc-develop-42htf6epvpvtyxml575eslwb5u23pj2y/libexec/gcc/x86_64-pc-linux-gnu/10.0.0//accel/nvptx-none/mkoffload returned 1 exit status
compilation terminated.
/usr/bin/ld: error: lto-wrapper failed
collect2: error: ld returned 1 exit status
make: [target_teams__distribute__parallel__for__simd.exe] Error 1 (ignored)
timeout 45s g++ -fopenmp target_teams__distribute__parallel.cpp -o target_teams__distribute__parallel.exe
ptxas /tmp/ccQYKOLc.o, line 133; error   : Label expected for argument 0 of instruction 'call'
ptxas /tmp/ccQYKOLc.o, line 133; error   : Function '_ZNSt7complexIfEC1Eff' not declared in this scope
ptxas /tmp/ccQYKOLc.o, line 133; fatal   : Call target not recognized
ptxas fatal   : Ptx assembly aborted due to errors
nvptx-as: ptxas returned 255 exit status
mkoffload: fatal error: x86_64-pc-linux-gnu-accel-nvptx-none-gcc returned 1 exit status
compilation terminated.
lto-wrapper: fatal error: /soft/packaging/spack-builds/linux-rhel7-x86_64/gcc-9.3.0/gcc-develop-42htf6epvpvtyxml575eslwb5u23pj2y/libexec/gcc/x86_64-pc-linux-gnu/10.0.0//accel/nvptx-none/mkoffload returned 1 exit status
compilation terminated.
/usr/bin/ld: error: lto-wrapper failed
collect2: error: ld returned 1 exit status
make: [target_teams__distribute__parallel.exe] Error 1 (ignored)
timeout 45s g++ -fopenmp target__parallel_for.cpp -o target__parallel_for.exe
ptxas /tmp/cc9fzrMS.o, line 183; error   : Label expected for argument 0 of instruction 'call'
ptxas /tmp/cc9fzrMS.o, line 183; error   : Function '_ZNSt7complexIfEC1Eff' not declared in this scope
ptxas /tmp/cc9fzrMS.o, line 183; fatal   : Call target not recognized
ptxas fatal   : Ptx assembly aborted due to errors
nvptx-as: ptxas returned 255 exit status
mkoffload: fatal error: x86_64-pc-linux-gnu-accel-nvptx-none-gcc returned 1 exit status
compilation terminated.
lto-wrapper: fatal error: /soft/packaging/spack-builds/linux-rhel7-x86_64/gcc-9.3.0/gcc-develop-42htf6epvpvtyxml575eslwb5u23pj2y/libexec/gcc/x86_64-pc-linux-gnu/10.0.0//accel/nvptx-none/mkoffload returned 1 exit status
compilation terminated.
/usr/bin/ld: error: lto-wrapper failed
collect2: error: ld returned 1 exit status
make: [target__parallel_for.exe] Error 1 (ignored)
timeout 45s g++ -fopenmp target_teams.cpp -o target_teams.exe
ptxas /tmp/ccTY62sE.o, line 116; error   : Label expected for argument 0 of instruction 'call'
ptxas /tmp/ccTY62sE.o, line 116; error   : Function '_ZNSt7complexIfEC1Eff' not declared in this scope
ptxas /tmp/ccTY62sE.o, line 116; fatal   : Call target not recognized
ptxas fatal   : Ptx assembly aborted due to errors
nvptx-as: ptxas returned 255 exit status
mkoffload: fatal error: x86_64-pc-linux-gnu-accel-nvptx-none-gcc returned 1 exit status
compilation terminated.
lto-wrapper: fatal error: /soft/packaging/spack-builds/linux-rhel7-x86_64/gcc-9.3.0/gcc-develop-42htf6epvpvtyxml575eslwb5u23pj2y/libexec/gcc/x86_64-pc-linux-gnu/10.0.0//accel/nvptx-none/mkoffload returned 1 exit status
compilation terminated.
/usr/bin/ld: error: lto-wrapper failed
collect2: error: ld returned 1 exit status
make: [target_teams.exe] Error 1 (ignored)
timeout 45s g++ -fopenmp target__teams__distribute__parallel__for__simd.cpp -o target__teams__distribute__parallel__for__simd.exe
ptxas /tmp/ccbufaKf.o, line 137; error   : Label expected for argument 0 of instruction 'call'
ptxas /tmp/ccbufaKf.o, line 137; error   : Function '_ZNSt7complexIfEC1Eff' not declared in this scope
ptxas /tmp/ccbufaKf.o, line 137; fatal   : Call target not recognized
ptxas fatal   : Ptx assembly aborted due to errors
nvptx-as: ptxas returned 255 exit status
mkoffload: fatal error: x86_64-pc-linux-gnu-accel-nvptx-none-gcc returned 1 exit status
compilation terminated.
lto-wrapper: fatal error: /soft/packaging/spack-builds/linux-rhel7-x86_64/gcc-9.3.0/gcc-develop-42htf6epvpvtyxml575eslwb5u23pj2y/libexec/gcc/x86_64-pc-linux-gnu/10.0.0//accel/nvptx-none/mkoffload returned 1 exit status
compilation terminated.
/usr/bin/ld: error: lto-wrapper failed
collect2: error: ld returned 1 exit status
make: [target__teams__distribute__parallel__for__simd.exe] Error 1 (ignored)
timeout 45s g++ -fopenmp target_teams__distribute__parallel__for.cpp -o target_teams__distribute__parallel__for.exe
ptxas /tmp/ccaloPO3.o, line 137; error   : Label expected for argument 0 of instruction 'call'
ptxas /tmp/ccaloPO3.o, line 137; error   : Function '_ZNSt7complexIfEC1Eff' not declared in this scope
ptxas /tmp/ccaloPO3.o, line 137; fatal   : Call target not recognized
ptxas fatal   : Ptx assembly aborted due to errors
nvptx-as: ptxas returned 255 exit status
mkoffload: fatal error: x86_64-pc-linux-gnu-accel-nvptx-none-gcc returned 1 exit status
compilation terminated.
lto-wrapper: fatal error: /soft/packaging/spack-builds/linux-rhel7-x86_64/gcc-9.3.0/gcc-develop-42htf6epvpvtyxml575eslwb5u23pj2y/libexec/gcc/x86_64-pc-linux-gnu/10.0.0//accel/nvptx-none/mkoffload returned 1 exit status
compilation terminated.
/usr/bin/ld: error: lto-wrapper failed
collect2: error: ld returned 1 exit status
make: [target_teams__distribute__parallel__for.exe] Error 1 (ignored)
timeout 45s g++ -fopenmp target__teams__parallel__for.cpp -o target__teams__parallel__for.exe
ptxas /tmp/ccSuvFME.o, line 120; error   : Label expected for argument 0 of instruction 'call'
ptxas /tmp/ccSuvFME.o, line 120; error   : Function '_ZNSt7complexIfEC1Eff' not declared in this scope
ptxas /tmp/ccSuvFME.o, line 120; fatal   : Call target not recognized
ptxas fatal   : Ptx assembly aborted due to errors
nvptx-as: ptxas returned 255 exit status
mkoffload: fatal error: x86_64-pc-linux-gnu-accel-nvptx-none-gcc returned 1 exit status
compilation terminated.
lto-wrapper: fatal error: /soft/packaging/spack-builds/linux-rhel7-x86_64/gcc-9.3.0/gcc-develop-42htf6epvpvtyxml575eslwb5u23pj2y/libexec/gcc/x86_64-pc-linux-gnu/10.0.0//accel/nvptx-none/mkoffload returned 1 exit status
compilation terminated.
/usr/bin/ld: error: lto-wrapper failed
collect2: error: ld returned 1 exit status
make: [target__teams__parallel__for.exe] Error 1 (ignored)
timeout 45s g++ -fopenmp target_teams__parallel_for.cpp -o target_teams__parallel_for.exe
ptxas /tmp/ccGa64Ti.o, line 118; error   : Label expected for argument 0 of instruction 'call'
ptxas /tmp/ccGa64Ti.o, line 118; error   : Function '_ZNSt7complexIfEC1Eff' not declared in this scope
ptxas /tmp/ccGa64Ti.o, line 118; fatal   : Call target not recognized
ptxas fatal   : Ptx assembly aborted due to errors
nvptx-as: ptxas returned 255 exit status
mkoffload: fatal error: x86_64-pc-linux-gnu-accel-nvptx-none-gcc returned 1 exit status
compilation terminated.
lto-wrapper: fatal error: /soft/packaging/spack-builds/linux-rhel7-x86_64/gcc-9.3.0/gcc-develop-42htf6epvpvtyxml575eslwb5u23pj2y/libexec/gcc/x86_64-pc-linux-gnu/10.0.0//accel/nvptx-none/mkoffload returned 1 exit status
compilation terminated.
/usr/bin/ld: error: lto-wrapper failed
collect2: error: ld returned 1 exit status
make: [target_teams__parallel_for.exe] Error 1 (ignored)
timeout 45s g++ -fopenmp target__teams_distribute__parallel.cpp -o target__teams_distribute__parallel.exe
ptxas /tmp/ccM5KAi6.o, line 133; error   : Label expected for argument 0 of instruction 'call'
ptxas /tmp/ccM5KAi6.o, line 133; error   : Function '_ZNSt7complexIfEC1Eff' not declared in this scope
ptxas /tmp/ccM5KAi6.o, line 133; fatal   : Call target not recognized
ptxas fatal   : Ptx assembly aborted due to errors
nvptx-as: ptxas returned 255 exit status
mkoffload: fatal error: x86_64-pc-linux-gnu-accel-nvptx-none-gcc returned 1 exit status
compilation terminated.
lto-wrapper: fatal error: /soft/packaging/spack-builds/linux-rhel7-x86_64/gcc-9.3.0/gcc-develop-42htf6epvpvtyxml575eslwb5u23pj2y/libexec/gcc/x86_64-pc-linux-gnu/10.0.0//accel/nvptx-none/mkoffload returned 1 exit status
compilation terminated.
/usr/bin/ld: error: lto-wrapper failed
collect2: error: ld returned 1 exit status
make: [target__teams_distribute__parallel.exe] Error 1 (ignored)
timeout 45s g++ -fopenmp target__teams.cpp -o target__teams.exe
ptxas /tmp/cc8cmkYL.o, line 116; error   : Label expected for argument 0 of instruction 'call'
ptxas /tmp/cc8cmkYL.o, line 116; error   : Function '_ZNSt7complexIfEC1Eff' not declared in this scope
ptxas /tmp/cc8cmkYL.o, line 116; fatal   : Call target not recognized
ptxas fatal   : Ptx assembly aborted due to errors
nvptx-as: ptxas returned 255 exit status
mkoffload: fatal error: x86_64-pc-linux-gnu-accel-nvptx-none-gcc returned 1 exit status
compilation terminated.
lto-wrapper: fatal error: /soft/packaging/spack-builds/linux-rhel7-x86_64/gcc-9.3.0/gcc-develop-42htf6epvpvtyxml575eslwb5u23pj2y/libexec/gcc/x86_64-pc-linux-gnu/10.0.0//accel/nvptx-none/mkoffload returned 1 exit status
compilation terminated.
/usr/bin/ld: error: lto-wrapper failed
collect2: error: ld returned 1 exit status
make: [target__teams.exe] Error 1 (ignored)
timeout 45s g++ -fopenmp target_teams__parallel__simd.cpp -o target_teams__parallel__simd.exe
ptxas /tmp/ccdjmHMy.o, line 116; error   : Label expected for argument 0 of instruction 'call'
ptxas /tmp/ccdjmHMy.o, line 116; error   : Function '_ZNSt7complexIfEC1Eff' not declared in this scope
ptxas /tmp/ccdjmHMy.o, line 116; fatal   : Call target not recognized
ptxas fatal   : Ptx assembly aborted due to errors
nvptx-as: ptxas returned 255 exit status
mkoffload: fatal error: x86_64-pc-linux-gnu-accel-nvptx-none-gcc returned 1 exit status
compilation terminated.
lto-wrapper: fatal error: /soft/packaging/spack-builds/linux-rhel7-x86_64/gcc-9.3.0/gcc-develop-42htf6epvpvtyxml575eslwb5u23pj2y/libexec/gcc/x86_64-pc-linux-gnu/10.0.0//accel/nvptx-none/mkoffload returned 1 exit status
compilation terminated.
/usr/bin/ld: error: lto-wrapper failed
collect2: error: ld returned 1 exit status
make: [target_teams__parallel__simd.exe] Error 1 (ignored)
timeout 45s g++ -fopenmp target__teams_distribute.cpp -o target__teams_distribute.exe
ptxas /tmp/ccc13BQ9.o, line 130; error   : Label expected for argument 0 of instruction 'call'
ptxas /tmp/ccc13BQ9.o, line 130; error   : Function '_ZNSt7complexIfEC1Eff' not declared in this scope
ptxas /tmp/ccc13BQ9.o, line 130; fatal   : Call target not recognized
ptxas fatal   : Ptx assembly aborted due to errors
nvptx-as: ptxas returned 255 exit status
mkoffload: fatal error: x86_64-pc-linux-gnu-accel-nvptx-none-gcc returned 1 exit status
compilation terminated.
lto-wrapper: fatal error: /soft/packaging/spack-builds/linux-rhel7-x86_64/gcc-9.3.0/gcc-develop-42htf6epvpvtyxml575eslwb5u23pj2y/libexec/gcc/x86_64-pc-linux-gnu/10.0.0//accel/nvptx-none/mkoffload returned 1 exit status
compilation terminated.
/usr/bin/ld: error: lto-wrapper failed
collect2: error: ld returned 1 exit status
make: [target__teams_distribute.exe] Error 1 (ignored)
timeout 45s g++ -fopenmp target_teams_distribute_parallel_for__simd.cpp -o target_teams_distribute_parallel_for__simd.exe
ptxas /tmp/ccwVG6tO.o, line 130; error   : Label expected for argument 0 of instruction 'call'
ptxas /tmp/ccwVG6tO.o, line 130; error   : Function '_ZNSt7complexIfEC1Eff' not declared in this scope
ptxas /tmp/ccwVG6tO.o, line 130; fatal   : Call target not recognized
ptxas fatal   : Ptx assembly aborted due to errors
nvptx-as: ptxas returned 255 exit status
mkoffload: fatal error: x86_64-pc-linux-gnu-accel-nvptx-none-gcc returned 1 exit status
compilation terminated.
lto-wrapper: fatal error: /soft/packaging/spack-builds/linux-rhel7-x86_64/gcc-9.3.0/gcc-develop-42htf6epvpvtyxml575eslwb5u23pj2y/libexec/gcc/x86_64-pc-linux-gnu/10.0.0//accel/nvptx-none/mkoffload returned 1 exit status
compilation terminated.
/usr/bin/ld: error: lto-wrapper failed
collect2: error: ld returned 1 exit status
make: [target_teams_distribute_parallel_for__simd.exe] Error 1 (ignored)
timeout 45s g++ -fopenmp target__parallel__simd.cpp -o target__parallel__simd.exe
ptxas /tmp/cczbUyhB.o, line 183; error   : Label expected for argument 0 of instruction 'call'
ptxas /tmp/cczbUyhB.o, line 183; error   : Function '_ZNSt7complexIfEC1Eff' not declared in this scope
ptxas /tmp/cczbUyhB.o, line 183; fatal   : Call target not recognized
ptxas fatal   : Ptx assembly aborted due to errors
nvptx-as: ptxas returned 255 exit status
mkoffload: fatal error: x86_64-pc-linux-gnu-accel-nvptx-none-gcc returned 1 exit status
compilation terminated.
lto-wrapper: fatal error: /soft/packaging/spack-builds/linux-rhel7-x86_64/gcc-9.3.0/gcc-develop-42htf6epvpvtyxml575eslwb5u23pj2y/libexec/gcc/x86_64-pc-linux-gnu/10.0.0//accel/nvptx-none/mkoffload returned 1 exit status
compilation terminated.
/usr/bin/ld: error: lto-wrapper failed
collect2: error: ld returned 1 exit status
make: [target__parallel__simd.exe] Error 1 (ignored)
timeout 45s g++ -fopenmp target_teams__distribute__parallel__simd.cpp -o target_teams__distribute__parallel__simd.exe
ptxas /tmp/ccS9G3cc.o, line 133; error   : Label expected for argument 0 of instruction 'call'
ptxas /tmp/ccS9G3cc.o, line 133; error   : Function '_ZNSt7complexIfEC1Eff' not declared in this scope
ptxas /tmp/ccS9G3cc.o, line 133; fatal   : Call target not recognized
ptxas fatal   : Ptx assembly aborted due to errors
nvptx-as: ptxas returned 255 exit status
mkoffload: fatal error: x86_64-pc-linux-gnu-accel-nvptx-none-gcc returned 1 exit status
compilation terminated.
lto-wrapper: fatal error: /soft/packaging/spack-builds/linux-rhel7-x86_64/gcc-9.3.0/gcc-develop-42htf6epvpvtyxml575eslwb5u23pj2y/libexec/gcc/x86_64-pc-linux-gnu/10.0.0//accel/nvptx-none/mkoffload returned 1 exit status
compilation terminated.
/usr/bin/ld: error: lto-wrapper failed
collect2: error: ld returned 1 exit status
make: [target_teams__distribute__parallel__simd.exe] Error 1 (ignored)
timeout 45s g++ -fopenmp target__teams_distribute__parallel__for.cpp -o target__teams_distribute__parallel__for.exe
ptxas /tmp/ccbKvCYY.o, line 137; error   : Label expected for argument 0 of instruction 'call'
ptxas /tmp/ccbKvCYY.o, line 137; error   : Function '_ZNSt7complexIfEC1Eff' not declared in this scope
ptxas /tmp/ccbKvCYY.o, line 137; fatal   : Call target not recognized
ptxas fatal   : Ptx assembly aborted due to errors
nvptx-as: ptxas returned 255 exit status
mkoffload: fatal error: x86_64-pc-linux-gnu-accel-nvptx-none-gcc returned 1 exit status
compilation terminated.
lto-wrapper: fatal error: /soft/packaging/spack-builds/linux-rhel7-x86_64/gcc-9.3.0/gcc-develop-42htf6epvpvtyxml575eslwb5u23pj2y/libexec/gcc/x86_64-pc-linux-gnu/10.0.0//accel/nvptx-none/mkoffload returned 1 exit status
compilation terminated.
/usr/bin/ld: error: lto-wrapper failed
collect2: error: ld returned 1 exit status
make: [target__teams_distribute__parallel__for.exe] Error 1 (ignored)
timeout 45s g++ -fopenmp target_teams__distribute.cpp -o target_teams__distribute.exe
ptxas /tmp/ccb3jHoB.o, line 130; error   : Label expected for argument 0 of instruction 'call'
ptxas /tmp/ccb3jHoB.o, line 130; error   : Function '_ZNSt7complexIfEC1Eff' not declared in this scope
ptxas /tmp/ccb3jHoB.o, line 130; fatal   : Call target not recognized
ptxas fatal   : Ptx assembly aborted due to errors
nvptx-as: ptxas returned 255 exit status
mkoffload: fatal error: x86_64-pc-linux-gnu-accel-nvptx-none-gcc returned 1 exit status
compilation terminated.
lto-wrapper: fatal error: /soft/packaging/spack-builds/linux-rhel7-x86_64/gcc-9.3.0/gcc-develop-42htf6epvpvtyxml575eslwb5u23pj2y/libexec/gcc/x86_64-pc-linux-gnu/10.0.0//accel/nvptx-none/mkoffload returned 1 exit status
compilation terminated.
/usr/bin/ld: error: lto-wrapper failed
collect2: error: ld returned 1 exit status
make: [target_teams__distribute.exe] Error 1 (ignored)
timeout 45s g++ -fopenmp target__teams__parallel__for__simd.cpp -o target__teams__parallel__for__simd.exe
ptxas /tmp/ccAiyi9g.o, line 120; error   : Label expected for argument 0 of instruction 'call'
ptxas /tmp/ccAiyi9g.o, line 120; error   : Function '_ZNSt7complexIfEC1Eff' not declared in this scope
ptxas /tmp/ccAiyi9g.o, line 120; fatal   : Call target not recognized
ptxas fatal   : Ptx assembly aborted due to errors
nvptx-as: ptxas returned 255 exit status
mkoffload: fatal error: x86_64-pc-linux-gnu-accel-nvptx-none-gcc returned 1 exit status
compilation terminated.
lto-wrapper: fatal error: /soft/packaging/spack-builds/linux-rhel7-x86_64/gcc-9.3.0/gcc-develop-42htf6epvpvtyxml575eslwb5u23pj2y/libexec/gcc/x86_64-pc-linux-gnu/10.0.0//accel/nvptx-none/mkoffload returned 1 exit status
compilation terminated.
/usr/bin/ld: error: lto-wrapper failed
collect2: error: ld returned 1 exit status
make: [target__teams__parallel__for__simd.exe] Error 1 (ignored)
timeout 45s g++ -fopenmp target__parallel_for__simd.cpp -o target__parallel_for__simd.exe
ptxas /tmp/cc3jb4Z3.o, line 197; error   : Label expected for argument 0 of instruction 'call'
ptxas /tmp/cc3jb4Z3.o, line 197; error   : Function '_ZNSt7complexIfEC1Eff' not declared in this scope
ptxas /tmp/cc3jb4Z3.o, line 197; fatal   : Call target not recognized
ptxas fatal   : Ptx assembly aborted due to errors
nvptx-as: ptxas returned 255 exit status
mkoffload: fatal error: x86_64-pc-linux-gnu-accel-nvptx-none-gcc returned 1 exit status
compilation terminated.
lto-wrapper: fatal error: /soft/packaging/spack-builds/linux-rhel7-x86_64/gcc-9.3.0/gcc-develop-42htf6epvpvtyxml575eslwb5u23pj2y/libexec/gcc/x86_64-pc-linux-gnu/10.0.0//accel/nvptx-none/mkoffload returned 1 exit status
compilation terminated.
/usr/bin/ld: error: lto-wrapper failed
collect2: error: ld returned 1 exit status
make: [target__parallel_for__simd.exe] Error 1 (ignored)
timeout 45s g++ -fopenmp target_teams_distribute.cpp -o target_teams_distribute.exe
ptxas /tmp/ccwyXb1D.o, line 130; error   : Label expected for argument 0 of instruction 'call'
ptxas /tmp/ccwyXb1D.o, line 130; error   : Function '_ZNSt7complexIfEC1Eff' not declared in this scope
ptxas /tmp/ccwyXb1D.o, line 130; fatal   : Call target not recognized
ptxas fatal   : Ptx assembly aborted due to errors
nvptx-as: ptxas returned 255 exit status
mkoffload: fatal error: x86_64-pc-linux-gnu-accel-nvptx-none-gcc returned 1 exit status
compilation terminated.
lto-wrapper: fatal error: /soft/packaging/spack-builds/linux-rhel7-x86_64/gcc-9.3.0/gcc-develop-42htf6epvpvtyxml575eslwb5u23pj2y/libexec/gcc/x86_64-pc-linux-gnu/10.0.0//accel/nvptx-none/mkoffload returned 1 exit status
compilation terminated.
/usr/bin/ld: error: lto-wrapper failed
collect2: error: ld returned 1 exit status
make: [target_teams_distribute.exe] Error 1 (ignored)
timeout 45s g++ -fopenmp target__parallel__for.cpp -o target__parallel__for.exe
ptxas /tmp/ccpwLzVq.o, line 185; error   : Label expected for argument 0 of instruction 'call'
ptxas /tmp/ccpwLzVq.o, line 185; error   : Function '_ZNSt7complexIfEC1Eff' not declared in this scope
ptxas /tmp/ccpwLzVq.o, line 185; fatal   : Call target not recognized
ptxas fatal   : Ptx assembly aborted due to errors
nvptx-as: ptxas returned 255 exit status
mkoffload: fatal error: x86_64-pc-linux-gnu-accel-nvptx-none-gcc returned 1 exit status
compilation terminated.
lto-wrapper: fatal error: /soft/packaging/spack-builds/linux-rhel7-x86_64/gcc-9.3.0/gcc-develop-42htf6epvpvtyxml575eslwb5u23pj2y/libexec/gcc/x86_64-pc-linux-gnu/10.0.0//accel/nvptx-none/mkoffload returned 1 exit status
compilation terminated.
/usr/bin/ld: error: lto-wrapper failed
collect2: error: ld returned 1 exit status
make: [target__parallel__for.exe] Error 1 (ignored)
timeout 45s g++ -fopenmp target_teams_distribute__parallel__for__simd.cpp -o target_teams_distribute__parallel__for__simd.exe
ptxas /tmp/cc87UoR5.o, line 137; error   : Label expected for argument 0 of instruction 'call'
ptxas /tmp/cc87UoR5.o, line 137; error   : Function '_ZNSt7complexIfEC1Eff' not declared in this scope
ptxas /tmp/cc87UoR5.o, line 137; fatal   : Call target not recognized
ptxas fatal   : Ptx assembly aborted due to errors
nvptx-as: ptxas returned 255 exit status
mkoffload: fatal error: x86_64-pc-linux-gnu-accel-nvptx-none-gcc returned 1 exit status
compilation terminated.
lto-wrapper: fatal error: /soft/packaging/spack-builds/linux-rhel7-x86_64/gcc-9.3.0/gcc-develop-42htf6epvpvtyxml575eslwb5u23pj2y/libexec/gcc/x86_64-pc-linux-gnu/10.0.0//accel/nvptx-none/mkoffload returned 1 exit status
compilation terminated.
/usr/bin/ld: error: lto-wrapper failed
collect2: error: ld returned 1 exit status
make: [target_teams_distribute__parallel__for__simd.exe] Error 1 (ignored)
timeout 45s g++ -fopenmp target__teams_distribute_simd.cpp -o target__teams_distribute_simd.exe
ptxas /tmp/ccn0J05H.o, line 159; error   : Label expected for argument 0 of instruction 'call'
ptxas /tmp/ccn0J05H.o, line 159; error   : Function '_ZNSt7complexIfEC1Eff' not declared in this scope
ptxas /tmp/ccn0J05H.o, line 159; fatal   : Call target not recognized
ptxas fatal   : Ptx assembly aborted due to errors
nvptx-as: ptxas returned 255 exit status
mkoffload: fatal error: x86_64-pc-linux-gnu-accel-nvptx-none-gcc returned 1 exit status
compilation terminated.
lto-wrapper: fatal error: /soft/packaging/spack-builds/linux-rhel7-x86_64/gcc-9.3.0/gcc-develop-42htf6epvpvtyxml575eslwb5u23pj2y/libexec/gcc/x86_64-pc-linux-gnu/10.0.0//accel/nvptx-none/mkoffload returned 1 exit status
compilation terminated.
/usr/bin/ld: error: lto-wrapper failed
collect2: error: ld returned 1 exit status
make: [target__teams_distribute_simd.exe] Error 1 (ignored)
timeout 45s g++ -fopenmp target__parallel.cpp -o target__parallel.exe
ptxas /tmp/cciutfgy.o, line 169; error   : Label expected for argument 0 of instruction 'call'
ptxas /tmp/cciutfgy.o, line 169; error   : Function '_ZNSt7complexIfEC1Eff' not declared in this scope
ptxas /tmp/cciutfgy.o, line 169; fatal   : Call target not recognized
ptxas fatal   : Ptx assembly aborted due to errors
nvptx-as: ptxas returned 255 exit status
mkoffload: fatal error: x86_64-pc-linux-gnu-accel-nvptx-none-gcc returned 1 exit status
compilation terminated.
lto-wrapper: fatal error: /soft/packaging/spack-builds/linux-rhel7-x86_64/gcc-9.3.0/gcc-develop-42htf6epvpvtyxml575eslwb5u23pj2y/libexec/gcc/x86_64-pc-linux-gnu/10.0.0//accel/nvptx-none/mkoffload returned 1 exit status
compilation terminated.
/usr/bin/ld: error: lto-wrapper failed
collect2: error: ld returned 1 exit status
make: [target__parallel.exe] Error 1 (ignored)
timeout 45s g++ -fopenmp target_teams__parallel_for__simd.cpp -o target_teams__parallel_for__simd.exe
ptxas /tmp/ccOlX0S9.o, line 118; error   : Label expected for argument 0 of instruction 'call'
ptxas /tmp/ccOlX0S9.o, line 118; error   : Function '_ZNSt7complexIfEC1Eff' not declared in this scope
ptxas /tmp/ccOlX0S9.o, line 118; fatal   : Call target not recognized
ptxas fatal   : Ptx assembly aborted due to errors
nvptx-as: ptxas returned 255 exit status
mkoffload: fatal error: x86_64-pc-linux-gnu-accel-nvptx-none-gcc returned 1 exit status
compilation terminated.
lto-wrapper: fatal error: /soft/packaging/spack-builds/linux-rhel7-x86_64/gcc-9.3.0/gcc-develop-42htf6epvpvtyxml575eslwb5u23pj2y/libexec/gcc/x86_64-pc-linux-gnu/10.0.0//accel/nvptx-none/mkoffload returned 1 exit status
compilation terminated.
/usr/bin/ld: error: lto-wrapper failed
collect2: error: ld returned 1 exit status
make: [target_teams__parallel_for__simd.exe] Error 1 (ignored)
timeout 45s g++ -fopenmp target__teams__distribute__parallel_for.cpp -o target__teams__distribute__parallel_for.exe
ptxas /tmp/ccq6s7EW.o, line 135; error   : Label expected for argument 0 of instruction 'call'
ptxas /tmp/ccq6s7EW.o, line 135; error   : Function '_ZNSt7complexIfEC1Eff' not declared in this scope
ptxas /tmp/ccq6s7EW.o, line 135; fatal   : Call target not recognized
ptxas fatal   : Ptx assembly aborted due to errors
nvptx-as: ptxas returned 255 exit status
mkoffload: fatal error: x86_64-pc-linux-gnu-accel-nvptx-none-gcc returned 1 exit status
compilation terminated.
lto-wrapper: fatal error: /soft/packaging/spack-builds/linux-rhel7-x86_64/gcc-9.3.0/gcc-develop-42htf6epvpvtyxml575eslwb5u23pj2y/libexec/gcc/x86_64-pc-linux-gnu/10.0.0//accel/nvptx-none/mkoffload returned 1 exit status
compilation terminated.
/usr/bin/ld: error: lto-wrapper failed
collect2: error: ld returned 1 exit status
make: [target__teams__distribute__parallel_for.exe] Error 1 (ignored)
timeout 45s g++ -fopenmp target__parallel_for_simd.cpp -o target__parallel_for_simd.exe
ptxas /tmp/cct1ttAx.o, line 192; error   : Label expected for argument 0 of instruction 'call'
ptxas /tmp/cct1ttAx.o, line 192; error   : Function '_ZNSt7complexIfEC1Eff' not declared in this scope
ptxas /tmp/cct1ttAx.o, line 192; fatal   : Call target not recognized
ptxas fatal   : Ptx assembly aborted due to errors
nvptx-as: ptxas returned 255 exit status
mkoffload: fatal error: x86_64-pc-linux-gnu-accel-nvptx-none-gcc returned 1 exit status
compilation terminated.
lto-wrapper: fatal error: /soft/packaging/spack-builds/linux-rhel7-x86_64/gcc-9.3.0/gcc-develop-42htf6epvpvtyxml575eslwb5u23pj2y/libexec/gcc/x86_64-pc-linux-gnu/10.0.0//accel/nvptx-none/mkoffload returned 1 exit status
compilation terminated.
/usr/bin/ld: error: lto-wrapper failed
collect2: error: ld returned 1 exit status
make: [target__parallel_for_simd.exe] Error 1 (ignored)
timeout 45s g++ -fopenmp target.cpp -o target.exe
ptxas /tmp/cc1CHjXl.o, line 89; error   : Label expected for argument 0 of instruction 'call'
ptxas /tmp/cc1CHjXl.o, line 89; error   : Function '_ZNSt7complexIfEC1Eff' not declared in this scope
ptxas /tmp/cc1CHjXl.o, line 89; fatal   : Call target not recognized
ptxas fatal   : Ptx assembly aborted due to errors
nvptx-as: ptxas returned 255 exit status
mkoffload: fatal error: x86_64-pc-linux-gnu-accel-nvptx-none-gcc returned 1 exit status
compilation terminated.
lto-wrapper: fatal error: /soft/packaging/spack-builds/linux-rhel7-x86_64/gcc-9.3.0/gcc-develop-42htf6epvpvtyxml575eslwb5u23pj2y/libexec/gcc/x86_64-pc-linux-gnu/10.0.0//accel/nvptx-none/mkoffload returned 1 exit status
compilation terminated.
/usr/bin/ld: error: lto-wrapper failed
collect2: error: ld returned 1 exit status
make: [target.exe] Error 1 (ignored)
timeout 45s g++ -fopenmp target_teams__distribute_simd.cpp -o target_teams__distribute_simd.exe
ptxas /tmp/ccsJSV3V.o, line 139; error   : Label expected for argument 0 of instruction 'call'
ptxas /tmp/ccsJSV3V.o, line 139; error   : Function '_ZNSt7complexIfEC1Eff' not declared in this scope
ptxas /tmp/ccsJSV3V.o, line 139; fatal   : Call target not recognized
ptxas fatal   : Ptx assembly aborted due to errors
nvptx-as: ptxas returned 255 exit status
mkoffload: fatal error: x86_64-pc-linux-gnu-accel-nvptx-none-gcc returned 1 exit status
compilation terminated.
lto-wrapper: fatal error: /soft/packaging/spack-builds/linux-rhel7-x86_64/gcc-9.3.0/gcc-develop-42htf6epvpvtyxml575eslwb5u23pj2y/libexec/gcc/x86_64-pc-linux-gnu/10.0.0//accel/nvptx-none/mkoffload returned 1 exit status
compilation terminated.
/usr/bin/ld: error: lto-wrapper failed
collect2: error: ld returned 1 exit status
make: [target_teams__distribute_simd.exe] Error 1 (ignored)
timeout 45s g++ -fopenmp target_parallel_for_simd.cpp -o target_parallel_for_simd.exe
ptxas /tmp/cc03nE6B.o, line 192; error   : Label expected for argument 0 of instruction 'call'
ptxas /tmp/cc03nE6B.o, line 192; error   : Function '_ZNSt7complexIfEC1Eff' not declared in this scope
ptxas /tmp/cc03nE6B.o, line 192; fatal   : Call target not recognized
ptxas fatal   : Ptx assembly aborted due to errors
nvptx-as: ptxas returned 255 exit status
mkoffload: fatal error: x86_64-pc-linux-gnu-accel-nvptx-none-gcc returned 1 exit status
compilation terminated.
lto-wrapper: fatal error: /soft/packaging/spack-builds/linux-rhel7-x86_64/gcc-9.3.0/gcc-develop-42htf6epvpvtyxml575eslwb5u23pj2y/libexec/gcc/x86_64-pc-linux-gnu/10.0.0//accel/nvptx-none/mkoffload returned 1 exit status
compilation terminated.
/usr/bin/ld: error: lto-wrapper failed
collect2: error: ld returned 1 exit status
make: [target_parallel_for_simd.exe] Error 1 (ignored)
timeout 45s g++ -fopenmp target__teams__parallel_for.cpp -o target__teams__parallel_for.exe
ptxas /tmp/ccSVwYSo.o, line 118; error   : Label expected for argument 0 of instruction 'call'
ptxas /tmp/ccSVwYSo.o, line 118; error   : Function '_ZNSt7complexIfEC1Eff' not declared in this scope
ptxas /tmp/ccSVwYSo.o, line 118; fatal   : Call target not recognized
ptxas fatal   : Ptx assembly aborted due to errors
nvptx-as: ptxas returned 255 exit status
mkoffload: fatal error: x86_64-pc-linux-gnu-accel-nvptx-none-gcc returned 1 exit status
compilation terminated.
lto-wrapper: fatal error: /soft/packaging/spack-builds/linux-rhel7-x86_64/gcc-9.3.0/gcc-develop-42htf6epvpvtyxml575eslwb5u23pj2y/libexec/gcc/x86_64-pc-linux-gnu/10.0.0//accel/nvptx-none/mkoffload returned 1 exit status
compilation terminated.
/usr/bin/ld: error: lto-wrapper failed
collect2: error: ld returned 1 exit status
make: [target__teams__parallel_for.exe] Error 1 (ignored)
timeout 45s g++ -fopenmp target__teams__distribute__simd.cpp -o target__teams__distribute__simd.exe
ptxas /tmp/ccwJn7IZ.o, line 144; error   : Label expected for argument 0 of instruction 'call'
ptxas /tmp/ccwJn7IZ.o, line 144; error   : Function '_ZNSt7complexIfEC1Eff' not declared in this scope
ptxas /tmp/ccwJn7IZ.o, line 144; fatal   : Call target not recognized
ptxas fatal   : Ptx assembly aborted due to errors
nvptx-as: ptxas returned 255 exit status
mkoffload: fatal error: x86_64-pc-linux-gnu-accel-nvptx-none-gcc returned 1 exit status
compilation terminated.
lto-wrapper: fatal error: /soft/packaging/spack-builds/linux-rhel7-x86_64/gcc-9.3.0/gcc-develop-42htf6epvpvtyxml575eslwb5u23pj2y/libexec/gcc/x86_64-pc-linux-gnu/10.0.0//accel/nvptx-none/mkoffload returned 1 exit status
compilation terminated.
/usr/bin/ld: error: lto-wrapper failed
collect2: error: ld returned 1 exit status
make: [target__teams__distribute__simd.exe] Error 1 (ignored)
timeout 45s g++ -fopenmp target__teams__distribute__parallel__simd.cpp -o target__teams__distribute__parallel__simd.exe
ptxas /tmp/ccG5CAAM.o, line 133; error   : Label expected for argument 0 of instruction 'call'
ptxas /tmp/ccG5CAAM.o, line 133; error   : Function '_ZNSt7complexIfEC1Eff' not declared in this scope
ptxas /tmp/ccG5CAAM.o, line 133; fatal   : Call target not recognized
ptxas fatal   : Ptx assembly aborted due to errors
nvptx-as: ptxas returned 255 exit status
mkoffload: fatal error: x86_64-pc-linux-gnu-accel-nvptx-none-gcc returned 1 exit status
compilation terminated.
lto-wrapper: fatal error: /soft/packaging/spack-builds/linux-rhel7-x86_64/gcc-9.3.0/gcc-develop-42htf6epvpvtyxml575eslwb5u23pj2y/libexec/gcc/x86_64-pc-linux-gnu/10.0.0//accel/nvptx-none/mkoffload returned 1 exit status
compilation terminated.
/usr/bin/ld: error: lto-wrapper failed
collect2: error: ld returned 1 exit status
make: [target__teams__distribute__parallel__simd.exe] Error 1 (ignored)
timeout 45s g++ -fopenmp target_teams_distribute__simd.cpp -o target_teams_distribute__simd.exe
ptxas /tmp/cc7JHzVo.o, line 144; error   : Label expected for argument 0 of instruction 'call'
ptxas /tmp/cc7JHzVo.o, line 144; error   : Function '_ZNSt7complexIfEC1Eff' not declared in this scope
ptxas /tmp/cc7JHzVo.o, line 144; fatal   : Call target not recognized
ptxas fatal   : Ptx assembly aborted due to errors
nvptx-as: ptxas returned 255 exit status
mkoffload: fatal error: x86_64-pc-linux-gnu-accel-nvptx-none-gcc returned 1 exit status
compilation terminated.
lto-wrapper: fatal error: /soft/packaging/spack-builds/linux-rhel7-x86_64/gcc-9.3.0/gcc-develop-42htf6epvpvtyxml575eslwb5u23pj2y/libexec/gcc/x86_64-pc-linux-gnu/10.0.0//accel/nvptx-none/mkoffload returned 1 exit status
compilation terminated.
/usr/bin/ld: error: lto-wrapper failed
collect2: error: ld returned 1 exit status
make: [target_teams_distribute__simd.exe] Error 1 (ignored)
timeout 45s g++ -fopenmp target_parallel_for.cpp -o target_parallel_for.exe
ptxas /tmp/ccy0FuG3.o, line 183; error   : Label expected for argument 0 of instruction 'call'
ptxas /tmp/ccy0FuG3.o, line 183; error   : Function '_ZNSt7complexIfEC1Eff' not declared in this scope
ptxas /tmp/ccy0FuG3.o, line 183; fatal   : Call target not recognized
ptxas fatal   : Ptx assembly aborted due to errors
nvptx-as: ptxas returned 255 exit status
mkoffload: fatal error: x86_64-pc-linux-gnu-accel-nvptx-none-gcc returned 1 exit status
compilation terminated.
lto-wrapper: fatal error: /soft/packaging/spack-builds/linux-rhel7-x86_64/gcc-9.3.0/gcc-develop-42htf6epvpvtyxml575eslwb5u23pj2y/libexec/gcc/x86_64-pc-linux-gnu/10.0.0//accel/nvptx-none/mkoffload returned 1 exit status
compilation terminated.
/usr/bin/ld: error: lto-wrapper failed
collect2: error: ld returned 1 exit status
make: [target_parallel_for.exe] Error 1 (ignored)
timeout 45s g++ -fopenmp target__teams_distribute_parallel_for__simd.cpp -o target__teams_distribute_parallel_for__simd.exe
ptxas /tmp/ccx9ojIQ.o, line 130; error   : Label expected for argument 0 of instruction 'call'
ptxas /tmp/ccx9ojIQ.o, line 130; error   : Function '_ZNSt7complexIfEC1Eff' not declared in this scope
ptxas /tmp/ccx9ojIQ.o, line 130; fatal   : Call target not recognized
ptxas fatal   : Ptx assembly aborted due to errors
nvptx-as: ptxas returned 255 exit status
mkoffload: fatal error: x86_64-pc-linux-gnu-accel-nvptx-none-gcc returned 1 exit status
compilation terminated.
lto-wrapper: fatal error: /soft/packaging/spack-builds/linux-rhel7-x86_64/gcc-9.3.0/gcc-develop-42htf6epvpvtyxml575eslwb5u23pj2y/libexec/gcc/x86_64-pc-linux-gnu/10.0.0//accel/nvptx-none/mkoffload returned 1 exit status
compilation terminated.
/usr/bin/ld: error: lto-wrapper failed
collect2: error: ld returned 1 exit status
make: [target__teams_distribute_parallel_for__simd.exe] Error 1 (ignored)
timeout 45s g++ -fopenmp target_teams_distribute_simd.cpp -o target_teams_distribute_simd.exe
ptxas /tmp/cc8lUcKr.o, line 159; error   : Label expected for argument 0 of instruction 'call'
ptxas /tmp/cc8lUcKr.o, line 159; error   : Function '_ZNSt7complexIfEC1Eff' not declared in this scope
ptxas /tmp/cc8lUcKr.o, line 159; fatal   : Call target not recognized
ptxas fatal   : Ptx assembly aborted due to errors
nvptx-as: ptxas returned 255 exit status
mkoffload: fatal error: x86_64-pc-linux-gnu-accel-nvptx-none-gcc returned 1 exit status
compilation terminated.
lto-wrapper: fatal error: /soft/packaging/spack-builds/linux-rhel7-x86_64/gcc-9.3.0/gcc-develop-42htf6epvpvtyxml575eslwb5u23pj2y/libexec/gcc/x86_64-pc-linux-gnu/10.0.0//accel/nvptx-none/mkoffload returned 1 exit status
compilation terminated.
/usr/bin/ld: error: lto-wrapper failed
collect2: error: ld returned 1 exit status
make: [target_teams_distribute_simd.exe] Error 1 (ignored)
timeout 45s g++ -fopenmp target__teams__distribute__parallel__for.cpp -o target__teams__distribute__parallel__for.exe
ptxas /tmp/ccD71mBe.o, line 137; error   : Label expected for argument 0 of instruction 'call'
ptxas /tmp/ccD71mBe.o, line 137; error   : Function '_ZNSt7complexIfEC1Eff' not declared in this scope
ptxas /tmp/ccD71mBe.o, line 137; fatal   : Call target not recognized
ptxas fatal   : Ptx assembly aborted due to errors
nvptx-as: ptxas returned 255 exit status
mkoffload: fatal error: x86_64-pc-linux-gnu-accel-nvptx-none-gcc returned 1 exit status
compilation terminated.
lto-wrapper: fatal error: /soft/packaging/spack-builds/linux-rhel7-x86_64/gcc-9.3.0/gcc-develop-42htf6epvpvtyxml575eslwb5u23pj2y/libexec/gcc/x86_64-pc-linux-gnu/10.0.0//accel/nvptx-none/mkoffload returned 1 exit status
compilation terminated.
/usr/bin/ld: error: lto-wrapper failed
collect2: error: ld returned 1 exit status
make: [target__teams__distribute__parallel__for.exe] Error 1 (ignored)
timeout 45s g++ -fopenmp target__teams__parallel_for_simd.cpp -o target__teams__parallel_for_simd.exe
ptxas /tmp/cc1kq5OQ.o, line 118; error   : Label expected for argument 0 of instruction 'call'
ptxas /tmp/cc1kq5OQ.o, line 118; error   : Function '_ZNSt7complexIfEC1Eff' not declared in this scope
ptxas /tmp/cc1kq5OQ.o, line 118; fatal   : Call target not recognized
ptxas fatal   : Ptx assembly aborted due to errors
nvptx-as: ptxas returned 255 exit status
mkoffload: fatal error: x86_64-pc-linux-gnu-accel-nvptx-none-gcc returned 1 exit status
compilation terminated.
lto-wrapper: fatal error: /soft/packaging/spack-builds/linux-rhel7-x86_64/gcc-9.3.0/gcc-develop-42htf6epvpvtyxml575eslwb5u23pj2y/libexec/gcc/x86_64-pc-linux-gnu/10.0.0//accel/nvptx-none/mkoffload returned 1 exit status
compilation terminated.
/usr/bin/ld: error: lto-wrapper failed
collect2: error: ld returned 1 exit status
make: [target__teams__parallel_for_simd.exe] Error 1 (ignored)
timeout 45s g++ -fopenmp target__parallel__for__simd.cpp -o target__parallel__for__simd.exe
ptxas /tmp/ccGpazpw.o, line 199; error   : Label expected for argument 0 of instruction 'call'
ptxas /tmp/ccGpazpw.o, line 199; error   : Function '_ZNSt7complexIfEC1Eff' not declared in this scope
ptxas /tmp/ccGpazpw.o, line 199; fatal   : Call target not recognized
ptxas fatal   : Ptx assembly aborted due to errors
nvptx-as: ptxas returned 255 exit status
mkoffload: fatal error: x86_64-pc-linux-gnu-accel-nvptx-none-gcc returned 1 exit status
compilation terminated.
lto-wrapper: fatal error: /soft/packaging/spack-builds/linux-rhel7-x86_64/gcc-9.3.0/gcc-develop-42htf6epvpvtyxml575eslwb5u23pj2y/libexec/gcc/x86_64-pc-linux-gnu/10.0.0//accel/nvptx-none/mkoffload returned 1 exit status
compilation terminated.
/usr/bin/ld: error: lto-wrapper failed
collect2: error: ld returned 1 exit status
make: [target__parallel__for__simd.exe] Error 1 (ignored)
timeout 45s g++ -fopenmp target_teams__distribute__parallel_for__simd.cpp -o target_teams__distribute__parallel_for__simd.exe
ptxas /tmp/cc1q8vhj.o, line 135; error   : Label expected for argument 0 of instruction 'call'
ptxas /tmp/cc1q8vhj.o, line 135; error   : Function '_ZNSt7complexIfEC1Eff' not declared in this scope
ptxas /tmp/cc1q8vhj.o, line 135; fatal   : Call target not recognized
ptxas fatal   : Ptx assembly aborted due to errors
nvptx-as: ptxas returned 255 exit status
mkoffload: fatal error: x86_64-pc-linux-gnu-accel-nvptx-none-gcc returned 1 exit status
compilation terminated.
lto-wrapper: fatal error: /soft/packaging/spack-builds/linux-rhel7-x86_64/gcc-9.3.0/gcc-develop-42htf6epvpvtyxml575eslwb5u23pj2y/libexec/gcc/x86_64-pc-linux-gnu/10.0.0//accel/nvptx-none/mkoffload returned 1 exit status
compilation terminated.
/usr/bin/ld: error: lto-wrapper failed
collect2: error: ld returned 1 exit status
make: [target_teams__distribute__parallel_for__simd.exe] Error 1 (ignored)
